{"contracts/Gigastrat.sol":{"l":{"135":0,"140":2,"148":0,"162":0,"177":0,"192":0,"202":1,"226":0,"237":0,"274":0,"284":0,"310":0,"341":0,"375":0,"399":0,"594":58,"595":58,"596":58,"597":58,"598":58,"601":58,"602":58,"603":58,"604":58,"605":58,"606":58,"618":288,"619":282,"631":64,"632":64,"645":59,"646":59,"670":109,"682":109,"698":109,"707":1,"713":0,"714":0,"715":0,"716":0,"717":0,"722":0,"724":0,"727":0,"739":0,"755":0,"764":41,"765":41,"766":41,"767":41,"771":41,"772":41,"785":44,"786":43,"788":43,"789":43,"791":43,"792":43,"793":43,"796":43,"805":48,"806":47,"808":46,"810":46,"811":46,"813":46,"814":46,"816":46,"826":46,"828":46,"830":46,"832":46,"842":21,"843":21,"844":21,"845":20,"846":6,"848":14,"849":14,"851":14,"852":14,"854":14,"855":14,"857":14,"867":14,"868":14,"870":14,"871":14,"873":14,"875":14,"877":14,"881":13,"882":13,"883":12,"885":1,"886":1,"888":13,"889":13,"890":13,"903":1,"904":1,"905":0,"907":1,"908":1,"909":1,"912":1,"922":0,"926":0,"927":0,"929":0,"930":0,"932":0,"933":0,"934":0,"936":0,"940":0,"943":0,"945":0,"949":0,"950":0,"951":0,"954":0,"955":0,"958":0,"959":0,"960":0,"982":0,"983":0,"985":0,"987":0,"989":0,"991":0,"992":0,"994":0,"995":0,"997":0,"998":0,"1000":0,"1001":0,"1006":0,"1007":0,"1021":0,"1022":0,"1023":0,"1024":0,"1025":0,"1027":0,"1029":0,"1030":0,"1032":0,"1033":0,"1034":0,"1037":0,"1038":0,"1040":0,"1053":1,"1061":53,"1078":1,"1086":0,"1087":0,"1088":0,"1097":1,"1102":1},"path":"/workspaces/Spot/contracts/Gigastrat.sol","s":{"1":0,"2":0,"3":0,"4":0,"5":58,"6":288,"7":64,"8":64,"9":59,"10":109,"11":109,"12":109,"13":1,"14":0,"15":0,"16":0,"17":0,"18":0,"19":0,"20":0,"21":41,"22":41,"23":41,"24":41,"25":41,"26":41,"27":44,"28":43,"29":43,"30":43,"31":43,"32":48,"33":47,"34":46,"35":46,"36":46,"37":46,"38":46,"39":46,"40":46,"41":46,"42":46,"43":21,"44":21,"45":21,"46":20,"47":6,"48":14,"49":14,"50":14,"51":14,"52":14,"53":14,"54":14,"55":14,"56":14,"57":14,"58":14,"59":14,"60":14,"61":13,"62":13,"63":1,"64":1,"65":0,"66":1,"67":1,"68":0,"69":0,"70":0,"71":0,"72":0,"73":0,"74":0,"75":0,"76":0,"77":0,"78":0,"79":0,"80":0,"81":0,"82":0,"83":0,"84":0,"85":0,"86":0,"87":0,"88":0,"89":0,"90":0,"91":0,"92":0,"93":0,"94":0,"95":0,"96":0,"97":0,"98":0,"99":0,"100":0,"101":0,"102":0,"103":0,"104":0,"105":0,"106":1,"107":53,"108":1,"109":1,"110":1},"b":{"1":[282,6],"2":[59,1],"3":[0,59],"4":[109,1],"5":[0,1],"6":[44,1],"7":[43,1],"8":[43,0],"9":[48,1],"10":[47,1],"11":[46,1],"12":[46,0],"13":[21,1],"14":[21,0],"15":[20,1],"16":[6,14],"17":[14,0],"18":[14,0],"19":[13,1],"20":[12,1],"21":[1,0],"22":[0,1],"23":[0,1],"24":[0,0],"25":[0,0],"26":[0,0],"27":[0,0],"28":[0,0],"29":[0,0],"30":[0,0],"31":[0,0],"32":[0,0],"33":[0,0],"34":[0,0],"35":[0,0],"36":[0,0],"37":[0,0],"38":[1,1],"39":[0,0],"40":[0,0],"41":[0,0],"42":[0,0]},"f":{"1":0,"2":2,"3":0,"4":0,"5":0,"6":1,"7":0,"8":0,"9":0,"10":0,"11":0,"12":0,"13":58,"14":288,"15":64,"16":59,"17":109,"18":1,"19":41,"20":44,"21":48,"22":21,"23":1,"24":0,"25":0,"26":0,"27":1,"28":53,"29":1,"30":0,"31":1,"32":1},"fnMap":{"1":{"name":"decimals","line":134,"loc":{"start":{"line":134,"column":4},"end":{"line":136,"column":4}}},"2":{"name":"totalSupply","line":139,"loc":{"start":{"line":139,"column":4},"end":{"line":143,"column":4}}},"3":{"name":"balanceOf","line":147,"loc":{"start":{"line":147,"column":4},"end":{"line":153,"column":4}}},"4":{"name":"allowance","line":161,"loc":{"start":{"line":161,"column":4},"end":{"line":168,"column":4}}},"5":{"name":"approve","line":176,"loc":{"start":{"line":176,"column":4},"end":{"line":193,"column":4}}},"6":{"name":"transfer","line":201,"loc":{"start":{"line":201,"column":4},"end":{"line":227,"column":4}}},"7":{"name":"transferFrom","line":236,"loc":{"start":{"line":236,"column":4},"end":{"line":275,"column":4}}},"8":{"name":"_mint","line":283,"loc":{"start":{"line":283,"column":4},"end":{"line":301,"column":4}}},"9":{"name":"_burn","line":309,"loc":{"start":{"line":309,"column":4},"end":{"line":331,"column":4}}},"10":{"name":"_transfer","line":340,"loc":{"start":{"line":340,"column":4},"end":{"line":365,"column":4}}},"11":{"name":"_spendAllowance","line":374,"loc":{"start":{"line":374,"column":4},"end":{"line":389,"column":4}}},"12":{"name":"_approve","line":398,"loc":{"start":{"line":398,"column":4},"end":{"line":413,"column":4}}},"13":{"name":"constructor","line":587,"loc":{"start":{"line":587,"column":4},"end":{"line":607,"column":4}}},"14":{"name":"onlyRole","line":617,"loc":{"start":{"line":617,"column":4},"end":{"line":620,"column":4}}},"15":{"name":"getLatestPrice","line":630,"loc":{"start":{"line":630,"column":4},"end":{"line":633,"column":4}}},"16":{"name":"setRole","line":644,"loc":{"start":{"line":644,"column":4},"end":{"line":647,"column":4}}},"17":{"name":"startLoan","line":669,"loc":{"start":{"line":662,"column":4},"end":{"line":699,"column":4}}},"18":{"name":"openLoan","line":706,"loc":{"start":{"line":706,"column":4},"end":{"line":756,"column":4}}},"19":{"name":"fundLoan","line":763,"loc":{"start":{"line":763,"column":4},"end":{"line":773,"column":4}}},"20":{"name":"drawDownLoan","line":784,"loc":{"start":{"line":784,"column":4},"end":{"line":797,"column":4}}},"21":{"name":"buyETH","line":804,"loc":{"start":{"line":804,"column":4},"end":{"line":833,"column":4}}},"22":{"name":"repayLoanUSDC","line":841,"loc":{"start":{"line":841,"column":4},"end":{"line":892,"column":4}}},"23":{"name":"repayLoan","line":902,"loc":{"start":{"line":902,"column":4},"end":{"line":913,"column":4}}},"24":{"name":"fill","line":921,"loc":{"start":{"line":921,"column":4},"end":{"line":962,"column":4}}},"25":{"name":"swapIOUForMintTokens","line":981,"loc":{"start":{"line":981,"column":4},"end":{"line":1008,"column":4}}},"26":{"name":"burnForETH","line":1020,"loc":{"start":{"line":1020,"column":4},"end":{"line":1041,"column":4}}},"27":{"name":"getProfit","line":1052,"loc":{"start":{"line":1052,"column":4},"end":{"line":1054,"column":4}}},"28":{"name":"totalLoans","line":1060,"loc":{"start":{"line":1060,"column":4},"end":{"line":1062,"column":4}}},"29":{"name":"recover","line":1077,"loc":{"start":{"line":1077,"column":4},"end":{"line":1079,"column":4}}},"30":{"name":"setParams","line":1085,"loc":{"start":{"line":1081,"column":4},"end":{"line":1089,"column":4}}},"31":{"name":"name","line":1096,"loc":{"start":{"line":1096,"column":4},"end":{"line":1098,"column":4}}},"32":{"name":"symbol","line":1101,"loc":{"start":{"line":1101,"column":4},"end":{"line":1103,"column":4}}}},"statementMap":{"1":{"start":{"line":135,"column":8},"end":{"line":135,"column":17}},"2":{"start":{"line":192,"column":8},"end":{"line":192,"column":19}},"3":{"start":{"line":226,"column":8},"end":{"line":226,"column":19}},"4":{"start":{"line":274,"column":8},"end":{"line":274,"column":19}},"5":{"start":{"line":605,"column":8},"end":{"line":605,"column":70}},"6":{"start":{"line":618,"column":8},"end":{"line":618,"column":59}},"7":{"start":{"line":631,"column":8},"end":{"line":631,"column":61}},"8":{"start":{"line":632,"column":8},"end":{"line":632,"column":21}},"9":{"start":{"line":646,"column":8},"end":{"line":646,"column":45}},"10":{"start":{"line":670,"column":8},"end":{"line":670,"column":24036}},"11":{"start":{"line":682,"column":8},"end":{"line":682,"column":24317}},"12":{"start":{"line":698,"column":8},"end":{"line":698,"column":56}},"13":{"start":{"line":707,"column":8},"end":{"line":707,"column":25154}},"14":{"start":{"line":713,"column":8},"end":{"line":713,"column":25}},"15":{"start":{"line":714,"column":8},"end":{"line":714,"column":35}},"16":{"start":{"line":715,"column":8},"end":{"line":715,"column":34}},"17":{"start":{"line":716,"column":8},"end":{"line":716,"column":47}},"18":{"start":{"line":727,"column":8},"end":{"line":727,"column":25861}},"19":{"start":{"line":739,"column":8},"end":{"line":739,"column":26132}},"20":{"start":{"line":755,"column":8},"end":{"line":755,"column":56}},"21":{"start":{"line":764,"column":8},"end":{"line":764,"column":72}},"22":{"start":{"line":765,"column":8},"end":{"line":765,"column":70}},"23":{"start":{"line":766,"column":8},"end":{"line":766,"column":66}},"24":{"start":{"line":767,"column":8},"end":{"line":767,"column":27157}},"25":{"start":{"line":771,"column":8},"end":{"line":771,"column":43}},"26":{"start":{"line":772,"column":8},"end":{"line":772,"column":37}},"27":{"start":{"line":785,"column":8},"end":{"line":785,"column":62}},"28":{"start":{"line":786,"column":8},"end":{"line":786,"column":46}},"29":{"start":{"line":788,"column":8},"end":{"line":788,"column":52}},"30":{"start":{"line":791,"column":8},"end":{"line":791,"column":28055}},"31":{"start":{"line":796,"column":8},"end":{"line":796,"column":58}},"32":{"start":{"line":805,"column":8},"end":{"line":805,"column":62}},"33":{"start":{"line":806,"column":8},"end":{"line":806,"column":57}},"34":{"start":{"line":808,"column":8},"end":{"line":808,"column":65}},"35":{"start":{"line":810,"column":8},"end":{"line":810,"column":45}},"36":{"start":{"line":811,"column":8},"end":{"line":811,"column":55}},"37":{"start":{"line":813,"column":8},"end":{"line":813,"column":72}},"38":{"start":{"line":814,"column":8},"end":{"line":814,"column":68}},"39":{"start":{"line":816,"column":8},"end":{"line":816,"column":28975}},"40":{"start":{"line":826,"column":8},"end":{"line":826,"column":66}},"41":{"start":{"line":828,"column":8},"end":{"line":828,"column":48}},"42":{"start":{"line":832,"column":8},"end":{"line":832,"column":59}},"43":{"start":{"line":842,"column":8},"end":{"line":842,"column":62}},"44":{"start":{"line":843,"column":8},"end":{"line":843,"column":46}},"45":{"start":{"line":844,"column":8},"end":{"line":844,"column":51}},"46":{"start":{"line":845,"column":8},"end":{"line":845,"column":30123}},"47":{"start":{"line":846,"column":12},"end":{"line":846,"column":18}},"48":{"start":{"line":848,"column":8},"end":{"line":848,"column":45}},"49":{"start":{"line":849,"column":8},"end":{"line":849,"column":60}},"50":{"start":{"line":851,"column":8},"end":{"line":851,"column":77}},"51":{"start":{"line":852,"column":8},"end":{"line":852,"column":75}},"52":{"start":{"line":854,"column":8},"end":{"line":854,"column":55}},"53":{"start":{"line":855,"column":8},"end":{"line":855,"column":67}},"54":{"start":{"line":857,"column":8},"end":{"line":857,"column":30613}},"55":{"start":{"line":867,"column":8},"end":{"line":867,"column":66}},"56":{"start":{"line":868,"column":8},"end":{"line":868,"column":65}},"57":{"start":{"line":870,"column":8},"end":{"line":870,"column":62}},"58":{"start":{"line":871,"column":8},"end":{"line":871,"column":59}},"59":{"start":{"line":873,"column":8},"end":{"line":873,"column":48}},"60":{"start":{"line":877,"column":8},"end":{"line":877,"column":31314}},"61":{"start":{"line":882,"column":12},"end":{"line":882,"column":31488}},"62":{"start":{"line":890,"column":12},"end":{"line":890,"column":57}},"63":{"start":{"line":903,"column":8},"end":{"line":903,"column":73}},"64":{"start":{"line":904,"column":8},"end":{"line":904,"column":32370}},"65":{"start":{"line":905,"column":12},"end":{"line":905,"column":18}},"66":{"start":{"line":908,"column":8},"end":{"line":908,"column":87}},"67":{"start":{"line":912,"column":8},"end":{"line":912,"column":44}},"68":{"start":{"line":922,"column":8},"end":{"line":922,"column":33257}},"69":{"start":{"line":926,"column":8},"end":{"line":926,"column":33399}},"70":{"start":{"line":927,"column":12},"end":{"line":927,"column":18}},"71":{"start":{"line":929,"column":8},"end":{"line":929,"column":73}},"72":{"start":{"line":932,"column":8},"end":{"line":932,"column":72}},"73":{"start":{"line":933,"column":8},"end":{"line":933,"column":70}},"74":{"start":{"line":934,"column":8},"end":{"line":934,"column":67}},"75":{"start":{"line":936,"column":8},"end":{"line":936,"column":33845}},"76":{"start":{"line":943,"column":8},"end":{"line":943,"column":42}},"77":{"start":{"line":945,"column":8},"end":{"line":945,"column":34160}},"78":{"start":{"line":950,"column":12},"end":{"line":950,"column":34390}},"79":{"start":{"line":960,"column":12},"end":{"line":960,"column":71}},"80":{"start":{"line":982,"column":8},"end":{"line":982,"column":62}},"81":{"start":{"line":983,"column":8},"end":{"line":983,"column":55}},"82":{"start":{"line":985,"column":8},"end":{"line":985,"column":46}},"83":{"start":{"line":987,"column":8},"end":{"line":987,"column":80}},"84":{"start":{"line":989,"column":8},"end":{"line":989,"column":74}},"85":{"start":{"line":991,"column":8},"end":{"line":991,"column":36}},"86":{"start":{"line":992,"column":8},"end":{"line":992,"column":36197}},"87":{"start":{"line":992,"column":29},"end":{"line":992,"column":62}},"88":{"start":{"line":994,"column":12},"end":{"line":994,"column":60}},"89":{"start":{"line":995,"column":12},"end":{"line":995,"column":57}},"90":{"start":{"line":997,"column":8},"end":{"line":997,"column":103}},"91":{"start":{"line":1000,"column":8},"end":{"line":1000,"column":51}},"92":{"start":{"line":1001,"column":8},"end":{"line":1001,"column":36623}},"93":{"start":{"line":1007,"column":8},"end":{"line":1007,"column":85}},"94":{"start":{"line":1021,"column":8},"end":{"line":1021,"column":66}},"95":{"start":{"line":1022,"column":8},"end":{"line":1022,"column":79}},"96":{"start":{"line":1023,"column":8},"end":{"line":1023,"column":47}},"97":{"start":{"line":1024,"column":8},"end":{"line":1024,"column":80}},"98":{"start":{"line":1025,"column":8},"end":{"line":1025,"column":51}},"99":{"start":{"line":1027,"column":8},"end":{"line":1027,"column":40}},"100":{"start":{"line":1029,"column":8},"end":{"line":1029,"column":79}},"101":{"start":{"line":1032,"column":8},"end":{"line":1032,"column":48}},"102":{"start":{"line":1033,"column":8},"end":{"line":1033,"column":38023}},"103":{"start":{"line":1037,"column":8},"end":{"line":1037,"column":64}},"104":{"start":{"line":1038,"column":8},"end":{"line":1038,"column":46}},"105":{"start":{"line":1040,"column":8},"end":{"line":1040,"column":64}},"106":{"start":{"line":1053,"column":8},"end":{"line":1053,"column":52}},"107":{"start":{"line":1061,"column":8},"end":{"line":1061,"column":27}},"108":{"start":{"line":1078,"column":8},"end":{"line":1078,"column":35}},"109":{"start":{"line":1097,"column":8},"end":{"line":1097,"column":26}},"110":{"start":{"line":1102,"column":8},"end":{"line":1102,"column":19}}},"branchMap":{"1":{"line":618,"type":"if","locations":[{"start":{"line":618,"column":8},"end":{"line":618,"column":8}},{"start":{"line":618,"column":8},"end":{"line":618,"column":8}}]},"2":{"line":644,"type":"if","locations":[{"start":{"line":644,"column":63},"end":{"line":644,"column":63}},{"start":{"line":644,"column":63},"end":{"line":644,"column":63}}]},"3":{"line":646,"type":"if","locations":[{"start":{"line":646,"column":8},"end":{"line":646,"column":8}},{"start":{"line":646,"column":8},"end":{"line":646,"column":8}}]},"4":{"line":669,"type":"if","locations":[{"start":{"line":669,"column":13},"end":{"line":669,"column":13}},{"start":{"line":669,"column":13},"end":{"line":669,"column":13}}]},"5":{"line":707,"type":"if","locations":[{"start":{"line":707,"column":8},"end":{"line":707,"column":8}},{"start":{"line":707,"column":8},"end":{"line":707,"column":8}}]},"6":{"line":784,"type":"if","locations":[{"start":{"line":784,"column":68},"end":{"line":784,"column":68}},{"start":{"line":784,"column":68},"end":{"line":784,"column":68}}]},"7":{"line":785,"type":"if","locations":[{"start":{"line":785,"column":8},"end":{"line":785,"column":8}},{"start":{"line":785,"column":8},"end":{"line":785,"column":8}}]},"8":{"line":791,"type":"if","locations":[{"start":{"line":791,"column":8},"end":{"line":791,"column":8}},{"start":{"line":791,"column":8},"end":{"line":791,"column":8}}]},"9":{"line":804,"type":"if","locations":[{"start":{"line":804,"column":66},"end":{"line":804,"column":66}},{"start":{"line":804,"column":66},"end":{"line":804,"column":66}}]},"10":{"line":805,"type":"if","locations":[{"start":{"line":805,"column":8},"end":{"line":805,"column":8}},{"start":{"line":805,"column":8},"end":{"line":805,"column":8}}]},"11":{"line":806,"type":"if","locations":[{"start":{"line":806,"column":8},"end":{"line":806,"column":8}},{"start":{"line":806,"column":8},"end":{"line":806,"column":8}}]},"12":{"line":811,"type":"if","locations":[{"start":{"line":811,"column":8},"end":{"line":811,"column":8}},{"start":{"line":811,"column":8},"end":{"line":811,"column":8}}]},"13":{"line":841,"type":"if","locations":[{"start":{"line":841,"column":73},"end":{"line":841,"column":73}},{"start":{"line":841,"column":73},"end":{"line":841,"column":73}}]},"14":{"line":842,"type":"if","locations":[{"start":{"line":842,"column":8},"end":{"line":842,"column":8}},{"start":{"line":842,"column":8},"end":{"line":842,"column":8}}]},"15":{"line":844,"type":"if","locations":[{"start":{"line":844,"column":8},"end":{"line":844,"column":8}},{"start":{"line":844,"column":8},"end":{"line":844,"column":8}}]},"16":{"line":845,"type":"if","locations":[{"start":{"line":845,"column":8},"end":{"line":845,"column":8}},{"start":{"line":845,"column":8},"end":{"line":845,"column":8}}]},"17":{"line":849,"type":"if","locations":[{"start":{"line":849,"column":8},"end":{"line":849,"column":8}},{"start":{"line":849,"column":8},"end":{"line":849,"column":8}}]},"18":{"line":868,"type":"if","locations":[{"start":{"line":868,"column":8},"end":{"line":868,"column":8}},{"start":{"line":868,"column":8},"end":{"line":868,"column":8}}]},"19":{"line":877,"type":"if","locations":[{"start":{"line":877,"column":8},"end":{"line":877,"column":8}},{"start":{"line":877,"column":8},"end":{"line":877,"column":8}}]},"20":{"line":882,"type":"if","locations":[{"start":{"line":882,"column":12},"end":{"line":882,"column":12}},{"start":{"line":882,"column":12},"end":{"line":882,"column":12}}]},"21":{"line":903,"type":"if","locations":[{"start":{"line":903,"column":8},"end":{"line":903,"column":8}},{"start":{"line":903,"column":8},"end":{"line":903,"column":8}}]},"22":{"line":904,"type":"if","locations":[{"start":{"line":904,"column":8},"end":{"line":904,"column":8}},{"start":{"line":904,"column":8},"end":{"line":904,"column":8}}]},"23":{"line":910,"type":"if","locations":[{"start":{"line":910,"column":14},"end":{"line":910,"column":67}},{"start":{"line":911,"column":14},"end":{"line":911,"column":19}}]},"24":{"line":922,"type":"if","locations":[{"start":{"line":922,"column":8},"end":{"line":922,"column":8}},{"start":{"line":922,"column":8},"end":{"line":922,"column":8}}]},"25":{"line":926,"type":"if","locations":[{"start":{"line":926,"column":8},"end":{"line":926,"column":8}},{"start":{"line":926,"column":8},"end":{"line":926,"column":8}}]},"26":{"line":929,"type":"if","locations":[{"start":{"line":929,"column":8},"end":{"line":929,"column":8}},{"start":{"line":929,"column":8},"end":{"line":929,"column":8}}]},"27":{"line":945,"type":"if","locations":[{"start":{"line":945,"column":8},"end":{"line":945,"column":8}},{"start":{"line":945,"column":8},"end":{"line":945,"column":8}}]},"28":{"line":950,"type":"if","locations":[{"start":{"line":950,"column":12},"end":{"line":950,"column":12}},{"start":{"line":950,"column":12},"end":{"line":950,"column":12}}]},"29":{"line":982,"type":"if","locations":[{"start":{"line":982,"column":8},"end":{"line":982,"column":8}},{"start":{"line":982,"column":8},"end":{"line":982,"column":8}}]},"30":{"line":983,"type":"if","locations":[{"start":{"line":983,"column":8},"end":{"line":983,"column":8}},{"start":{"line":983,"column":8},"end":{"line":983,"column":8}}]},"31":{"line":992,"type":"if","locations":[{"start":{"line":992,"column":8},"end":{"line":992,"column":8}},{"start":{"line":992,"column":8},"end":{"line":992,"column":8}}]},"32":{"line":1021,"type":"if","locations":[{"start":{"line":1021,"column":8},"end":{"line":1021,"column":8}},{"start":{"line":1021,"column":8},"end":{"line":1021,"column":8}}]},"33":{"line":1022,"type":"if","locations":[{"start":{"line":1022,"column":8},"end":{"line":1022,"column":8}},{"start":{"line":1022,"column":8},"end":{"line":1022,"column":8}}]},"34":{"line":1025,"type":"if","locations":[{"start":{"line":1025,"column":8},"end":{"line":1025,"column":8}},{"start":{"line":1025,"column":8},"end":{"line":1025,"column":8}}]},"35":{"line":1029,"type":"if","locations":[{"start":{"line":1029,"column":56},"end":{"line":1029,"column":64}},{"start":{"line":1029,"column":68},"end":{"line":1029,"column":78}}]},"36":{"line":1033,"type":"if","locations":[{"start":{"line":1033,"column":8},"end":{"line":1033,"column":8}},{"start":{"line":1033,"column":8},"end":{"line":1033,"column":8}}]},"37":{"line":1038,"type":"if","locations":[{"start":{"line":1038,"column":8},"end":{"line":1038,"column":8}},{"start":{"line":1038,"column":8},"end":{"line":1038,"column":8}}]},"38":{"line":1077,"type":"if","locations":[{"start":{"line":1077,"column":77},"end":{"line":1077,"column":77}},{"start":{"line":1077,"column":77},"end":{"line":1077,"column":77}}]},"39":{"line":1085,"type":"if","locations":[{"start":{"line":1085,"column":15},"end":{"line":1085,"column":15}},{"start":{"line":1085,"column":15},"end":{"line":1085,"column":15}}]},"40":{"line":1086,"type":"if","locations":[{"start":{"line":1086,"column":30},"end":{"line":1086,"column":36}},{"start":{"line":1086,"column":40},"end":{"line":1086,"column":41}}]},"41":{"line":1087,"type":"if","locations":[{"start":{"line":1087,"column":35},"end":{"line":1087,"column":44}},{"start":{"line":1087,"column":48},"end":{"line":1087,"column":48}}]},"42":{"line":1088,"type":"if","locations":[{"start":{"line":1088,"column":56},"end":{"line":1088,"column":74}},{"start":{"line":1088,"column":78},"end":{"line":1088,"column":79}}]}}},"contracts/IOU.sol":{"l":{"82":0,"83":163,"87":163,"91":560,"95":0,"178":102,"180":167,"181":166,"182":165,"183":164,"185":163,"186":163,"187":163,"188":163,"189":163,"190":163,"191":163,"193":163,"194":163,"197":163,"198":163,"201":163,"208":163,"211":1,"221":1,"222":78,"224":77,"225":76,"228":75,"231":76,"233":76,"236":76,"244":0,"245":63,"247":63,"248":61,"250":62,"253":62,"263":62,"266":23,"267":22,"268":22,"271":22,"274":22,"277":22,"278":22,"281":22,"283":22,"284":22,"287":22,"288":22,"289":2,"293":21,"294":22,"296":20,"299":20,"300":1,"301":1,"303":0,"307":1,"308":19,"309":19,"311":15,"316":19,"317":22,"318":22,"322":15,"326":0,"328":3,"329":2,"332":1,"342":2,"343":3,"344":3,"346":3,"347":3,"350":3,"352":2,"355":2,"358":2,"359":1,"360":1,"362":1,"371":1,"372":172,"373":172,"375":75,"378":97,"385":97,"386":166,"387":166,"390":2,"397":166,"398":121,"400":45,"401":121,"403":117,"415":121,"416":4,"418":3,"419":2,"420":2,"423":1,"424":1,"426":1,"429":1,"430":1,"433":1,"436":1,"438":1,"445":1,"446":25,"448":0,"449":25,"450":25,"454":0,"455":25,"457":25,"460":2,"464":23,"465":25,"466":1,"470":1,"473":24,"474":24,"484":24,"493":1,"501":100,"502":6,"503":6,"506":0,"507":6,"508":6,"510":0,"513":6,"516":6,"523":6,"525":51,"526":51,"527":51,"529":0,"533":51,"536":51,"543":51,"544":67,"606":0,"623":101,"626":164,"627":163,"630":163,"643":163,"644":163,"647":163,"649":163,"657":163,"658":76,"660":76,"662":76,"663":76,"664":9,"667":0,"678":76,"679":1,"681":1,"682":1,"683":1,"685":1,"686":1,"687":1,"688":1,"689":1,"690":1,"691":1,"692":1,"693":1,"694":1,"695":1,"696":1,"697":1,"698":1,"699":1,"702":1,"705":1,"706":1,"708":1,"709":1,"710":0,"711":0,"714":0,"715":1,"717":1,"719":1,"721":0,"722":1,"724":1,"727":1,"728":1,"730":1,"735":1,"736":0,"739":1,"740":1,"741":1,"742":1,"747":0,"749":1,"757":1,"761":2,"762":1,"763":1,"765":1,"772":1,"779":1},"path":"/workspaces/Spot/contracts/IOU.sol","s":{"1":163,"2":560,"3":167,"4":166,"5":165,"6":164,"7":163,"8":1,"9":1,"10":78,"11":77,"12":76,"13":76,"14":1,"15":76,"16":76,"17":63,"18":63,"19":62,"20":62,"21":62,"22":23,"23":22,"24":22,"25":0,"26":22,"27":22,"28":22,"29":0,"30":22,"31":22,"32":22,"33":1,"34":20,"35":1,"36":1,"37":19,"38":19,"39":2,"40":22,"41":15,"42":3,"43":2,"44":1,"45":3,"46":3,"47":3,"48":3,"49":3,"50":2,"51":2,"52":1,"53":1,"54":172,"55":172,"56":75,"57":97,"58":97,"59":166,"60":166,"61":2,"62":121,"63":45,"64":76,"65":117,"66":4,"67":4,"68":3,"69":2,"70":2,"71":1,"72":1,"73":1,"74":1,"75":1,"76":1,"77":1,"78":25,"79":0,"80":25,"81":25,"82":0,"83":25,"84":25,"85":23,"86":1,"87":24,"88":1,"89":100,"90":100,"91":0,"92":6,"93":6,"94":0,"95":6,"96":6,"97":6,"98":6,"99":51,"100":51,"101":51,"102":51,"103":51,"104":67,"105":164,"106":163,"107":163,"108":163,"109":163,"110":163,"111":76,"112":76,"113":76,"114":76,"115":76,"116":0,"117":9,"118":1,"119":1,"120":1,"121":1,"122":1,"123":1,"124":1,"125":1,"126":1,"127":0,"128":1,"129":1,"130":2,"131":1,"132":1,"133":1,"134":1,"135":1},"b":{"1":[163,0],"2":[167,0],"3":[166,0],"4":[165,0],"5":[164,0],"6":[163,0],"7":[78,0],"8":[77,0],"9":[76,76],"10":[0,0],"11":[63,0],"12":[62,62],"13":[62,-61],"14":[23,0],"15":[22,22],"16":[22,22],"17":[22,19],"18":[21,21],"19":[22,4],"20":[20,1],"21":[1,0],"22":[19,15],"23":[22,15],"24":[0,0],"25":[3,0],"26":[2,1],"27":[1,0],"28":[3,0],"29":[3,0],"30":[1,0],"31":[172,75],"32":[166,2],"33":[121,45],"34":[121,117],"35":[4,0],"36":[3,0],"37":[2,1],"38":[1,0],"39":[1,0],"40":[25,0],"41":[25,0],"42":[25,2],"43":[25,1],"44":[100,0],"45":[6,0],"46":[6,0],"47":[51,0],"48":[67,0],"49":[164,0],"50":[76,0],"51":[9,0],"52":[1,0],"53":[1,1]},"f":{"1":0,"2":163,"3":560,"4":0,"5":0,"6":163,"7":1,"8":1,"9":0,"10":62,"11":0,"12":1,"13":2,"14":1,"15":97,"16":164,"17":121,"18":1,"19":24,"20":1,"21":100,"22":6,"23":51,"24":0,"25":101,"26":163,"27":76,"28":1,"29":2,"30":1,"31":1},"fnMap":{"1":{"name":"constructor","line":81,"loc":{"start":{"line":81,"column":4},"end":{"line":84,"column":4}}},"2":{"name":null,"line":86,"loc":{"start":{"line":86,"column":4},"end":{"line":88,"column":4}}},"3":{"name":"_delegate","line":94,"loc":{"start":{"line":94,"column":4},"end":{"line":104,"column":4}}},"4":{"name":"constructor","line":158,"loc":{"start":{"line":158,"column":4},"end":{"line":160,"column":4}}},"5":{"name":"setup","line":165,"loc":{"start":{"line":165,"column":4},"end":{"line":202,"column":4}}},"6":{"name":"name","line":207,"loc":{"start":{"line":207,"column":4},"end":{"line":209,"column":4}}},"7":{"name":"symbol","line":210,"loc":{"start":{"line":210,"column":4},"end":{"line":212,"column":4}}},"8":{"name":"fundLoan","line":220,"loc":{"start":{"line":220,"column":4},"end":{"line":237,"column":4}}},"9":{"name":"drawDown","line":242,"loc":{"start":{"line":242,"column":4},"end":{"line":254,"column":4}}},"10":{"name":"repayLoan","line":262,"loc":{"start":{"line":262,"column":8},"end":{"line":323,"column":8}}},"11":{"name":"updateGoal","line":325,"loc":{"start":{"line":325,"column":4},"end":{"line":333,"column":4}}},"12":{"name":"unfundLoan","line":341,"loc":{"start":{"line":341,"column":4},"end":{"line":356,"column":4}}},"13":{"name":"drop","line":357,"loc":{"start":{"line":357,"column":0},"end":{"line":363,"column":4}}},"14":{"name":"interestClaimable","line":370,"loc":{"start":{"line":370,"column":4},"end":{"line":379,"column":4}}},"15":{"name":"claimInterest","line":384,"loc":{"start":{"line":384,"column":4},"end":{"line":391,"column":4}}},"16":{"name":"_beforeTokenTransfer","line":396,"loc":{"start":{"line":396,"column":4},"end":{"line":404,"column":4}}},"17":{"name":"redeemIOUs","line":414,"loc":{"start":{"line":414,"column":4},"end":{"line":439,"column":4}}},"18":{"name":"_accrueInterest","line":444,"loc":{"start":{"line":444,"column":4},"end":{"line":475,"column":4}}},"19":{"name":"_totalRepayments","line":483,"loc":{"start":{"line":483,"column":4},"end":{"line":485,"column":4}}},"20":{"name":"_totalPrincipalRepaid","line":491,"loc":{"start":{"line":491,"column":4},"end":{"line":495,"column":4}}},"21":{"name":"viewAccruedInterest","line":500,"loc":{"start":{"line":500,"column":4},"end":{"line":517,"column":4}}},"22":{"name":"totalOwed","line":522,"loc":{"start":{"line":522,"column":4},"end":{"line":537,"column":4}}},"23":{"name":"onlyBorrower","line":542,"loc":{"start":{"line":542,"column":4},"end":{"line":545,"column":4}}},"24":{"name":"constructor","line":605,"loc":{"start":{"line":605,"column":4},"end":{"line":607,"column":4}}},"25":{"name":"deployLoan","line":612,"loc":{"start":{"line":612,"column":4},"end":{"line":650,"column":4}}},"26":{"name":"newLoan","line":656,"loc":{"start":{"line":656,"column":4},"end":{"line":668,"column":4}}},"27":{"name":"getSpotInfo","line":673,"loc":{"start":{"line":673,"column":4},"end":{"line":751,"column":4}}},"28":{"name":"getAllLoans","line":756,"loc":{"start":{"line":756,"column":4},"end":{"line":758,"column":4}}},"29":{"name":"getLoans","line":760,"loc":{"start":{"line":760,"column":4},"end":{"line":766,"column":4}}},"30":{"name":"getUserIOUs","line":771,"loc":{"start":{"line":771,"column":4},"end":{"line":773,"column":4}}},"31":{"name":"getUserLoans","line":778,"loc":{"start":{"line":778,"column":4},"end":{"line":780,"column":4}}}},"statementMap":{"1":{"start":{"line":82,"column":8},"end":{"line":82,"column":79}},"2":{"start":{"line":87,"column":8},"end":{"line":87,"column":32}},"3":{"start":{"line":178,"column":8},"end":{"line":178,"column":65}},"4":{"start":{"line":180,"column":8},"end":{"line":180,"column":58}},"5":{"start":{"line":181,"column":8},"end":{"line":181,"column":56}},"6":{"start":{"line":182,"column":8},"end":{"line":182,"column":54}},"7":{"start":{"line":183,"column":8},"end":{"line":183,"column":61}},"8":{"start":{"line":208,"column":8},"end":{"line":208,"column":20}},"9":{"start":{"line":211,"column":8},"end":{"line":211,"column":22}},"10":{"start":{"line":221,"column":8},"end":{"line":221,"column":42}},"11":{"start":{"line":222,"column":8},"end":{"line":222,"column":59}},"12":{"start":{"line":224,"column":8},"end":{"line":224,"column":50}},"13":{"start":{"line":225,"column":8},"end":{"line":225,"column":73}},"14":{"start":{"line":228,"column":8},"end":{"line":228,"column":75}},"15":{"start":{"line":231,"column":8},"end":{"line":231,"column":56}},"16":{"start":{"line":236,"column":8},"end":{"line":236,"column":44}},"17":{"start":{"line":244,"column":8},"end":{"line":244,"column":56}},"18":{"start":{"line":245,"column":8},"end":{"line":245,"column":51}},"19":{"start":{"line":247,"column":8},"end":{"line":247,"column":98}},"20":{"start":{"line":248,"column":8},"end":{"line":248,"column":50}},"21":{"start":{"line":253,"column":8},"end":{"line":253,"column":51}},"22":{"start":{"line":263,"column":12},"end":{"line":263,"column":51}},"23":{"start":{"line":266,"column":12},"end":{"line":266,"column":27}},"24":{"start":{"line":267,"column":12},"end":{"line":267,"column":9181}},"25":{"start":{"line":271,"column":12},"end":{"line":271,"column":28}},"26":{"start":{"line":274,"column":12},"end":{"line":274,"column":72}},"27":{"start":{"line":277,"column":12},"end":{"line":277,"column":9473}},"28":{"start":{"line":278,"column":16},"end":{"line":278,"column":54}},"29":{"start":{"line":281,"column":12},"end":{"line":281,"column":38}},"30":{"start":{"line":283,"column":12},"end":{"line":283,"column":39}},"31":{"start":{"line":284,"column":12},"end":{"line":284,"column":40}},"32":{"start":{"line":287,"column":12},"end":{"line":287,"column":9739}},"33":{"start":{"line":293,"column":12},"end":{"line":293,"column":9957}},"34":{"start":{"line":296,"column":16},"end":{"line":296,"column":10065}},"35":{"start":{"line":299,"column":20},"end":{"line":299,"column":65}},"36":{"start":{"line":300,"column":20},"end":{"line":300,"column":10305}},"37":{"start":{"line":307,"column":20},"end":{"line":307,"column":91}},"38":{"start":{"line":308,"column":20},"end":{"line":308,"column":10819}},"39":{"start":{"line":316,"column":12},"end":{"line":316,"column":74}},"40":{"start":{"line":317,"column":12},"end":{"line":317,"column":11197}},"41":{"start":{"line":318,"column":16},"end":{"line":318,"column":71}},"42":{"start":{"line":326,"column":8},"end":{"line":326,"column":11476}},"43":{"start":{"line":328,"column":12},"end":{"line":328,"column":11575}},"44":{"start":{"line":329,"column":16},"end":{"line":329,"column":80}},"45":{"start":{"line":342,"column":8},"end":{"line":342,"column":41}},"46":{"start":{"line":343,"column":0},"end":{"line":343,"column":16}},"47":{"start":{"line":344,"column":0},"end":{"line":344,"column":24}},"48":{"start":{"line":346,"column":8},"end":{"line":346,"column":54}},"49":{"start":{"line":347,"column":8},"end":{"line":347,"column":68}},"50":{"start":{"line":350,"column":8},"end":{"line":350,"column":49}},"51":{"start":{"line":355,"column":8},"end":{"line":355,"column":49}},"52":{"start":{"line":358,"column":8},"end":{"line":358,"column":41}},"53":{"start":{"line":362,"column":8},"end":{"line":362,"column":32}},"54":{"start":{"line":371,"column":8},"end":{"line":371,"column":38}},"55":{"start":{"line":372,"column":8},"end":{"line":372,"column":12925}},"56":{"start":{"line":373,"column":12},"end":{"line":373,"column":20}},"57":{"start":{"line":375,"column":8},"end":{"line":375,"column":13022}},"58":{"start":{"line":378,"column":8},"end":{"line":378,"column":34}},"59":{"start":{"line":385,"column":8},"end":{"line":385,"column":51}},"60":{"start":{"line":386,"column":8},"end":{"line":386,"column":13427}},"61":{"start":{"line":387,"column":12},"end":{"line":387,"column":50}},"62":{"start":{"line":397,"column":8},"end":{"line":397,"column":13803}},"63":{"start":{"line":398,"column":12},"end":{"line":398,"column":30}},"64":{"start":{"line":400,"column":8},"end":{"line":400,"column":13880}},"65":{"start":{"line":401,"column":12},"end":{"line":401,"column":28}},"66":{"start":{"line":403,"column":8},"end":{"line":403,"column":51}},"67":{"start":{"line":415,"column":8},"end":{"line":415,"column":44}},"68":{"start":{"line":416,"column":8},"end":{"line":416,"column":71}},"69":{"start":{"line":418,"column":8},"end":{"line":418,"column":34}},"70":{"start":{"line":419,"column":8},"end":{"line":419,"column":14615}},"71":{"start":{"line":420,"column":12},"end":{"line":420,"column":47}},"72":{"start":{"line":423,"column":12},"end":{"line":423,"column":58}},"73":{"start":{"line":426,"column":8},"end":{"line":426,"column":64}},"74":{"start":{"line":429,"column":8},"end":{"line":429,"column":85}},"75":{"start":{"line":430,"column":8},"end":{"line":430,"column":56}},"76":{"start":{"line":433,"column":8},"end":{"line":433,"column":35}},"77":{"start":{"line":436,"column":8},"end":{"line":436,"column":61}},"78":{"start":{"line":445,"column":8},"end":{"line":445,"column":15511}},"79":{"start":{"line":446,"column":12},"end":{"line":446,"column":18}},"80":{"start":{"line":448,"column":8},"end":{"line":448,"column":68}},"81":{"start":{"line":449,"column":8},"end":{"line":449,"column":15666}},"82":{"start":{"line":450,"column":12},"end":{"line":450,"column":18}},"83":{"start":{"line":454,"column":8},"end":{"line":454,"column":36}},"84":{"start":{"line":455,"column":8},"end":{"line":455,"column":15843}},"85":{"start":{"line":464,"column":8},"end":{"line":464,"column":16211}},"86":{"start":{"line":466,"column":12},"end":{"line":466,"column":18}},"87":{"start":{"line":470,"column":8},"end":{"line":470,"column":16425}},"88":{"start":{"line":484,"column":8},"end":{"line":484,"column":46}},"89":{"start":{"line":493,"column":8},"end":{"line":493,"column":17132}},"90":{"start":{"line":493,"column":20},"end":{"line":493,"column":55}},"91":{"start":{"line":494,"column":13},"end":{"line":494,"column":30}},"92":{"start":{"line":501,"column":8},"end":{"line":501,"column":68}},"93":{"start":{"line":502,"column":8},"end":{"line":502,"column":17440}},"94":{"start":{"line":503,"column":12},"end":{"line":503,"column":34}},"95":{"start":{"line":506,"column":8},"end":{"line":506,"column":36}},"96":{"start":{"line":507,"column":8},"end":{"line":507,"column":17557}},"97":{"start":{"line":513,"column":8},"end":{"line":513,"column":17771}},"98":{"start":{"line":516,"column":8},"end":{"line":516,"column":38}},"99":{"start":{"line":523,"column":8},"end":{"line":523,"column":68}},"100":{"start":{"line":525,"column":8},"end":{"line":525,"column":36}},"101":{"start":{"line":526,"column":8},"end":{"line":526,"column":18170}},"102":{"start":{"line":533,"column":8},"end":{"line":533,"column":18410}},"103":{"start":{"line":536,"column":8},"end":{"line":536,"column":61}},"104":{"start":{"line":543,"column":8},"end":{"line":543,"column":54}},"105":{"start":{"line":623,"column":8},"end":{"line":623,"column":67}},"106":{"start":{"line":626,"column":8},"end":{"line":626,"column":63}},"107":{"start":{"line":630,"column":8},"end":{"line":630,"column":21325}},"108":{"start":{"line":643,"column":8},"end":{"line":643,"column":33}},"109":{"start":{"line":647,"column":8},"end":{"line":647,"column":44}},"110":{"start":{"line":649,"column":8},"end":{"line":649,"column":72}},"111":{"start":{"line":657,"column":8},"end":{"line":657,"column":34}},"112":{"start":{"line":658,"column":8},"end":{"line":658,"column":45}},"113":{"start":{"line":660,"column":8},"end":{"line":660,"column":47}},"114":{"start":{"line":662,"column":8},"end":{"line":662,"column":22229}},"115":{"start":{"line":663,"column":12},"end":{"line":663,"column":22288}},"116":{"start":{"line":664,"column":16},"end":{"line":664,"column":22}},"117":{"start":{"line":667,"column":8},"end":{"line":667,"column":22}},"118":{"start":{"line":678,"column":8},"end":{"line":678,"column":41}},"119":{"start":{"line":681,"column":8},"end":{"line":681,"column":22751}},"120":{"start":{"line":682,"column":12},"end":{"line":682,"column":40}},"121":{"start":{"line":683,"column":12},"end":{"line":683,"column":51}},"122":{"start":{"line":685,"column":12},"end":{"line":685,"column":35}},"123":{"start":{"line":705,"column":12},"end":{"line":705,"column":49}},"124":{"start":{"line":708,"column":12},"end":{"line":708,"column":23955}},"125":{"start":{"line":714,"column":16},"end":{"line":714,"column":24232}},"126":{"start":{"line":721,"column":16},"end":{"line":721,"column":24540}},"127":{"start":{"line":727,"column":16},"end":{"line":727,"column":24771}},"128":{"start":{"line":739,"column":12},"end":{"line":739,"column":60}},"129":{"start":{"line":740,"column":12},"end":{"line":740,"column":65}},"130":{"start":{"line":757,"column":8},"end":{"line":757,"column":23}},"131":{"start":{"line":761,"column":8},"end":{"line":761,"column":56}},"132":{"start":{"line":762,"column":8},"end":{"line":762,"column":26068}},"133":{"start":{"line":765,"column":8},"end":{"line":765,"column":18}},"134":{"start":{"line":772,"column":8},"end":{"line":772,"column":29}},"135":{"start":{"line":779,"column":8},"end":{"line":779,"column":30}}},"branchMap":{"1":{"line":82,"type":"if","locations":[{"start":{"line":82,"column":8},"end":{"line":82,"column":8}},{"start":{"line":82,"column":8},"end":{"line":82,"column":8}}]},"2":{"line":178,"type":"if","locations":[{"start":{"line":178,"column":8},"end":{"line":178,"column":8}},{"start":{"line":178,"column":8},"end":{"line":178,"column":8}}]},"3":{"line":180,"type":"if","locations":[{"start":{"line":180,"column":8},"end":{"line":180,"column":8}},{"start":{"line":180,"column":8},"end":{"line":180,"column":8}}]},"4":{"line":181,"type":"if","locations":[{"start":{"line":181,"column":8},"end":{"line":181,"column":8}},{"start":{"line":181,"column":8},"end":{"line":181,"column":8}}]},"5":{"line":182,"type":"if","locations":[{"start":{"line":182,"column":8},"end":{"line":182,"column":8}},{"start":{"line":182,"column":8},"end":{"line":182,"column":8}}]},"6":{"line":183,"type":"if","locations":[{"start":{"line":183,"column":8},"end":{"line":183,"column":8}},{"start":{"line":183,"column":8},"end":{"line":183,"column":8}}]},"7":{"line":221,"type":"if","locations":[{"start":{"line":221,"column":8},"end":{"line":221,"column":8}},{"start":{"line":221,"column":8},"end":{"line":221,"column":8}}]},"8":{"line":222,"type":"if","locations":[{"start":{"line":222,"column":8},"end":{"line":222,"column":8}},{"start":{"line":222,"column":8},"end":{"line":222,"column":8}}]},"9":{"line":225,"type":"if","locations":[{"start":{"line":225,"column":55},"end":{"line":225,"column":63}},{"start":{"line":225,"column":67},"end":{"line":225,"column":72}}]},"10":{"line":242,"type":"if","locations":[{"start":{"line":242,"column":47},"end":{"line":242,"column":47}},{"start":{"line":242,"column":47},"end":{"line":242,"column":47}}]},"11":{"line":245,"type":"if","locations":[{"start":{"line":245,"column":8},"end":{"line":245,"column":8}},{"start":{"line":245,"column":8},"end":{"line":245,"column":8}}]},"12":{"line":247,"type":"if","locations":[{"start":{"line":247,"column":45},"end":{"line":247,"column":53}},{"start":{"line":247,"column":57},"end":{"line":247,"column":97}}]},"13":{"line":248,"type":"if","locations":[{"start":{"line":248,"column":8},"end":{"line":248,"column":8}},{"start":{"line":248,"column":8},"end":{"line":248,"column":8}}]},"14":{"line":263,"type":"if","locations":[{"start":{"line":263,"column":12},"end":{"line":263,"column":12}},{"start":{"line":263,"column":12},"end":{"line":263,"column":12}}]},"15":{"line":267,"type":"if","locations":[{"start":{"line":267,"column":12},"end":{"line":267,"column":12}},{"start":{"line":267,"column":12},"end":{"line":267,"column":12}}]},"16":{"line":277,"type":"if","locations":[{"start":{"line":277,"column":12},"end":{"line":277,"column":12}},{"start":{"line":277,"column":12},"end":{"line":277,"column":12}}]},"17":{"line":287,"type":"if","locations":[{"start":{"line":287,"column":12},"end":{"line":287,"column":12}},{"start":{"line":287,"column":12},"end":{"line":287,"column":12}}]},"18":{"line":288,"type":"if","locations":[{"start":{"line":288,"column":60},"end":{"line":288,"column":74}},{"start":{"line":288,"column":78},"end":{"line":288,"column":80}}]},"19":{"line":293,"type":"if","locations":[{"start":{"line":293,"column":12},"end":{"line":293,"column":12}},{"start":{"line":293,"column":12},"end":{"line":293,"column":12}}]},"20":{"line":296,"type":"if","locations":[{"start":{"line":296,"column":16},"end":{"line":296,"column":16}},{"start":{"line":296,"column":16},"end":{"line":296,"column":16}}]},"21":{"line":300,"type":"if","locations":[{"start":{"line":300,"column":20},"end":{"line":300,"column":20}},{"start":{"line":300,"column":20},"end":{"line":300,"column":20}}]},"22":{"line":308,"type":"if","locations":[{"start":{"line":308,"column":20},"end":{"line":308,"column":20}},{"start":{"line":308,"column":20},"end":{"line":308,"column":20}}]},"23":{"line":317,"type":"if","locations":[{"start":{"line":317,"column":12},"end":{"line":317,"column":12}},{"start":{"line":317,"column":12},"end":{"line":317,"column":12}}]},"24":{"line":325,"type":"if","locations":[{"start":{"line":325,"column":50},"end":{"line":325,"column":50}},{"start":{"line":325,"column":50},"end":{"line":325,"column":50}}]},"25":{"line":326,"type":"if","locations":[{"start":{"line":326,"column":8},"end":{"line":326,"column":8}},{"start":{"line":326,"column":8},"end":{"line":326,"column":8}}]},"26":{"line":328,"type":"if","locations":[{"start":{"line":328,"column":12},"end":{"line":328,"column":12}},{"start":{"line":328,"column":12},"end":{"line":328,"column":12}}]},"27":{"line":329,"type":"if","locations":[{"start":{"line":329,"column":16},"end":{"line":329,"column":16}},{"start":{"line":329,"column":16},"end":{"line":329,"column":16}}]},"28":{"line":342,"type":"if","locations":[{"start":{"line":342,"column":8},"end":{"line":342,"column":8}},{"start":{"line":342,"column":8},"end":{"line":342,"column":8}}]},"29":{"line":347,"type":"if","locations":[{"start":{"line":347,"column":8},"end":{"line":347,"column":8}},{"start":{"line":347,"column":8},"end":{"line":347,"column":8}}]},"30":{"line":358,"type":"if","locations":[{"start":{"line":358,"column":8},"end":{"line":358,"column":8}},{"start":{"line":358,"column":8},"end":{"line":358,"column":8}}]},"31":{"line":372,"type":"if","locations":[{"start":{"line":372,"column":8},"end":{"line":372,"column":8}},{"start":{"line":372,"column":8},"end":{"line":372,"column":8}}]},"32":{"line":386,"type":"if","locations":[{"start":{"line":386,"column":8},"end":{"line":386,"column":8}},{"start":{"line":386,"column":8},"end":{"line":386,"column":8}}]},"33":{"line":397,"type":"if","locations":[{"start":{"line":397,"column":8},"end":{"line":397,"column":8}},{"start":{"line":397,"column":8},"end":{"line":397,"column":8}}]},"34":{"line":400,"type":"if","locations":[{"start":{"line":400,"column":8},"end":{"line":400,"column":8}},{"start":{"line":400,"column":8},"end":{"line":400,"column":8}}]},"35":{"line":415,"type":"if","locations":[{"start":{"line":415,"column":8},"end":{"line":415,"column":8}},{"start":{"line":415,"column":8},"end":{"line":415,"column":8}}]},"36":{"line":416,"type":"if","locations":[{"start":{"line":416,"column":8},"end":{"line":416,"column":8}},{"start":{"line":416,"column":8},"end":{"line":416,"column":8}}]},"37":{"line":419,"type":"if","locations":[{"start":{"line":419,"column":8},"end":{"line":419,"column":8}},{"start":{"line":419,"column":8},"end":{"line":419,"column":8}}]},"38":{"line":426,"type":"if","locations":[{"start":{"line":426,"column":8},"end":{"line":426,"column":8}},{"start":{"line":426,"column":8},"end":{"line":426,"column":8}}]},"39":{"line":430,"type":"if","locations":[{"start":{"line":430,"column":8},"end":{"line":430,"column":8}},{"start":{"line":430,"column":8},"end":{"line":430,"column":8}}]},"40":{"line":445,"type":"if","locations":[{"start":{"line":445,"column":8},"end":{"line":445,"column":8}},{"start":{"line":445,"column":8},"end":{"line":445,"column":8}}]},"41":{"line":449,"type":"if","locations":[{"start":{"line":449,"column":8},"end":{"line":449,"column":8}},{"start":{"line":449,"column":8},"end":{"line":449,"column":8}}]},"42":{"line":455,"type":"if","locations":[{"start":{"line":455,"column":8},"end":{"line":455,"column":8}},{"start":{"line":455,"column":8},"end":{"line":455,"column":8}}]},"43":{"line":464,"type":"if","locations":[{"start":{"line":464,"column":8},"end":{"line":464,"column":8}},{"start":{"line":464,"column":8},"end":{"line":464,"column":8}}]},"44":{"line":493,"type":"if","locations":[{"start":{"line":493,"column":8},"end":{"line":493,"column":8}},{"start":{"line":493,"column":8},"end":{"line":493,"column":8}}]},"45":{"line":502,"type":"if","locations":[{"start":{"line":502,"column":8},"end":{"line":502,"column":8}},{"start":{"line":502,"column":8},"end":{"line":502,"column":8}}]},"46":{"line":507,"type":"if","locations":[{"start":{"line":507,"column":8},"end":{"line":507,"column":8}},{"start":{"line":507,"column":8},"end":{"line":507,"column":8}}]},"47":{"line":526,"type":"if","locations":[{"start":{"line":526,"column":8},"end":{"line":526,"column":8}},{"start":{"line":526,"column":8},"end":{"line":526,"column":8}}]},"48":{"line":543,"type":"if","locations":[{"start":{"line":543,"column":8},"end":{"line":543,"column":8}},{"start":{"line":543,"column":8},"end":{"line":543,"column":8}}]},"49":{"line":623,"type":"if","locations":[{"start":{"line":623,"column":8},"end":{"line":623,"column":8}},{"start":{"line":623,"column":8},"end":{"line":623,"column":8}}]},"50":{"line":658,"type":"if","locations":[{"start":{"line":658,"column":8},"end":{"line":658,"column":8}},{"start":{"line":658,"column":8},"end":{"line":658,"column":8}}]},"51":{"line":663,"type":"if","locations":[{"start":{"line":663,"column":12},"end":{"line":663,"column":12}},{"start":{"line":663,"column":12},"end":{"line":663,"column":12}}]},"52":{"line":708,"type":"if","locations":[{"start":{"line":708,"column":12},"end":{"line":708,"column":12}},{"start":{"line":708,"column":12},"end":{"line":708,"column":12}}]},"53":{"line":743,"type":"if","locations":[{"start":{"line":743,"column":41},"end":{"line":743,"column":67}},{"start":{"line":744,"column":41},"end":{"line":744,"column":41}}]}}},"contracts/mock/ERC20Mock.sol":{"l":{"10":0,"14":378,"18":143,"30":58,"31":14,"35":14,"36":46,"37":46,"38":46,"42":46,"55":0,"56":58,"57":58,"61":58,"75":0,"79":65,"80":2,"103":0,"104":58,"109":58,"117":0,"120":60,"122":60,"125":0,"128":60,"129":60,"134":60},"path":"/workspaces/Spot/contracts/mock/ERC20Mock.sol","s":{"1":378,"2":143,"3":166,"4":14,"5":14,"6":46,"7":46,"8":46,"9":46,"10":162,"11":0,"12":65,"13":60,"14":60,"15":0,"16":60,"17":60,"18":0},"b":{"1":[46,0],"2":[60,0]},"f":{"1":0,"2":378,"3":143,"4":0,"5":0,"6":14,"7":46,"8":0,"9":58,"10":0,"11":65,"12":0,"13":58,"14":0,"15":60},"fnMap":{"1":{"name":"constructor","line":9,"loc":{"start":{"line":9,"column":4},"end":{"line":11,"column":4}}},"2":{"name":"mint","line":13,"loc":{"start":{"line":13,"column":4},"end":{"line":15,"column":4}}},"3":{"name":"decimals","line":17,"loc":{"start":{"line":17,"column":4},"end":{"line":19,"column":4}}},"4":{"name":"constructor","line":27,"loc":{"start":{"line":27,"column":4},"end":{"line":27,"column":50}}},"5":{"name":"deposit","line":29,"loc":{"start":{"line":29,"column":4},"end":{"line":32,"column":4}}},"6":{"name":"withdraw","line":34,"loc":{"start":{"line":34,"column":4},"end":{"line":39,"column":4}}},"7":{"name":"mint","line":41,"loc":{"start":{"line":41,"column":4},"end":{"line":43,"column":4}}},"8":{"name":"constructor","line":54,"loc":{"start":{"line":54,"column":4},"end":{"line":58,"column":4}}},"9":{"name":"decimals","line":60,"loc":{"start":{"line":60,"column":4},"end":{"line":62,"column":4}}},"10":{"name":"latestRoundData","line":64,"loc":{"start":{"line":64,"column":4},"end":{"line":76,"column":4}}},"11":{"name":"updateAnswer","line":78,"loc":{"start":{"line":78,"column":4},"end":{"line":81,"column":4}}},"12":{"name":"setSwapResult","line":102,"loc":{"start":{"line":102,"column":4},"end":{"line":105,"column":4}}},"13":{"name":"setSwapToRevert","line":108,"loc":{"start":{"line":108,"column":4},"end":{"line":110,"column":4}}},"14":{"name":"exactInputSingle","line":113,"loc":{"start":{"line":113,"column":4},"end":{"line":130,"column":4}}},"15":{"name":"getLastParams","line":133,"loc":{"start":{"line":133,"column":4},"end":{"line":135,"column":4}}}},"statementMap":{"1":{"start":{"line":10,"column":8},"end":{"line":10,"column":39}},"2":{"start":{"line":14,"column":8},"end":{"line":14,"column":24}},"3":{"start":{"line":18,"column":8},"end":{"line":18,"column":16}},"4":{"start":{"line":30,"column":8},"end":{"line":30,"column":35}},"5":{"start":{"line":31,"column":8},"end":{"line":31,"column":43}},"6":{"start":{"line":35,"column":8},"end":{"line":35,"column":73}},"7":{"start":{"line":36,"column":8},"end":{"line":36,"column":29}},"8":{"start":{"line":37,"column":8},"end":{"line":37,"column":40}},"9":{"start":{"line":38,"column":8},"end":{"line":38,"column":40}},"10":{"start":{"line":42,"column":8},"end":{"line":42,"column":24}},"11":{"start":{"line":61,"column":8},"end":{"line":61,"column":24}},"12":{"start":{"line":75,"column":8},"end":{"line":75,"column":59}},"13":{"start":{"line":117,"column":8},"end":{"line":117,"column":86}},"14":{"start":{"line":120,"column":8},"end":{"line":120,"column":3333}},"15":{"start":{"line":122,"column":12},"end":{"line":122,"column":58}},"16":{"start":{"line":125,"column":12},"end":{"line":125,"column":73}},"17":{"start":{"line":129,"column":8},"end":{"line":129,"column":26}},"18":{"start":{"line":134,"column":8},"end":{"line":134,"column":26}}},"branchMap":{"1":{"line":35,"type":"if","locations":[{"start":{"line":35,"column":8},"end":{"line":35,"column":8}},{"start":{"line":35,"column":8},"end":{"line":35,"column":8}}]},"2":{"line":120,"type":"if","locations":[{"start":{"line":120,"column":8},"end":{"line":120,"column":8}},{"start":{"line":120,"column":8},"end":{"line":120,"column":8}}]}}},"contracts/mock/ERC721Mock.sol":{"l":{"12":78,"13":4},"path":"/workspaces/Spot/contracts/mock/ERC721Mock.sol","s":{"1":4},"b":{},"f":{"1":0,"2":0},"fnMap":{"1":{"name":"constructor","line":9,"loc":{"start":{"line":9,"column":4},"end":{"line":9,"column":80}}},"2":{"name":"mint","line":11,"loc":{"start":{"line":11,"column":4},"end":{"line":14,"column":4}}}},"statementMap":{"1":{"start":{"line":12,"column":8},"end":{"line":12,"column":20}}},"branchMap":{}},"contracts/Spot.sol":{"l":{"92":0,"106":71,"122":128,"123":1,"125":1,"126":54,"129":54,"130":54,"131":53,"132":53,"133":53,"134":53,"135":53,"136":53,"137":53,"138":53,"140":53,"141":53,"144":53,"147":1,"148":1,"151":1,"162":54,"163":1,"164":1,"166":1,"167":35,"170":35,"173":1,"176":34,"177":34,"181":1,"182":33,"185":33,"188":33,"190":33,"205":33,"206":1,"207":1,"209":1,"210":6,"213":6,"215":6,"216":6,"221":6,"222":6,"223":6,"226":5,"227":6,"231":0,"232":6,"238":5,"239":6,"241":6,"242":0,"246":0,"251":0,"252":6,"253":6,"254":6,"255":6,"260":6,"261":6,"262":6,"266":6,"267":0,"270":6,"271":6,"273":0,"276":6,"288":6,"291":41,"292":34,"293":34,"295":0,"298":34,"299":7,"300":7,"304":0,"309":7,"310":7,"313":7,"320":7,"324":2,"341":2,"343":1,"344":1,"345":1,"346":1,"347":1,"348":1,"350":1,"351":1,"352":1,"353":1,"356":1,"357":1,"358":0,"359":0,"360":0,"361":0,"362":0,"366":0,"367":1,"368":1,"369":1,"374":1,"375":0,"378":1,"379":1,"381":1,"384":1,"385":1,"387":1,"390":1,"391":1,"393":1,"406":0,"407":20,"410":2,"412":18,"413":4,"421":18,"422":7,"424":2,"425":5,"428":2,"429":3,"431":3},"path":"/workspaces/Spot/contracts/Spot.sol","s":{"1":128,"2":56,"3":55,"4":54,"5":54,"6":54,"7":53,"8":53,"9":1,"10":1,"11":38,"12":37,"13":36,"14":35,"15":35,"16":35,"17":34,"18":34,"19":33,"20":33,"21":9,"22":8,"23":7,"24":6,"25":6,"26":6,"27":6,"28":6,"29":6,"30":6,"31":1,"32":6,"33":5,"34":1,"35":6,"36":0,"37":0,"38":6,"39":6,"40":6,"41":6,"42":0,"43":6,"44":6,"45":6,"46":6,"47":41,"48":41,"49":34,"50":34,"51":7,"52":7,"53":0,"54":7,"55":7,"56":2,"57":2,"58":1,"59":1,"60":1,"61":1,"62":1,"63":1,"64":1,"65":1,"66":1,"67":0,"68":0,"69":20,"70":18,"71":14,"72":7,"73":5,"74":3,"75":3},"b":{"1":[56,56],"2":[55,55],"3":[54,53],"4":[38,38],"5":[37,37],"6":[36,36],"7":[35,35],"8":[34,1],"9":[9,9],"10":[8,8],"11":[7,7],"12":[6,5],"13":[6,0],"14":[6,5],"15":[6,0],"16":[6,6],"17":[6,0],"18":[6,0],"19":[6,6],"20":[6,0],"21":[0,34],"22":[41,41],"23":[34,0],"24":[7,0],"25":[7,7],"26":[1,0],"27":[1,1],"28":[20,2],"29":[18,18],"30":[7,2],"31":[5,2]},"f":{"1":0,"2":71,"3":128,"4":54,"5":33,"6":6,"7":0,"8":2,"9":2,"10":1,"11":18},"fnMap":{"1":{"name":"constructor","line":91,"loc":{"start":{"line":91,"column":4},"end":{"line":93,"column":4}}},"2":{"name":"computeHash","line":101,"loc":{"start":{"line":101,"column":4},"end":{"line":107,"column":4}}},"3":{"name":"allowBorrow","line":116,"loc":{"start":{"line":116,"column":4},"end":{"line":152,"column":4}}},"4":{"name":"borrow","line":157,"loc":{"start":{"line":157,"column":4},"end":{"line":191,"column":4}}},"5":{"name":"repay","line":200,"loc":{"start":{"line":200,"column":4},"end":{"line":277,"column":4}}},"6":{"name":"_accrueInterest","line":287,"loc":{"start":{"line":287,"column":4},"end":{"line":314,"column":4}}},"7":{"name":"viewLenderAllowances","line":319,"loc":{"start":{"line":319,"column":4},"end":{"line":321,"column":4}}},"8":{"name":"viewFriendAllowances","line":323,"loc":{"start":{"line":323,"column":4},"end":{"line":325,"column":4}}},"9":{"name":"getSpotInfo","line":327,"loc":{"start":{"line":327,"column":4},"end":{"line":396,"column":4}}},"10":{"name":"setFee","line":405,"loc":{"start":{"line":405,"column":4},"end":{"line":414,"column":4}}},"11":{"name":"setFeeAddress","line":420,"loc":{"start":{"line":420,"column":4},"end":{"line":432,"column":4}}}},"statementMap":{"1":{"start":{"line":106,"column":8},"end":{"line":106,"column":65}},"2":{"start":{"line":122,"column":8},"end":{"line":122,"column":54}},"3":{"start":{"line":123,"column":8},"end":{"line":123,"column":53}},"4":{"start":{"line":125,"column":8},"end":{"line":125,"column":61}},"5":{"start":{"line":126,"column":8},"end":{"line":126,"column":59}},"6":{"start":{"line":129,"column":8},"end":{"line":129,"column":4655}},"7":{"start":{"line":140,"column":12},"end":{"line":140,"column":55}},"8":{"start":{"line":141,"column":12},"end":{"line":141,"column":51}},"9":{"start":{"line":144,"column":12},"end":{"line":144,"column":32}},"10":{"start":{"line":151,"column":8},"end":{"line":151,"column":75}},"11":{"start":{"line":162,"column":8},"end":{"line":162,"column":54}},"12":{"start":{"line":163,"column":8},"end":{"line":163,"column":53}},"13":{"start":{"line":164,"column":8},"end":{"line":164,"column":46}},"14":{"start":{"line":166,"column":8},"end":{"line":166,"column":61}},"15":{"start":{"line":167,"column":8},"end":{"line":167,"column":59}},"16":{"start":{"line":170,"column":8},"end":{"line":170,"column":60}},"17":{"start":{"line":173,"column":8},"end":{"line":173,"column":28}},"18":{"start":{"line":176,"column":8},"end":{"line":176,"column":6239}},"19":{"start":{"line":188,"column":8},"end":{"line":188,"column":65}},"20":{"start":{"line":190,"column":8},"end":{"line":190,"column":56}},"21":{"start":{"line":205,"column":8},"end":{"line":205,"column":54}},"22":{"start":{"line":206,"column":8},"end":{"line":206,"column":53}},"23":{"start":{"line":207,"column":8},"end":{"line":207,"column":46}},"24":{"start":{"line":209,"column":8},"end":{"line":209,"column":61}},"25":{"start":{"line":210,"column":8},"end":{"line":210,"column":59}},"26":{"start":{"line":213,"column":8},"end":{"line":213,"column":28}},"27":{"start":{"line":215,"column":8},"end":{"line":215,"column":51}},"28":{"start":{"line":216,"column":8},"end":{"line":216,"column":54}},"29":{"start":{"line":221,"column":8},"end":{"line":221,"column":30}},"30":{"start":{"line":222,"column":8},"end":{"line":222,"column":7820}},"31":{"start":{"line":226,"column":8},"end":{"line":226,"column":7937}},"32":{"start":{"line":231,"column":8},"end":{"line":231,"column":8076}},"33":{"start":{"line":232,"column":12},"end":{"line":232,"column":77}},"34":{"start":{"line":238,"column":8},"end":{"line":238,"column":53}},"35":{"start":{"line":239,"column":8},"end":{"line":239,"column":8454}},"36":{"start":{"line":241,"column":12},"end":{"line":241,"column":58}},"37":{"start":{"line":242,"column":12},"end":{"line":242,"column":18}},"38":{"start":{"line":246,"column":8},"end":{"line":246,"column":8687}},"39":{"start":{"line":251,"column":8},"end":{"line":251,"column":36}},"40":{"start":{"line":252,"column":8},"end":{"line":252,"column":8881}},"41":{"start":{"line":254,"column":12},"end":{"line":254,"column":9004}},"42":{"start":{"line":260,"column":8},"end":{"line":260,"column":66}},"43":{"start":{"line":261,"column":8},"end":{"line":261,"column":9240}},"44":{"start":{"line":262,"column":12},"end":{"line":262,"column":76}},"45":{"start":{"line":270,"column":8},"end":{"line":270,"column":9565}},"46":{"start":{"line":276,"column":8},"end":{"line":276,"column":54}},"47":{"start":{"line":288,"column":8},"end":{"line":288,"column":59}},"48":{"start":{"line":291,"column":8},"end":{"line":291,"column":10304}},"49":{"start":{"line":292,"column":12},"end":{"line":292,"column":10389}},"50":{"start":{"line":295,"column":12},"end":{"line":295,"column":18}},"51":{"start":{"line":298,"column":8},"end":{"line":298,"column":76}},"52":{"start":{"line":299,"column":8},"end":{"line":299,"column":10648}},"53":{"start":{"line":300,"column":12},"end":{"line":300,"column":18}},"54":{"start":{"line":304,"column":8},"end":{"line":304,"column":10785}},"55":{"start":{"line":309,"column":8},"end":{"line":309,"column":10927}},"56":{"start":{"line":320,"column":8},"end":{"line":320,"column":44}},"57":{"start":{"line":324,"column":8},"end":{"line":324,"column":44}},"58":{"start":{"line":341,"column":8},"end":{"line":341,"column":38}},"59":{"start":{"line":350,"column":8},"end":{"line":350,"column":12257}},"60":{"start":{"line":351,"column":12},"end":{"line":351,"column":36}},"61":{"start":{"line":352,"column":12},"end":{"line":352,"column":61}},"62":{"start":{"line":356,"column":12},"end":{"line":356,"column":12499}},"63":{"start":{"line":366,"column":12},"end":{"line":366,"column":37}},"64":{"start":{"line":367,"column":12},"end":{"line":367,"column":12898}},"65":{"start":{"line":368,"column":16},"end":{"line":368,"column":83}},"66":{"start":{"line":378,"column":12},"end":{"line":378,"column":13420}},"67":{"start":{"line":384,"column":12},"end":{"line":384,"column":13631}},"68":{"start":{"line":390,"column":12},"end":{"line":390,"column":13824}},"69":{"start":{"line":406,"column":8},"end":{"line":406,"column":14408}},"70":{"start":{"line":410,"column":8},"end":{"line":410,"column":28}},"71":{"start":{"line":413,"column":8},"end":{"line":413,"column":32}},"72":{"start":{"line":421,"column":8},"end":{"line":421,"column":14846}},"73":{"start":{"line":424,"column":8},"end":{"line":424,"column":14932}},"74":{"start":{"line":428,"column":8},"end":{"line":428,"column":42}},"75":{"start":{"line":431,"column":8},"end":{"line":431,"column":56}}},"branchMap":{"1":{"line":122,"type":"if","locations":[{"start":{"line":122,"column":8},"end":{"line":122,"column":8}},{"start":{"line":122,"column":8},"end":{"line":122,"column":8}}]},"2":{"line":123,"type":"if","locations":[{"start":{"line":123,"column":8},"end":{"line":123,"column":8}},{"start":{"line":123,"column":8},"end":{"line":123,"column":8}}]},"3":{"line":129,"type":"if","locations":[{"start":{"line":129,"column":8},"end":{"line":129,"column":8}},{"start":{"line":129,"column":8},"end":{"line":129,"column":8}}]},"4":{"line":162,"type":"if","locations":[{"start":{"line":162,"column":8},"end":{"line":162,"column":8}},{"start":{"line":162,"column":8},"end":{"line":162,"column":8}}]},"5":{"line":163,"type":"if","locations":[{"start":{"line":163,"column":8},"end":{"line":163,"column":8}},{"start":{"line":163,"column":8},"end":{"line":163,"column":8}}]},"6":{"line":164,"type":"if","locations":[{"start":{"line":164,"column":8},"end":{"line":164,"column":8}},{"start":{"line":164,"column":8},"end":{"line":164,"column":8}}]},"7":{"line":170,"type":"if","locations":[{"start":{"line":170,"column":8},"end":{"line":170,"column":8}},{"start":{"line":170,"column":8},"end":{"line":170,"column":8}}]},"8":{"line":176,"type":"if","locations":[{"start":{"line":176,"column":8},"end":{"line":176,"column":8}},{"start":{"line":176,"column":8},"end":{"line":176,"column":8}}]},"9":{"line":205,"type":"if","locations":[{"start":{"line":205,"column":8},"end":{"line":205,"column":8}},{"start":{"line":205,"column":8},"end":{"line":205,"column":8}}]},"10":{"line":206,"type":"if","locations":[{"start":{"line":206,"column":8},"end":{"line":206,"column":8}},{"start":{"line":206,"column":8},"end":{"line":206,"column":8}}]},"11":{"line":207,"type":"if","locations":[{"start":{"line":207,"column":8},"end":{"line":207,"column":8}},{"start":{"line":207,"column":8},"end":{"line":207,"column":8}}]},"12":{"line":222,"type":"if","locations":[{"start":{"line":222,"column":8},"end":{"line":222,"column":8}},{"start":{"line":222,"column":8},"end":{"line":222,"column":8}}]},"13":{"line":226,"type":"if","locations":[{"start":{"line":226,"column":8},"end":{"line":226,"column":8}},{"start":{"line":226,"column":8},"end":{"line":226,"column":8}}]},"14":{"line":231,"type":"if","locations":[{"start":{"line":231,"column":8},"end":{"line":231,"column":8}},{"start":{"line":231,"column":8},"end":{"line":231,"column":8}}]},"15":{"line":239,"type":"if","locations":[{"start":{"line":239,"column":8},"end":{"line":239,"column":8}},{"start":{"line":239,"column":8},"end":{"line":239,"column":8}}]},"16":{"line":247,"type":"if","locations":[{"start":{"line":247,"column":14},"end":{"line":247,"column":25}},{"start":{"line":248,"column":14},"end":{"line":248,"column":28}}]},"17":{"line":252,"type":"if","locations":[{"start":{"line":252,"column":8},"end":{"line":252,"column":8}},{"start":{"line":252,"column":8},"end":{"line":252,"column":8}}]},"18":{"line":254,"type":"if","locations":[{"start":{"line":254,"column":12},"end":{"line":254,"column":12}},{"start":{"line":254,"column":12},"end":{"line":254,"column":12}}]},"19":{"line":261,"type":"if","locations":[{"start":{"line":261,"column":8},"end":{"line":261,"column":8}},{"start":{"line":261,"column":8},"end":{"line":261,"column":8}}]},"20":{"line":270,"type":"if","locations":[{"start":{"line":270,"column":8},"end":{"line":270,"column":8}},{"start":{"line":270,"column":8},"end":{"line":270,"column":8}}]},"21":{"line":291,"type":"if","locations":[{"start":{"line":291,"column":8},"end":{"line":291,"column":8}},{"start":{"line":291,"column":8},"end":{"line":291,"column":8}}]},"22":{"line":291,"type":"cond-expr","locations":[{"start":{"line":291,"column":12},"end":{"line":291,"column":44}},{"start":{"line":291,"column":49},"end":{"line":291,"column":72}}]},"23":{"line":292,"type":"if","locations":[{"start":{"line":292,"column":12},"end":{"line":292,"column":12}},{"start":{"line":292,"column":12},"end":{"line":292,"column":12}}]},"24":{"line":299,"type":"if","locations":[{"start":{"line":299,"column":8},"end":{"line":299,"column":8}},{"start":{"line":299,"column":8},"end":{"line":299,"column":8}}]},"25":{"line":309,"type":"if","locations":[{"start":{"line":309,"column":8},"end":{"line":309,"column":8}},{"start":{"line":309,"column":8},"end":{"line":309,"column":8}}]},"26":{"line":356,"type":"if","locations":[{"start":{"line":356,"column":12},"end":{"line":356,"column":12}},{"start":{"line":356,"column":12},"end":{"line":356,"column":12}}]},"27":{"line":367,"type":"if","locations":[{"start":{"line":367,"column":12},"end":{"line":367,"column":12}},{"start":{"line":367,"column":12},"end":{"line":367,"column":12}}]},"28":{"line":406,"type":"if","locations":[{"start":{"line":406,"column":8},"end":{"line":406,"column":8}},{"start":{"line":406,"column":8},"end":{"line":406,"column":8}}]},"29":{"line":412,"type":"if","locations":[{"start":{"line":412,"column":29},"end":{"line":412,"column":34}},{"start":{"line":412,"column":38},"end":{"line":412,"column":39}}]},"30":{"line":421,"type":"if","locations":[{"start":{"line":421,"column":8},"end":{"line":421,"column":8}},{"start":{"line":421,"column":8},"end":{"line":421,"column":8}}]},"31":{"line":424,"type":"if","locations":[{"start":{"line":424,"column":8},"end":{"line":424,"column":8}},{"start":{"line":424,"column":8},"end":{"line":424,"column":8}}]}}},"contracts/Staking.sol":{"l":{"41":0,"43":30,"52":30,"56":30,"57":27,"58":27,"61":0,"62":27,"63":20,"66":20,"67":7,"68":7,"69":7,"73":0,"74":23,"76":22,"77":21,"79":21,"81":21,"82":21,"83":1,"84":1,"85":1,"89":0,"90":21,"91":21,"92":21,"93":21,"95":21,"99":0,"101":1,"102":1,"104":1,"106":1,"108":1,"109":1,"110":1,"111":1,"114":1,"115":0,"116":1,"118":1,"120":1,"124":0,"126":3,"127":2,"129":2,"131":2,"132":2,"134":2,"135":1,"137":1,"141":1,"142":13,"143":13,"145":13,"146":13,"147":9,"148":9,"151":9,"155":13,"159":0,"160":2,"161":1,"164":1,"165":3,"166":3,"167":3,"168":3,"169":3,"170":4,"172":4},"path":"/workspaces/Spot/contracts/Staking.sol","s":{"1":30,"2":30,"3":30,"4":27,"5":27,"6":0,"7":27,"8":20,"9":7,"10":7,"11":23,"12":22,"13":21,"14":21,"15":21,"16":21,"17":1,"18":1,"19":1,"20":1,"21":20,"22":21,"23":1,"24":1,"25":1,"26":1,"27":1,"28":1,"29":1,"30":1,"31":1,"32":1,"33":1,"34":3,"35":2,"36":2,"37":2,"38":2,"39":2,"40":1,"41":1,"42":13,"43":13,"44":13,"45":13,"46":9,"47":9,"48":4,"49":2,"50":2,"51":1,"52":3,"53":3,"54":3,"55":3,"56":4},"b":{"1":[0,0],"2":[27,0],"3":[27,20],"4":[0,0],"5":[23,0],"6":[22,0],"7":[21,1],"8":[1,1],"9":[0,0],"10":[1,0],"11":[1,0],"12":[1,1],"13":[0,0],"14":[3,0],"15":[2,0],"16":[13,9],"17":[0,0],"18":[2,0]},"f":{"1":0,"2":30,"3":0,"4":0,"5":0,"6":1,"7":13,"8":0,"9":1},"fnMap":{"1":{"name":"addPool","line":40,"loc":{"start":{"line":35,"column":4},"end":{"line":53,"column":4}}},"2":{"name":"updatePool","line":55,"loc":{"start":{"line":55,"column":4},"end":{"line":70,"column":4}}},"3":{"name":"stake","line":72,"loc":{"start":{"line":72,"column":4},"end":{"line":96,"column":4}}},"4":{"name":"unstake","line":98,"loc":{"start":{"line":98,"column":4},"end":{"line":121,"column":4}}},"5":{"name":"harvest","line":123,"loc":{"start":{"line":123,"column":4},"end":{"line":138,"column":4}}},"6":{"name":"pendingReward","line":140,"loc":{"start":{"line":140,"column":4},"end":{"line":152,"column":4}}},"7":{"name":"poolLength","line":154,"loc":{"start":{"line":154,"column":4},"end":{"line":156,"column":4}}},"8":{"name":"setRewardPerSecond","line":158,"loc":{"start":{"line":158,"column":4},"end":{"line":162,"column":4}}},"9":{"name":"getStakingInfo","line":163,"loc":{"start":{"line":163,"column":4},"end":{"line":173,"column":4}}}},"statementMap":{"1":{"start":{"line":41,"column":8},"end":{"line":41,"column":59}},"2":{"start":{"line":43,"column":8},"end":{"line":43,"column":1384}},"3":{"start":{"line":52,"column":8},"end":{"line":52,"column":90}},"4":{"start":{"line":56,"column":8},"end":{"line":56,"column":46}},"5":{"start":{"line":57,"column":8},"end":{"line":57,"column":1855}},"6":{"start":{"line":58,"column":12},"end":{"line":58,"column":18}},"7":{"start":{"line":61,"column":8},"end":{"line":61,"column":1940}},"8":{"start":{"line":63,"column":12},"end":{"line":63,"column":18}},"9":{"start":{"line":66,"column":8},"end":{"line":66,"column":67}},"10":{"start":{"line":67,"column":8},"end":{"line":67,"column":59}},"11":{"start":{"line":73,"column":8},"end":{"line":73,"column":57}},"12":{"start":{"line":74,"column":8},"end":{"line":74,"column":60}},"13":{"start":{"line":76,"column":8},"end":{"line":76,"column":46}},"14":{"start":{"line":77,"column":8},"end":{"line":77,"column":59}},"15":{"start":{"line":79,"column":8},"end":{"line":79,"column":23}},"16":{"start":{"line":81,"column":8},"end":{"line":81,"column":2648}},"17":{"start":{"line":82,"column":12},"end":{"line":82,"column":93}},"18":{"start":{"line":83,"column":12},"end":{"line":83,"column":2782}},"19":{"start":{"line":84,"column":16},"end":{"line":84,"column":65}},"20":{"start":{"line":85,"column":16},"end":{"line":85,"column":55}},"21":{"start":{"line":89,"column":8},"end":{"line":89,"column":77}},"22":{"start":{"line":95,"column":8},"end":{"line":95,"column":47}},"23":{"start":{"line":99,"column":8},"end":{"line":99,"column":57}},"24":{"start":{"line":101,"column":8},"end":{"line":101,"column":46}},"25":{"start":{"line":102,"column":8},"end":{"line":102,"column":59}},"26":{"start":{"line":104,"column":8},"end":{"line":104,"column":68}},"27":{"start":{"line":106,"column":8},"end":{"line":106,"column":23}},"28":{"start":{"line":108,"column":8},"end":{"line":108,"column":89}},"29":{"start":{"line":109,"column":8},"end":{"line":109,"column":3733}},"30":{"start":{"line":110,"column":12},"end":{"line":110,"column":61}},"31":{"start":{"line":111,"column":12},"end":{"line":111,"column":51}},"32":{"start":{"line":118,"column":8},"end":{"line":118,"column":58}},"33":{"start":{"line":120,"column":8},"end":{"line":120,"column":48}},"34":{"start":{"line":124,"column":8},"end":{"line":124,"column":57}},"35":{"start":{"line":126,"column":8},"end":{"line":126,"column":46}},"36":{"start":{"line":127,"column":8},"end":{"line":127,"column":59}},"37":{"start":{"line":129,"column":8},"end":{"line":129,"column":23}},"38":{"start":{"line":131,"column":8},"end":{"line":131,"column":89}},"39":{"start":{"line":132,"column":8},"end":{"line":132,"column":51}},"40":{"start":{"line":135,"column":8},"end":{"line":135,"column":57}},"41":{"start":{"line":137,"column":8},"end":{"line":137,"column":47}},"42":{"start":{"line":141,"column":8},"end":{"line":141,"column":46}},"43":{"start":{"line":142,"column":8},"end":{"line":142,"column":54}},"44":{"start":{"line":143,"column":8},"end":{"line":143,"column":58}},"45":{"start":{"line":145,"column":8},"end":{"line":145,"column":4996}},"46":{"start":{"line":146,"column":12},"end":{"line":146,"column":71}},"47":{"start":{"line":147,"column":12},"end":{"line":147,"column":63}},"48":{"start":{"line":151,"column":8},"end":{"line":151,"column":73}},"49":{"start":{"line":155,"column":8},"end":{"line":155,"column":30}},"50":{"start":{"line":159,"column":8},"end":{"line":159,"column":57}},"51":{"start":{"line":160,"column":8},"end":{"line":160,"column":23}},"52":{"start":{"line":164,"column":8},"end":{"line":164,"column":65}},"53":{"start":{"line":165,"column":8},"end":{"line":165,"column":68}},"54":{"start":{"line":166,"column":8},"end":{"line":166,"column":65}},"55":{"start":{"line":167,"column":8},"end":{"line":167,"column":6060}},"56":{"start":{"line":172,"column":8},"end":{"line":172,"column":39}}},"branchMap":{"1":{"line":40,"type":"if","locations":[{"start":{"line":40,"column":15},"end":{"line":40,"column":15}},{"start":{"line":40,"column":15},"end":{"line":40,"column":15}}]},"2":{"line":57,"type":"if","locations":[{"start":{"line":57,"column":8},"end":{"line":57,"column":8}},{"start":{"line":57,"column":8},"end":{"line":57,"column":8}}]},"3":{"line":61,"type":"if","locations":[{"start":{"line":61,"column":8},"end":{"line":61,"column":8}},{"start":{"line":61,"column":8},"end":{"line":61,"column":8}}]},"4":{"line":72,"type":"if","locations":[{"start":{"line":72,"column":59},"end":{"line":72,"column":59}},{"start":{"line":72,"column":59},"end":{"line":72,"column":59}}]},"5":{"line":73,"type":"if","locations":[{"start":{"line":73,"column":8},"end":{"line":73,"column":8}},{"start":{"line":73,"column":8},"end":{"line":73,"column":8}}]},"6":{"line":74,"type":"if","locations":[{"start":{"line":74,"column":8},"end":{"line":74,"column":8}},{"start":{"line":74,"column":8},"end":{"line":74,"column":8}}]},"7":{"line":81,"type":"if","locations":[{"start":{"line":81,"column":8},"end":{"line":81,"column":8}},{"start":{"line":81,"column":8},"end":{"line":81,"column":8}}]},"8":{"line":83,"type":"if","locations":[{"start":{"line":83,"column":12},"end":{"line":83,"column":12}},{"start":{"line":83,"column":12},"end":{"line":83,"column":12}}]},"9":{"line":98,"type":"if","locations":[{"start":{"line":98,"column":61},"end":{"line":98,"column":61}},{"start":{"line":98,"column":61},"end":{"line":98,"column":61}}]},"10":{"line":99,"type":"if","locations":[{"start":{"line":99,"column":8},"end":{"line":99,"column":8}},{"start":{"line":99,"column":8},"end":{"line":99,"column":8}}]},"11":{"line":104,"type":"if","locations":[{"start":{"line":104,"column":8},"end":{"line":104,"column":8}},{"start":{"line":104,"column":8},"end":{"line":104,"column":8}}]},"12":{"line":109,"type":"if","locations":[{"start":{"line":109,"column":8},"end":{"line":109,"column":8}},{"start":{"line":109,"column":8},"end":{"line":109,"column":8}}]},"13":{"line":123,"type":"if","locations":[{"start":{"line":123,"column":44},"end":{"line":123,"column":44}},{"start":{"line":123,"column":44},"end":{"line":123,"column":44}}]},"14":{"line":124,"type":"if","locations":[{"start":{"line":124,"column":8},"end":{"line":124,"column":8}},{"start":{"line":124,"column":8},"end":{"line":124,"column":8}}]},"15":{"line":132,"type":"if","locations":[{"start":{"line":132,"column":8},"end":{"line":132,"column":8}},{"start":{"line":132,"column":8},"end":{"line":132,"column":8}}]},"16":{"line":145,"type":"if","locations":[{"start":{"line":145,"column":8},"end":{"line":145,"column":8}},{"start":{"line":145,"column":8},"end":{"line":145,"column":8}}]},"17":{"line":158,"type":"if","locations":[{"start":{"line":158,"column":81},"end":{"line":158,"column":81}},{"start":{"line":158,"column":81},"end":{"line":158,"column":81}}]},"18":{"line":159,"type":"if","locations":[{"start":{"line":159,"column":8},"end":{"line":159,"column":8}},{"start":{"line":159,"column":8},"end":{"line":159,"column":8}}]}}},"contracts/Stream.sol":{"l":{"40":0,"57":17,"61":17,"63":17,"112":0,"120":58,"131":124,"132":63,"133":63,"145":61,"146":61,"148":61,"149":2,"150":2,"151":2,"152":2,"154":2,"158":63,"159":12,"160":12,"162":12,"163":11,"164":11,"167":11,"168":11,"171":2,"173":11,"174":11,"177":9,"178":2,"179":11,"181":11,"182":11,"183":2,"185":2,"196":11,"204":2,"205":1,"221":2,"227":2,"228":1,"237":2,"243":5,"244":5,"245":7,"246":7,"248":7,"249":7,"252":7,"253":7,"259":2,"262":2,"263":5,"264":5,"267":5,"268":5,"272":1,"273":5,"279":0,"283":0,"284":5,"285":5,"287":1,"290":5,"291":5,"292":5,"298":1,"302":1,"306":4,"307":4,"313":1,"317":1,"318":3,"321":2,"322":1,"325":3,"332":3,"333":3,"336":1,"340":3,"341":1,"342":1,"343":1,"344":1,"345":1,"346":1,"347":1,"349":1,"356":1,"362":6,"363":5,"367":1,"368":4,"369":4,"370":4,"371":3,"372":3,"380":3,"381":14,"384":14,"385":14,"386":14,"389":2,"390":14,"393":0,"410":14,"411":1,"412":1,"413":1,"414":1,"415":1,"417":1,"418":1,"419":1,"426":1,"429":1,"430":0,"433":1,"434":0,"437":1,"439":0,"440":1,"441":1,"446":1,"447":2,"448":2,"449":2,"450":2,"451":2,"452":2,"453":2,"458":2,"459":2,"463":2,"466":2,"473":2,"478":2,"479":1,"480":1,"481":1,"483":1,"489":1,"495":2,"500":3,"505":2,"508":1,"509":1,"510":1,"512":1,"515":1,"516":0,"517":0,"519":0,"522":0,"523":15,"524":1},"path":"/workspaces/Spot/contracts/Stream.sol","s":{"1":17,"2":17,"3":17,"4":17,"5":124,"6":63,"7":63,"8":61,"9":61,"10":2,"11":12,"12":12,"13":12,"14":11,"15":11,"16":11,"17":11,"18":11,"19":11,"20":11,"21":11,"22":2,"23":2,"24":9,"25":2,"26":1,"27":1,"28":2,"29":1,"30":1,"31":5,"32":5,"33":5,"34":7,"35":7,"36":7,"37":7,"38":7,"39":2,"40":5,"41":5,"42":5,"43":5,"44":4,"45":0,"46":5,"47":5,"48":4,"49":5,"50":5,"51":1,"52":4,"53":4,"54":1,"55":3,"56":3,"57":3,"58":1,"59":2,"60":1,"61":1,"62":1,"63":1,"64":1,"65":1,"66":6,"67":5,"68":5,"69":4,"70":4,"71":4,"72":3,"73":14,"74":14,"75":14,"76":14,"77":14,"78":12,"79":14,"80":1,"81":1,"82":1,"83":1,"84":2,"85":2,"86":2,"87":2,"88":2,"89":2,"90":2,"91":1,"92":1,"93":1,"94":2,"95":2,"96":3,"97":2,"98":1,"99":1,"100":1,"101":1,"102":0,"103":0,"104":0,"105":15},"b":{"1":[17,17],"2":[17,0],"3":[63,61],"4":[12,0],"5":[11,2],"6":[11,-2],"7":[11,9],"8":[11,2],"9":[2,0],"10":[2,0],"11":[5,0],"12":[7,2],"13":[5,1],"14":[5,0],"15":[5,1],"16":[5,1],"17":[4,1],"18":[3,2],"19":[3,1],"20":[6,0],"21":[3,2],"22":[5,5],"23":[4,0],"24":[14,14],"25":[14,0],"26":[1,1],"27":[1,1],"28":[1,1],"29":[2,0],"30":[2,0],"31":[15,0],"32":[14,14],"33":[14,13]},"f":{"1":0,"2":17,"3":0,"4":58,"5":124,"6":63,"7":11,"8":2,"9":2,"10":3,"11":1,"12":3,"13":14,"14":1,"15":2,"16":1,"17":2,"18":3,"19":2,"20":1,"21":1,"22":0},"fnMap":{"1":{"name":"safeTransferFrom","line":34,"loc":{"start":{"line":34,"column":4},"end":{"line":44,"column":4}}},"2":{"name":"_callOptionalReturn","line":52,"loc":{"start":{"line":52,"column":4},"end":{"line":68,"column":4}}},"3":{"name":"constructor","line":111,"loc":{"start":{"line":111,"column":4},"end":{"line":113,"column":4}}},"4":{"name":"computeHash","line":115,"loc":{"start":{"line":115,"column":4},"end":{"line":121,"column":4}}},"5":{"name":"allowStream","line":123,"loc":{"start":{"line":123,"column":4},"end":{"line":155,"column":4}}},"6":{"name":"stream","line":157,"loc":{"start":{"line":157,"column":4},"end":{"line":186,"column":4}}},"7":{"name":"batchAllowStream","line":188,"loc":{"start":{"line":188,"column":4},"end":{"line":214,"column":4}}},"8":{"name":"batchStream","line":216,"loc":{"start":{"line":216,"column":4},"end":{"line":230,"column":4}}},"9":{"name":"batchStreamAvailable","line":232,"loc":{"start":{"line":232,"column":4},"end":{"line":338,"column":4}}},"10":{"name":"batchStreamAvailableAllowances","line":339,"loc":{"start":{"line":339,"column":4},"end":{"line":350,"column":4}}},"11":{"name":"cancelStreams","line":351,"loc":{"start":{"line":351,"column":4},"end":{"line":374,"column":4}}},"12":{"name":"getAvailable","line":375,"loc":{"start":{"line":375,"column":4},"end":{"line":394,"column":4}}},"13":{"name":"getStreamDetails","line":396,"loc":{"start":{"line":396,"column":4},"end":{"line":442,"column":4}}},"14":{"name":"getStreamable","line":443,"loc":{"start":{"line":443,"column":4},"end":{"line":467,"column":4}}},"15":{"name":"batchComputeHash","line":468,"loc":{"start":{"line":468,"column":4},"end":{"line":484,"column":4}}},"16":{"name":"viewStreamerAllowances","line":486,"loc":{"start":{"line":486,"column":4},"end":{"line":490,"column":4}}},"17":{"name":"viewRecipientAllowances","line":492,"loc":{"start":{"line":492,"column":4},"end":{"line":496,"column":4}}},"18":{"name":"viewStreamerAllowancesCount","line":497,"loc":{"start":{"line":497,"column":0},"end":{"line":501,"column":4}}},"19":{"name":"viewRecipi
[...]
"end":{"line":245,"column":8059}},"48":{"start":{"line":252,"column":8},"end":{"line":252,"column":8305}},"49":{"start":{"line":258,"column":8},"end":{"line":258,"column":54}},"50":{"start":{"line":260,"column":8},"end":{"line":260,"column":8544}},"51":{"start":{"line":261,"column":12},"end":{"line":261,"column":38}},"52":{"start":{"line":265,"column":8},"end":{"line":265,"column":8712}},"53":{"start":{"line":269,"column":8},"end":{"line":269,"column":69}},"54":{"start":{"line":270,"column":8},"end":{"line":270,"column":67}},"55":{"start":{"line":271,"column":8},"end":{"line":271,"column":69}},"56":{"start":{"line":277,"column":8},"end":{"line":277,"column":69}},"57":{"start":{"line":278,"column":8},"end":{"line":278,"column":9264}},"58":{"start":{"line":282,"column":8},"end":{"line":282,"column":69}},"59":{"start":{"line":286,"column":8},"end":{"line":286,"column":9495}},"60":{"start":{"line":289,"column":8},"end":{"line":289,"column":55}},"61":{"start":{"line":291,"column":8},"end":{"line":291,"column":75}},"62":{"start":{"line":299,"column":8},"end":{"line":299,"column":9867}},"63":{"start":{"line":300,"column":12},"end":{"line":300,"column":57}},"64":{"start":{"line":301,"column":12},"end":{"line":301,"column":46}},"65":{"start":{"line":303,"column":12},"end":{"line":303,"column":73}},"66":{"start":{"line":305,"column":8},"end":{"line":305,"column":42}},"67":{"start":{"line":308,"column":8},"end":{"line":308,"column":70}},"68":{"start":{"line":321,"column":8},"end":{"line":321,"column":72}},"69":{"start":{"line":322,"column":8},"end":{"line":322,"column":71}},"70":{"start":{"line":326,"column":8},"end":{"line":326,"column":10920}},"71":{"start":{"line":329,"column":8},"end":{"line":329,"column":53}},"72":{"start":{"line":330,"column":8},"end":{"line":330,"column":11067}},"73":{"start":{"line":331,"column":12},"end":{"line":331,"column":35}},"74":{"start":{"line":332,"column":15},"end":{"line":332,"column":11147}},"75":{"start":{"line":333,"column":12},"end":{"line":333,"column":58}},"76":{"start":{"line":334,"column":15},"end":{"line":334,"column":11255}},"77":{"start":{"line":335,"column":12},"end":{"line":335,"column":20}},"78":{"start":{"line":336,"column":15},"end":{"line":336,"column":11347}},"79":{"start":{"line":337,"column":12},"end":{"line":337,"column":59}},"80":{"start":{"line":339,"column":12},"end":{"line":339,"column":47}},"81":{"start":{"line":344,"column":8},"end":{"line":344,"column":11604}},"82":{"start":{"line":354,"column":8},"end":{"line":354,"column":11883}},"83":{"start":{"line":358,"column":8},"end":{"line":358,"column":12004}},"84":{"start":{"line":361,"column":8},"end":{"line":361,"column":12142}},"85":{"start":{"line":368,"column":8},"end":{"line":368,"column":12412}},"86":{"start":{"line":376,"column":8},"end":{"line":376,"column":12638}},"87":{"start":{"line":384,"column":8},"end":{"line":384,"column":12854}},"88":{"start":{"line":397,"column":8},"end":{"line":397,"column":13166}},"89":{"start":{"line":401,"column":8},"end":{"line":401,"column":63}},"90":{"start":{"line":409,"column":8},"end":{"line":409,"column":13583}},"91":{"start":{"line":416,"column":8},"end":{"line":416,"column":13887}},"92":{"start":{"line":417,"column":12},"end":{"line":417,"column":56}},"93":{"start":{"line":432,"column":8},"end":{"line":432,"column":14278}},"94":{"start":{"line":433,"column":12},"end":{"line":433,"column":75}},"95":{"start":{"line":434,"column":12},"end":{"line":434,"column":59}},"96":{"start":{"line":435,"column":12},"end":{"line":435,"column":46}},"97":{"start":{"line":437,"column":12},"end":{"line":437,"column":14526}},"98":{"start":{"line":441,"column":12},"end":{"line":441,"column":73}},"99":{"start":{"line":443,"column":8},"end":{"line":443,"column":42}},"100":{"start":{"line":458,"column":8},"end":{"line":458,"column":15194}},"101":{"start":{"line":463,"column":8},"end":{"line":463,"column":15326}},"102":{"start":{"line":467,"column":8},"end":{"line":467,"column":15435}},"103":{"start":{"line":468,"column":12},"end":{"line":468,"column":15493}},"104":{"start":{"line":471,"column":12},"end":{"line":471,"column":15643}},"105":{"start":{"line":477,"column":8},"end":{"line":477,"column":15861}},"106":{"start":{"line":481,"column":8},"end":{"line":481,"column":15946}},"107":{"start":{"line":485,"column":8},"end":{"line":485,"column":16028}},"108":{"start":{"line":489,"column":8},"end":{"line":489,"column":16098}},"109":{"start":{"line":490,"column":12},"end":{"line":490,"column":16139}},"110":{"start":{"line":497,"column":12},"end":{"line":497,"column":16401}},"111":{"start":{"line":498,"column":16},"end":{"line":498,"column":75}},"112":{"start":{"line":514,"column":8},"end":{"line":514,"column":45}},"113":{"start":{"line":525,"column":8},"end":{"line":525,"column":17331}},"114":{"start":{"line":556,"column":8},"end":{"line":556,"column":32}},"115":{"start":{"line":581,"column":8},"end":{"line":581,"column":52}},"116":{"start":{"line":598,"column":8},"end":{"line":598,"column":76}},"117":{"start":{"line":600,"column":8},"end":{"line":600,"column":19625}},"118":{"start":{"line":604,"column":8},"end":{"line":604,"column":77}},"119":{"start":{"line":605,"column":8},"end":{"line":605,"column":39}},"120":{"start":{"line":606,"column":8},"end":{"line":606,"column":19865}},"121":{"start":{"line":617,"column":8},"end":{"line":617,"column":44}},"122":{"start":{"line":620,"column":8},"end":{"line":620,"column":69}},"123":{"start":{"line":621,"column":8},"end":{"line":621,"column":20}},"124":{"start":{"line":631,"column":8},"end":{"line":631,"column":36}}},"branchMap":{"1":{"line":59,"type":"if","locations":[{"start":{"line":59,"column":8},"end":{"line":59,"column":8}},{"start":{"line":59,"column":8},"end":{"line":59,"column":8}}]},"2":{"line":64,"type":"if","locations":[{"start":{"line":64,"column":8},"end":{"line":64,"column":8}},{"start":{"line":64,"column":8},"end":{"line":64,"column":8}}]},"3":{"line":69,"type":"if","locations":[{"start":{"line":69,"column":8},"end":{"line":69,"column":8}},{"start":{"line":69,"column":8},"end":{"line":69,"column":8}}]},"4":{"line":82,"type":"if","locations":[{"start":{"line":82,"column":8},"end":{"line":82,"column":8}},{"start":{"line":82,"column":8},"end":{"line":82,"column":8}}]},"5":{"line":97,"type":"if","locations":[{"start":{"line":97,"column":8},"end":{"line":97,"column":8}},{"start":{"line":97,"column":8},"end":{"line":97,"column":8}}]},"6":{"line":98,"type":"if","locations":[{"start":{"line":98,"column":12},"end":{"line":98,"column":12}},{"start":{"line":98,"column":12},"end":{"line":98,"column":12}}]},"7":{"line":100,"type":"if","locations":[{"start":{"line":100,"column":12},"end":{"line":100,"column":12}},{"start":{"line":100,"column":12},"end":{"line":100,"column":12}}]},"8":{"line":117,"type":"if","locations":[{"start":{"line":117,"column":13},"end":{"line":117,"column":13}},{"start":{"line":117,"column":13},"end":{"line":117,"column":13}}]},"9":{"line":119,"type":"if","locations":[{"start":{"line":119,"column":14},"end":{"line":119,"column":34}},{"start":{"line":120,"column":14},"end":{"line":120,"column":51}}]},"10":{"line":121,"type":"if","locations":[{"start":{"line":121,"column":8},"end":{"line":121,"column":8}},{"start":{"line":121,"column":8},"end":{"line":121,"column":8}}]},"11":{"line":122,"type":"if","locations":[{"start":{"line":122,"column":8},"end":{"line":122,"column":8}},{"start":{"line":122,"column":8},"end":{"line":122,"column":8}}]},"12":{"line":128,"type":"if","locations":[{"start":{"line":128,"column":8},"end":{"line":128,"column":8}},{"start":{"line":128,"column":8},"end":{"line":128,"column":8}}]},"13":{"line":136,"type":"if","locations":[{"start":{"line":136,"column":14},"end":{"line":139,"column":42}},{"start":{"line":140,"column":14},"end":{"line":140,"column":14}}]},"14":{"line":141,"type":"if","locations":[{"start":{"line":141,"column":8},"end":{"line":141,"column":8}},{"start":{"line":141,"column":8},"end":{"line":141,"column":8}}]},"15":{"line":145,"type":"if","locations":[{"start":{"line":145,"column":8},"end":{"line":145,"column":8}},{"start":{"line":145,"column":8},"end":{"line":145,"column":8}}]},"16":{"line":162,"type":"if","locations":[{"start":{"line":162,"column":14},"end":{"line":162,"column":34}},{"start":{"line":163,"column":14},"end":{"line":163,"column":51}}]},"17":{"line":164,"type":"if","locations":[{"start":{"line":164,"column":8},"end":{"line":164,"column":8}},{"start":{"line":164,"column":8},"end":{"line":164,"column":8}}]},"18":{"line":171,"type":"if","locations":[{"start":{"line":171,"column":8},"end":{"line":171,"column":8}},{"start":{"line":171,"column":8},"end":{"line":171,"column":8}}]},"19":{"line":179,"type":"if","locations":[{"start":{"line":179,"column":14},"end":{"line":182,"column":42}},{"start":{"line":183,"column":14},"end":{"line":183,"column":14}}]},"20":{"line":184,"type":"if","locations":[{"start":{"line":184,"column":8},"end":{"line":184,"column":8}},{"start":{"line":184,"column":8},"end":{"line":184,"column":8}}]},"21":{"line":188,"type":"if","locations":[{"start":{"line":188,"column":8},"end":{"line":188,"column":8}},{"start":{"line":188,"column":8},"end":{"line":188,"column":8}}]},"22":{"line":189,"type":"if","locations":[{"start":{"line":189,"column":33},"end":{"line":189,"column":38}},{"start":{"line":189,"column":42},"end":{"line":189,"column":55}}]},"23":{"line":201,"type":"if","locations":[{"start":{"line":201,"column":8},"end":{"line":201,"column":8}},{"start":{"line":201,"column":8},"end":{"line":201,"column":8}}]},"24":{"line":218,"type":"if","locations":[{"start":{"line":218,"column":13},"end":{"line":218,"column":13}},{"start":{"line":218,"column":13},"end":{"line":218,"column":13}}]},"25":{"line":219,"type":"if","locations":[{"start":{"line":219,"column":8},"end":{"line":219,"column":8}},{"start":{"line":219,"column":8},"end":{"line":219,"column":8}}]},"26":{"line":232,"type":"if","locations":[{"start":{"line":232,"column":8},"end":{"line":232,"column":8}},{"start":{"line":232,"column":8},"end":{"line":232,"column":8}}]},"27":{"line":233,"type":"cond-expr","locations":[{"start":{"line":233,"column":12},"end":{"line":233,"column":30}},{"start":{"line":233,"column":35},"end":{"line":233,"column":59}}]},"28":{"line":236,"type":"if","locations":[{"start":{"line":236,"column":8},"end":{"line":236,"column":8}},{"start":{"line":236,"column":8},"end":{"line":236,"column":8}}]},"29":{"line":238,"type":"if","locations":[{"start":{"line":238,"column":8},"end":{"line":238,"column":8}},{"start":{"line":238,"column":8},"end":{"line":238,"column":8}}]},"30":{"line":239,"type":"if","locations":[{"start":{"line":239,"column":8},"end":{"line":239,"column":8}},{"start":{"line":239,"column":8},"end":{"line":239,"column":8}}]},"31":{"line":240,"type":"if","locations":[{"start":{"line":240,"column":8},"end":{"line":240,"column":8}},{"start":{"line":240,"column":8},"end":{"line":240,"column":8}}]},"32":{"line":245,"type":"if","locations":[{"start":{"line":245,"column":12},"end":{"line":245,"column":12}},{"start":{"line":245,"column":12},"end":{"line":245,"column":12}}]},"33":{"line":252,"type":"if","locations":[{"start":{"line":252,"column":8},"end":{"line":252,"column":8}},{"start":{"line":252,"column":8},"end":{"line":252,"column":8}}]},"34":{"line":260,"type":"if","locations":[{"start":{"line":260,"column":8},"end":{"line":260,"column":8}},{"start":{"line":260,"column":8},"end":{"line":260,"column":8}}]},"35":{"line":265,"type":"if","locations":[{"start":{"line":265,"column":8},"end":{"line":265,"column":8}},{"start":{"line":265,"column":8},"end":{"line":265,"column":8}}]},"36":{"line":266,"type":"cond-expr","locations":[{"start":{"line":266,"column":12},"end":{"line":266,"column":30}},{"start":{"line":266,"column":35},"end":{"line":266,"column":63}}]},"37":{"line":270,"type":"if","locations":[{"start":{"line":270,"column":8},"end":{"line":270,"column":8}},{"start":{"line":270,"column":8},"end":{"line":270,"column":8}}]},"38":{"line":271,"type":"if","locations":[{"start":{"line":271,"column":8},"end":{"line":271,"column":8}},{"start":{"line":271,"column":8},"end":{"line":271,"column":8}}]},"39":{"line":278,"type":"if","locations":[{"start":{"line":278,"column":8},"end":{"line":278,"column":8}},{"start":{"line":278,"column":8},"end":{"line":278,"column":8}}]},"40":{"line":282,"type":"if","locations":[{"start":{"line":282,"column":8},"end":{"line":282,"column":8}},{"start":{"line":282,"column":8},"end":{"line":282,"column":8}}]},"41":{"line":289,"type":"if","locations":[{"start":{"line":289,"column":8},"end":{"line":289,"column":8}},{"start":{"line":289,"column":8},"end":{"line":289,"column":8}}]},"42":{"line":299,"type":"if","locations":[{"start":{"line":299,"column":8},"end":{"line":299,"column":8}},{"start":{"line":299,"column":8},"end":{"line":299,"column":8}}]},"43":{"line":301,"type":"if","locations":[{"start":{"line":301,"column":12},"end":{"line":301,"column":12}},{"start":{"line":301,"column":12},"end":{"line":301,"column":12}}]},"44":{"line":303,"type":"if","locations":[{"start":{"line":303,"column":12},"end":{"line":303,"column":12}},{"start":{"line":303,"column":12},"end":{"line":303,"column":12}}]},"45":{"line":309,"type":"if","locations":[{"start":{"line":309,"column":50},"end":{"line":309,"column":54}},{"start":{"line":309,"column":58},"end":{"line":309,"column":59}}]},"46":{"line":327,"type":"if","locations":[{"start":{"line":327,"column":14},"end":{"line":327,"column":34}},{"start":{"line":328,"column":14},"end":{"line":328,"column":51}}]},"47":{"line":330,"type":"if","locations":[{"start":{"line":330,"column":8},"end":{"line":330,"column":8}},{"start":{"line":330,"column":8},"end":{"line":330,"column":8}}]},"48":{"line":332,"type":"if","locations":[{"start":{"line":332,"column":15},"end":{"line":332,"column":15}},{"start":{"line":332,"column":15},"end":{"line":332,"column":15}}]},"49":{"line":334,"type":"if","locations":[{"start":{"line":334,"column":15},"end":{"line":334,"column":15}},{"start":{"line":334,"column":15},"end":{"line":334,"column":15}}]},"50":{"line":336,"type":"if","locations":[{"start":{"line":336,"column":15},"end":{"line":336,"column":15}},{"start":{"line":336,"column":15},"end":{"line":336,"column":15}}]},"51":{"line":344,"type":"if","locations":[{"start":{"line":344,"column":8},"end":{"line":344,"column":8}},{"start":{"line":344,"column":8},"end":{"line":344,"column":8}}]},"52":{"line":354,"type":"if","locations":[{"start":{"line":354,"column":8},"end":{"line":354,"column":8}},{"start":{"line":354,"column":8},"end":{"line":354,"column":8}}]},"53":{"line":368,"type":"if","locations":[{"start":{"line":368,"column":8},"end":{"line":368,"column":8}},{"start":{"line":368,"column":8},"end":{"line":368,"column":8}}]},"54":{"line":376,"type":"if","locations":[{"start":{"line":376,"column":8},"end":{"line":376,"column":8}},{"start":{"line":376,"column":8},"end":{"line":376,"column":8}}]},"55":{"line":384,"type":"if","locations":[{"start":{"line":384,"column":8},"end":{"line":384,"column":8}},{"start":{"line":384,"column":8},"end":{"line":384,"column":8}}]},"56":{"line":397,"type":"if","locations":[{"start":{"line":397,"column":8},"end":{"line":397,"column":8}},{"start":{"line":397,"column":8},"end":{"line":397,"column":8}}]},"57":{"line":401,"type":"if","locations":[{"start":{"line":401,"column":8},"end":{"line":401,"column":8}},{"start":{"line":401,"column":8},"end":{"line":401,"column":8}}]},"58":{"line":409,"type":"if","locations":[{"start":{"line":409,"column":8},"end":{"line":409,"column":8}},{"start":{"line":409,"column":8},"end":{"line":409,"column":8}}]},"59":{"line":410,"type":"cond-expr","locations":[{"start":{"line":410,"column":12},"end":{"line":410,"column":38}},{"start":{"line":411,"column":16},"end":{"line":411,"column":34}}]},"60":{"line":410,"type":"cond-expr","locations":[{"start":{"line":410,"column":12},"end":{"line":411,"column":34}},{"start":{"line":412,"column":16},"end":{"line":412,"column":44}}]},"61":{"line":410,"type":"cond-expr","locations":[{"start":{"line":410,"column":12},"end":{"line":412,"column":44}},{"start":{"line":413,"column":16},"end":{"line":413,"column":40}}]},"62":{"line":416,"type":"if","locations":[{"start":{"line":416,"column":8},"end":{"line":416,"column":8}},{"start":{"line":416,"column":8},"end":{"line":416,"column":8}}]},"63":{"line":417,"type":"if","locations":[{"start":{"line":417,"column":12},"end":{"line":417,"column":12}},{"start":{"line":417,"column":12},"end":{"line":417,"column":12}}]},"64":{"line":431,"type":"if","locations":[{"start":{"line":431,"column":15},"end":{"line":431,"column":15}},{"start":{"line":431,"column":15},"end":{"line":431,"column":15}}]},"65":{"line":432,"type":"if","locations":[{"start":{"line":432,"column":8},"end":{"line":432,"column":8}},{"start":{"line":432,"column":8},"end":{"line":432,"column":8}}]},"66":{"line":433,"type":"if","locations":[{"start":{"line":433,"column":12},"end":{"line":433,"column":12}},{"start":{"line":433,"column":12},"end":{"line":433,"column":12}}]},"67":{"line":435,"type":"if","locations":[{"start":{"line":435,"column":12},"end":{"line":435,"column":12}},{"start":{"line":435,"column":12},"end":{"line":435,"column":12}}]},"68":{"line":437,"type":"if","locations":[{"start":{"line":437,"column":12},"end":{"line":437,"column":12}},{"start":{"line":437,"column":12},"end":{"line":437,"column":12}}]},"69":{"line":441,"type":"if","locations":[{"start":{"line":441,"column":12},"end":{"line":441,"column":12}},{"start":{"line":441,"column":12},"end":{"line":441,"column":12}}]},"70":{"line":458,"type":"if","locations":[{"start":{"line":458,"column":8},"end":{"line":458,"column":8}},{"start":{"line":458,"column":8},"end":{"line":458,"column":8}}]},"71":{"line":459,"type":"cond-expr","locations":[{"start":{"line":459,"column":12},"end":{"line":459,"column":38}},{"start":{"line":459,"column":43},"end":{"line":459,"column":71}}]},"72":{"line":463,"type":"if","locations":[{"start":{"line":463,"column":8},"end":{"line":463,"column":8}},{"start":{"line":463,"column":8},"end":{"line":463,"column":8}}]},"73":{"line":467,"type":"if","locations":[{"start":{"line":467,"column":8},"end":{"line":467,"column":8}},{"start":{"line":467,"column":8},"end":{"line":467,"column":8}}]},"74":{"line":477,"type":"if","locations":[{"start":{"line":477,"column":8},"end":{"line":477,"column":8}},{"start":{"line":477,"column":8},"end":{"line":477,"column":8}}]},"75":{"line":481,"type":"if","locations":[{"start":{"line":481,"column":8},"end":{"line":481,"column":8}},{"start":{"line":481,"column":8},"end":{"line":481,"column":8}}]},"76":{"line":485,"type":"if","locations":[{"start":{"line":485,"column":8},"end":{"line":485,"column":8}},{"start":{"line":485,"column":8},"end":{"line":485,"column":8}}]},"77":{"line":489,"type":"if","locations":[{"start":{"line":489,"column":8},"end":{"line":489,"column":8}},{"start":{"line":489,"column":8},"end":{"line":489,"column":8}}]},"78":{"line":490,"type":"if","locations":[{"start":{"line":490,"column":12},"end":{"line":490,"column":12}},{"start":{"line":490,"column":12},"end":{"line":490,"column":12}}]},"79":{"line":498,"type":"if","locations":[{"start":{"line":498,"column":16},"end":{"line":498,"column":16}},{"start":{"line":498,"column":16},"end":{"line":498,"column":16}}]},"80":{"line":525,"type":"if","locations":[{"start":{"line":525,"column":8},"end":{"line":525,"column":8}},{"start":{"line":525,"column":8},"end":{"line":525,"column":8}}]},"81":{"line":581,"type":"if","locations":[{"start":{"line":581,"column":8},"end":{"line":581,"column":8}},{"start":{"line":581,"column":8},"end":{"line":581,"column":8}}]},"82":{"line":598,"type":"if","locations":[{"start":{"line":598,"column":8},"end":{"line":598,"column":8}},{"start":{"line":598,"column":8},"end":{"line":598,"column":8}}]},"83":{"line":625,"type":"if","locations":[{"start":{"line":625,"column":13},"end":{"line":625,"column":13}},{"start":{"line":625,"column":13},"end":{"line":625,"column":13}}]}}}}