{
"contracts/mock/ERC20Mock.sol":{"l":{"10":40},"path":"/workspaces/Spot/contracts/mock/ERC20Mock.sol","s":{"1":40},"b":{},"f":{"1":40},"fnMap":{"1":{"name":"constructor","line":8,"loc":{"start":{"line":7,"column":4},"end":{"line":11,"column":4}}}},"statementMap":{"1":{"start":{"line":10,"column":8},"end":{"line":10,"column":39}}},"branchMap":{}},
"contracts/mock/ERC721Mock.sol":{"l":{"12":2,"13":2},"path":"/workspaces/Spot/contracts/mock/ERC721Mock.sol","s":{"1":2},"b":{},"f":{"1":40,"2":2},"fnMap":{"1":{"name":"constructor","line":9,"loc":{"start":{"line":9,"column":4},"end":{"line":9,"column":80}}},"2":{"name":"mint","line":11,"loc":{"start":{"line":11,"column":4},"end":{"line":14,"column":4}}}},"statementMap":{"1":{"start":{"line":12,"column":8},"end":{"line":12,"column":20}}},"branchMap":{}},
"contracts/Spot.sol":{"l":{"56":0,"64":0,"72":0,"73":0,"75":0,"76":0,"79":0,"81":0,"82":0,"91":0,"92":0,"94":0,"96":0,"100":0,"101":0,"103":0,"104":0,"107":0,"109":0,"110":0,"112":0,"113":0,"116":0,"117":0,"118":0,"120":0,"124":0,"125":0,"127":0,"128":0,"130":0,"131":0,"134":0,"135":0,"136":0,"137":0,"140":0,"141":0,"143":0,"149":0,"155":0,"160":0,"163":0,"168":0,"173":0,"179":0,"185":0,"191":0,"195":0,"196":0,"199":0,"200":0,"202":0,"206":0,"207":0,"209":0,"210":0,"213":0,"214":0,"216":0},"path":"/workspaces/Spot/contracts/Spot.sol","s":{"1":0,"2":0,"3":0,"4":0,"5":0,"6":0,"7":0,"8":0,"9":0,"10":0,"11":0,"12":0,"13":0,"14":0,"15":0,"16":0,"17":0,"18":0,"19":0,"20":0,"21":0,"22":0,"23":0,"24":0,"25":0,"26":0,"27":0,"28":0,"29":0,"30":0,"31":0,"32":0,"33":0,"34":0,"35":0,"36":0,"37":0},"b":{"1":[0,0],"2":[0,0],"3":[0,0],"4":[0,0],"5":[0,0],"6":[0,0],"7":[0,0],"8":[0,0],"9":[0,0],"10":[0,0],"11":[0,0],"12":[0,0],"13":[0,0],"14":[0,0],"15":[0,0],"16":[0,0],"17":[0,0]},"f":{"1":0,"2":0,"3":0,"4":0,"5":0,"6":0,"7":0,"8":0,"9":0},"fnMap":{"1":{"name":"constructor","line":55,"loc":{"start":{"line":55,"column":4},"end":{"line":57,"column":4}}},"2":{"name":"computeHash","line":59,"loc":{"start":{"line":59,"column":4},"end":{"line":65,"column":4}}},"3":{"name":"allowBorrow","line":67,"loc":{"start":{"line":67,"column":4},"end":{"line":97,"column":4}}},"4":{"name":"borrow","line":99,"loc":{"start":{"line":99,"column":4},"end":{"line":121,"column":4}}},"5":{"name":"repay","line":123,"loc":{"start":{"line":123,"column":4},"end":{"line":180,"column":4}}},"6":{"name":"viewLenderAllowances","line":182,"loc":{"start":{"line":182,"column":4},"end":{"line":186,"column":4}}},"7":{"name":"viewFriendAllowances","line":188,"loc":{"start":{"line":188,"column":4},"end":{"line":192,"column":4}}},"8":{"name":"setFee","line":194,"loc":{"start":{"line":194,"column":4},"end":{"line":203,"column":4}}},"9":{"name":"setFeeAddress","line":205,"loc":{"start":{"line":205,"column":4},"end":{"line":217,"column":4}}}},"statementMap":{"1":{"start":{"line":64,"column":8},"end":{"line":64,"column":65}},"2":{"start":{"line":72,"column":8},"end":{"line":72,"column":1863}},"3":{"start":{"line":75,"column":8},"end":{"line":75,"column":1943}},"4":{"start":{"line":79,"column":8},"end":{"line":79,"column":61}},"5":{"start":{"line":81,"column":8},"end":{"line":81,"column":2087}},"6":{"start":{"line":91,"column":12},"end":{"line":91,"column":55}},"7":{"start":{"line":92,"column":12},"end":{"line":92,"column":51}},"8":{"start":{"line":96,"column":8},"end":{"line":96,"column":61}},"9":{"start":{"line":100,"column":8},"end":{"line":100,"column":2746}},"10":{"start":{"line":103,"column":8},"end":{"line":103,"column":2826}},"11":{"start":{"line":107,"column":8},"end":{"line":107,"column":61}},"12":{"start":{"line":109,"column":8},"end":{"line":109,"column":2970}},"13":{"start":{"line":112,"column":8},"end":{"line":112,"column":3115}},"14":{"start":{"line":118,"column":8},"end":{"line":118,"column":65}},"15":{"start":{"line":120,"column":8},"end":{"line":120,"column":56}},"16":{"start":{"line":124,"column":8},"end":{"line":124,"column":3528}},"17":{"start":{"line":127,"column":8},"end":{"line":127,"column":3608}},"18":{"start":{"line":130,"column":8},"end":{"line":130,"column":3687}},"19":{"start":{"line":134,"column":8},"end":{"line":134,"column":61}},"20":{"start":{"line":135,"column":8},"end":{"line":135,"column":3823}},"21":{"start":{"line":136,"column":12},"end":{"line":136,"column":3855}},"22":{"start":{"line":140,"column":12},"end":{"line":140,"column":69}},"23":{"start":{"line":143,"column":12},"end":{"line":143,"column":4133}},"24":{"start":{"line":149,"column":16},"end":{"line":149,"column":4329}},"25":{"start":{"line":155,"column":16},"end":{"line":155,"column":4509}},"26":{"start":{"line":163,"column":16},"end":{"line":163,"column":4833}},"27":{"start":{"line":168,"column":16},"end":{"line":168,"column":5011}},"28":{"start":{"line":179,"column":8},"end":{"line":179,"column":54}},"29":{"start":{"line":185,"column":8},"end":{"line":185,"column":44}},"30":{"start":{"line":191,"column":8},"end":{"line":191,"column":44}},"31":{"start":{"line":195,"column":8},"end":{"line":195,"column":5756}},"32":{"start":{"line":199,"column":8},"end":{"line":199,"column":28}},"33":{"start":{"line":202,"column":8},"end":{"line":202,"column":35}},"34":{"start":{"line":206,"column":8},"end":{"line":206,"column":6019}},"35":{"start":{"line":209,"column":8},"end":{"line":209,"column":6105}},"36":{"start":{"line":213,"column":8},"end":{"line":213,"column":42}},"37":{"start":{"line":216,"column":8},"end":{"line":216,"column":56}}},"branchMap":{"1":{"line":72,"type":"if","locations":[{"start":{"line":72,"column":8},"end":{"line":72,"column":8}},{"start":{"line":72,"column":8},"end":{"line":72,"column":8}}]},"2":{"line":75,"type":"if","locations":[{"start":{"line":75,"column":8},"end":{"line":75,"column":8}},{"start":{"line":75,"column":8},"end":{"line":75,"column":8}}]},"3":{"line":81,"type":"if","locations":[{"start":{"line":81,"column":8},"end":{"line":81,"column":8}},{"start":{"line":81,"column":8},"end":{"line":81,"column":8}}]},"4":{"line":100,"type":"if","locations":[{"start":{"line":100,"column":8},"end":{"line":100,"column":8}},{"start":{"line":100,"column":8},"end":{"line":100,"column":8}}]},"5":{"line":103,"type":"if","locations":[{"start":{"line":103,"column":8},"end":{"line":103,"column":8}},{"start":{"line":103,"column":8},"end":{"line":103,"column":8}}]},"6":{"line":109,"type":"if","locations":[{"start":{"line":109,"column":8},"end":{"line":109,"column":8}},{"start":{"line":109,"column":8},"end":{"line":109,"column":8}}]},"7":{"line":112,"type":"if","locations":[{"start":{"line":112,"column":8},"end":{"line":112,"column":8}},{"start":{"line":112,"column":8},"end":{"line":112,"column":8}}]},"8":{"line":124,"type":"if","locations":[{"start":{"line":124,"column":8},"end":{"line":124,"column":8}},{"start":{"line":124,"column":8},"end":{"line":124,"column":8}}]},"9":{"line":127,"type":"if","locations":[{"start":{"line":127,"column":8},"end":{"line":127,"column":8}},{"start":{"line":127,"column":8},"end":{"line":127,"column":8}}]},"10":{"line":130,"type":"if","locations":[{"start":{"line":130,"column":8},"end":{"line":130,"column":8}},{"start":{"line":130,"column":8},"end":{"line":130,"column":8}}]},"11":{"line":135,"type":"if","locations":[{"start":{"line":135,"column":8},"end":{"line":135,"column":8}},{"start":{"line":135,"column":8},"end":{"line":135,"column":8}}]},"12":{"line":136,"type":"if","locations":[{"start":{"line":136,"column":12},"end":{"line":136,"column":12}},{"start":{"line":136,"column":12},"end":{"line":136,"column":12}}]},"13":{"line":143,"type":"if","locations":[{"start":{"line":143,"column":12},"end":{"line":143,"column":12}},{"start":{"line":143,"column":12},"end":{"line":143,"column":12}}]},"14":{"line":195,"type":"if","locations":[{"start":{"line":195,"column":8},"end":{"line":195,"column":8}},{"start":{"line":195,"column":8},"end":{"line":195,"column":8}}]},"15":{"line":200,"type":"if","locations":[{"start":{"line":200,"column":29},"end":{"line":200,"column":34}},{"start":{"line":200,"column":38},"end":{"line":200,"column":39}}]},"16":{"line":206,"type":"if","locations":[{"start":{"line":206,"column":8},"end":{"line":206,"column":8}},{"start":{"line":206,"column":8},"end":{"line":206,"column":8}}]},"17":{"line":209,"type":"if","locations":[{"start":{"line":209,"column":8},"end":{"line":209,"column":8}},{"start":{"line":209,"column":8},"end":{"line":209,"column":8}}]}}},
"contracts/Stream.sol":{"l":{"40":0,"57":0,"61":0,"63":0,"111":0,"119":0,"129":0,"130":0,"131":0,"142":0,"143":0,"145":0,"146":0,"147":0,"148":0,"149":0,"151":0,"155":0,"156":0,"157":0,"159":0,"160":0,"161":0,"164":0,"165":0,"168":0,"170":0,"171":0,"174":0,"175":0,"176":0,"178":0,"179":0,"180":0,"182":0,"192":0,"200":0,"201":0,"216":0,"222":0,"223":0,"232":0,"238":0,"239":0,"240":0,"241":0,"243":0,"244":0,"247":0,"248":0,"254":0,"257":0,"258":0,"259":0,"262":0,"263":0,"267":0,"268":0,"274":0,"278":0,"279":0,"280":0,"282":0,"285":0,"286":0,"287":0,"293":0,"297":0,"301":0,"302":0,"308":0,"312":0,"313":0,"316":0,"317":0,"320":0,"327":0,"328":0,"331":0,"335":0,"336":0,"337":0,"338":0,"339":0,"340":0,"341":0,"342":0,"344":0,"351":0,"357":0,"358":0,"362":0,"363":0,"364":0,"365":0,"366":0,"367":0,"375":0,"376":0,"377":0,"379":0,"380":0,"381":0,"384":0,"385":0,"388":0,"404":0,"405":0,"406":0,"407":0,"408":0,"409":0,"411":0,"412":0,"413":0,"420":0,"421":0,"422":0,"423":0,"426":0,"431":0,"432":0,"433":0,"434":0,"435":0,"436":0,"437":0,"438":0,"443":0,"444":0,"448":0,"451":0,"458":0,"463":0,"464":0,"465":0,"466":0,"468":0,"474":0,"480":0,"484":0,"485":0,"486":0},"path":"/workspaces/Spot/contracts/Stream.sol","s":{"1":0,"2":0,"3":0,"4":0,"5":0,"6":0,"7":0,"8":0,"9":0,"10":0,"11":0,"12":0,"13":0,"14":0,"15":0,"16":0,"17":0,"18":0,"19":0,"20":0,"21":0,"22":0,"23":0,"24":0,"25":0,"26":0,"27":0,"28":0,"29":0,"30":0,"31":0,"32":0,"33":0,"34":0,"35":0,"36":0,"37":0,"38":0,"39":0,"40":0,"41":0,"42":0,"43":0,"44":0,"45":0,"46":0,"47":0,"48":0,"49":0,"50":0,"51":0,"52":0,"53":0,"54":0,"55":0,"56":0,"57":0,"58":0,"59":0,"60":0,"61":0,"62":0,"63":0,"64":0,"65":0,"66":0,"67":0,"68":0,"69":0,"70":0,"71":0,"72":0,"73":0,"74":0,"75":0,"76":0,"77":0,"78":0,"79":0,"80":0,"81":0,"82":0,"83":0,"84":0,"85":0,"86":0,"87":0,"88":0,"89":0,"90":0,"91":0,"92":0,"93":0,"94":0,"95":0,"96":0,"97":0,"98":0},"b":{"1":[0,0],"2":[0,0],"3":[0,0],"4":[0,0],"5":[0,0],"6":[0,0],"7":[0,0],"8":[0,0],"9":[0,0],"10":[0,0],"11":[0,0],"12":[0,0],"13":[0,0],"14":[0,0],"15":[0,0],"16":[0,0],"17":[0,0],"18":[0,0],"19":[0,0],"20":[0,0],"21":[0,0],"22":[0,0],"23":[0,0],"24":[0,0],"25":[0,0],"26":[0,0],"27":[0,0],"28":[0,0],"29":[0,0],"30":[0,0]},"f":{"1":0,"2":0,"3":0,"4":0,"5":0,"6":0,"7":0,"8":0,"9":0,"10":0,"11":0,"12":0,"13":0,"14":0,"15":0,"16":0,"17":0,"18":0},"fnMap":{"1":{"name":"safeTransferFrom","line":34,"loc":{"start":{"line":34,"column":4},"end":{"line":44,"column":4}}},"2":{"name":"_callOptionalReturn","line":52,"loc":{"start":{"line":52,"column":4},"end":{"line":68,"column":4}}},"3":{"name":"constructor","line":110,"loc":{"start":{"line":110,"column":4},"end":{"line":112,"column":4}}},"4":{"name":"computeHash","line":114,"loc":{"start":{"line":114,"column":4},"end":{"line":120,"column":4}}},"5":{"name":"allowStream","line":122,"loc":{"start":{"line":122,"column":4},"end":{"line":152,"column":4}}},"6":{"name":"stream","line":154,"loc":{"start":{"line":154,"column":4},"end":{"line":183,"column":4}}},"7":{"name":"batchAllowStream","line":185,"loc":{"start":{"line":185,"column":4},"end":{"line":209,"column":4}}},"8":{"name":"batchStream","line":211,"loc":{"start":{"line":211,"column":4},"end":{"line":225,"column":4}}},"9":{"name":"batchStreamAvailable","line":227,"loc":{"start":{"line":227,"column":4},"end":{"line":333,"column":4}}},"10":{"name":"batchStreamAvailableAllowances","line":334,"loc":{"start":{"line":334,"column":4},"end":{"line":345,"column":4}}},"11":{"name":"cancelStreams","line":346,"loc":{"start":{"line":346,"column":4},"end":{"line":369,"column":4}}},"12":{"name":"getAvailable","line":370,"loc":{"start":{"line":370,"column":4},"end":{"line":389,"column":4}}},"13":{"name":"getStreamDetails","line":391,"loc":{"start":{"line":391,"column":4},"end":{"line":427,"column":4}}},"14":{"name":"getStreamable","line":428,"loc":{"start":{"line":428,"column":4},"end":{"line":452,"column":4}}},"15":{"name":"batchComputeHash","line":453,"loc":{"start":{"line":453,"column":4},"end":{"line":469,"column":4}}},"16":{"name":"viewStreamerAllowances","line":471,"loc":{"start":{"line":471,"column":4},"end":{"line":475,"column":4}}},"17":{"name":"viewRecipientAllowances","line":477,"loc":{"start":{"line":477,"column":4},"end":{"line":481,"column":4}}},"18":{"name":"setFee","line":483,"loc":{"start":{"line":483,"column":4},"end":{"line":489,"column":4}}}},"statementMap":{"1":{"start":{"line":40,"column":8},"end":{"line":40,"column":1353}},"2":{"start":{"line":57,"column":8},"end":{"line":57,"column":2293}},"3":{"start":{"line":61,"column":8},"end":{"line":61,"column":2431}},"4":{"start":{"line":63,"column":12},"end":{"line":63,"column":2515}},"5":{"start":{"line":119,"column":8},"end":{"line":119,"column":70}},"6":{"start":{"line":129,"column":8},"end":{"line":129,"column":64}},"7":{"start":{"line":130,"column":8},"end":{"line":130,"column":4226}},"8":{"start":{"line":142,"column":12},"end":{"line":142,"column":57}},"9":{"start":{"line":143,"column":12},"end":{"line":143,"column":57}},"10":{"start":{"line":151,"column":8},"end":{"line":151,"column":64}},"11":{"start":{"line":155,"column":8},"end":{"line":155,"column":62}},"12":{"start":{"line":156,"column":8},"end":{"line":156,"column":59}},"13":{"start":{"line":157,"column":8},"end":{"line":157,"column":71}},"14":{"start":{"line":159,"column":8},"end":{"line":159,"column":45}},"15":{"start":{"line":160,"column":8},"end":{"line":160,"column":61}},"16":{"start":{"line":161,"column":8},"end":{"line":161,"column":5555}},"17":{"start":{"line":164,"column":8},"end":{"line":164,"column":5636}},"18":{"start":{"line":168,"column":8},"end":{"line":168,"column":70}},"19":{"start":{"line":170,"column":8},"end":{"line":170,"column":5849}},"20":{"start":{"line":176,"column":8},"end":{"line":176,"column":75}},"21":{"start":{"line":178,"column":8},"end":{"line":178,"column":6110}},"22":{"start":{"line":179,"column":12},"end":{"line":179,"column":62}},"23":{"start":{"line":180,"column":12},"end":{"line":180,"column":74}},"24":{"start":{"line":182,"column":8},"end":{"line":182,"column":66}},"25":{"start":{"line":192,"column":8},"end":{"line":192,"column":6583}},"26":{"start":{"line":200,"column":8},"end":{"line":200,"column":6860}},"27":{"start":{"line":201,"column":12},"end":{"line":201,"column":6922}},"28":{"start":{"line":216,"column":8},"end":{"line":216,"column":7264}},"29":{"start":{"line":222,"column":8},"end":{"line":222,"column":7440}},"30":{"start":{"line":223,"column":12},"end":{"line":223,"column":57}},"31":{"start":{"line":232,"column":8},"end":{"line":232,"column":7726}},"32":{"start":{"line":238,"column":8},"end":{"line":238,"column":7902}},"33":{"start":{"line":239,"column":12},"end":{"line":239,"column":37}},"34":{"start":{"line":240,"column":12},"end":{"line":240,"column":43}},"35":{"start":{"line":241,"column":12},"end":{"line":241,"column":45}},"36":{"start":{"line":243,"column":12},"end":{"line":243,"column":66}},"37":{"start":{"line":244,"column":12},"end":{"line":244,"column":63}},"38":{"start":{"line":247,"column":12},"end":{"line":247,"column":8313}},"39":{"start":{"line":248,"column":16},"end":{"line":248,"column":8372}},"40":{"start":{"line":257,"column":12},"end":{"line":257,"column":49}},"41":{"start":{"line":258,"column":12},"end":{"line":258,"column":65}},"42":{"start":{"line":259,"column":12},"end":{"line":259,"column":8727}},"43":{"start":{"line":262,"column":12},"end":{"line":262,"column":8816}},"44":{"start":{"line":267,"column":12},"end":{"line":267,"column":9059}},"45":{"start":{"line":268,"column":16},"end":{"line":268,"column":9108}},"46":{"start":{"line":278,"column":12},"end":{"line":278,"column":34}},"47":{"start":{"line":279,"column":12},"end":{"line":279,"column":9416}},"48":{"start":{"line":282,"column":12},"end":{"line":282,"column":71}},"49":{"start":{"line":285,"column":12},"end":{"line":285,"column":71}},"50":{"start":{"line":286,"column":12},"end":{"line":286,"column":9754}},"51":{"start":{"line":287,"column":16},"end":{"line":287,"column":9822}},"52":{"start":{"line":297,"column":12},"end":{"line":297,"column":10166}},"53":{"start":{"line":301,"column":12},"end":{"line":301,"column":10293}},"54":{"start":{"line":302,"column":16},"end":{"line":302,"column":10355}},"55":{"start":{"line":312,"column":12},"end":{"line":312,"column":10633}},"56":{"start":{"line":320,"column":12},"end":{"line":320,"column":10890}},"57":{"start":{"line":327,"column":12},"end":{"line":327,"column":11095}},"58":{"start":{"line":328,"column":16},"end":{"line":328,"column":78}},"59":{"start":{"line":331,"column":12},"end":{"line":331,"column":70}},"60":{"start":{"line":335,"column":8},"end":{"line":335,"column":62}},"61":{"start":{"line":336,"column":8},"end":{"line":336,"column":65}},"62":{"start":{"line":337,"column":8},"end":{"line":337,"column":66}},"63":{"start":{"line":338,"column":8},"end":{"line":338,"column":11583}},"64":{"start":{"line":339,"column":12},"end":{"line":339,"column":68}},"65":{"start":{"line":344,"column":8},"end":{"line":344,"column":58}},"66":{"start":{"line":351,"column":8},"end":{"line":351,"column":12071}},"67":{"start":{"line":357,"column":8},"end":{"line":357,"column":12247}},"68":{"start":{"line":358,"column":12},"end":{"line":358,"column":12309}},"69":{"start":{"line":362,"column":12},"end":{"line":362,"column":78}},"70":{"start":{"line":363,"column":12},"end":{"line":363,"column":63}},"71":{"start":{"line":364,"column":12},"end":{"line":364,"column":75}},"72":{"start":{"line":367,"column":12},"end":{"line":367,"column":73}},"73":{"start":{"line":375,"column":8},"end":{"line":375,"column":62}},"74":{"start":{"line":376,"column":8},"end":{"line":376,"column":59}},"75":{"start":{"line":377,"column":8},"end":{"line":377,"column":71}},"76":{"start":{"line":379,"column":8},"end":{"line":379,"column":45}},"77":{"start":{"line":380,"column":8},"end":{"line":380,"column":61}},"78":{"start":{"line":381,"column":8},"end":{"line":381,"column":13322}},"79":{"start":{"line":384,"column":8},"end":{"line":384,"column":13403}},"80":{"start":{"line":388,"column":8},"end":{"line":388,"column":30}},"81":{"start":{"line":404,"column":8},"end":{"line":404,"column":35}},"82":{"start":{"line":411,"column":8},"end":{"line":411,"column":14180}},"83":{"start":{"line":420,"column":12},"end":{"line":420,"column":51}},"84":{"start":{"line":426,"column":8},"end":{"line":426,"column":78}},"85":{"start":{"line":431,"column":8},"end":{"line":431,"column":35}},"86":{"start":{"line":435,"column":8},"end":{"line":435,"column":15101}},"87":{"start":{"line":436,"column":12},"end":{"line":436,"column":68}},"88":{"start":{"line":437,"column":12},"end":{"line":437,"column":75}},"89":{"start":{"line":438,"column":12},"end":{"line":438,"column":15305}},"90":{"start":{"line":451,"column":8},"end":{"line":451,"column":48}},"91":{"start":{"line":458,"column":8},"end":{"line":458,"column":16047}},"92":{"start":{"line":463,"column":8},"end":{"line":463,"column":38}},"93":{"start":{"line":464,"column":8},"end":{"line":464,"column":55}},"94":{"start":{"line":465,"column":8},"end":{"line":465,"column":16316}},"95":{"start":{"line":468,"column":8},"end":{"line":468,"column":21}},"96":{"start":{"line":474,"column":8},"end":{"line":474,"column":48}},"97":{"start":{"line":480,"column":8},"end":{"line":480,"column":50}},"98":{"start":{"line":484,"column":8},"end":{"line":484,"column":65}}},"branchMap":{"1":{"line":61,"type":"if","locations":[{"start":{"line":61,"column":8},"end":{"line":61,"column":8}},{"start":{"line":61,"column":8},"end":{"line":61,"column":8}}]},"2":{"line":63,"type":"if","locations":[{"start":{"line":63,"column":12},"end":{"line":63,"column":12}},{"start":{"line":63,"column":12},"end":{"line":63,"column":12}}]},"3":{"line":130,"type":"if","locations":[{"start":{"line":130,"column":8},"end":{"line":130,"column":8}},{"start":{"line":130,"column":8},"end":{"line":130,"column":8}}]},"4":{"line":157,"type":"if","locations":[{"start":{"line":157,"column":8},"end":{"line":157,"column":8}},{"start":{"line":157,"column":8},"end":{"line":157,"column":8}}]},"5":{"line":164,"type":"if","locations":[{"start":{"line":164,"column":8},"end":{"line":164,"column":8}},{"start":{"line":164,"column":8},"end":{"line":164,"column":8}}]},"6":{"line":168,"type":"if","locations":[{"start":{"line":168,"column":8},"end":{"line":168,"column":8}},{"start":{"line":168,"column":8},"end":{"line":168,"column":8}}]},"7":{"line":170,"type":"if","locations":[{"start":{"line":170,"column":8},"end":{"line":170,"column":8}},{"start":{"line":170,"column":8},"end":{"line":170,"column":8}}]},"8":{"line":178,"type":"if","locations":[{"start":{"line":178,"column":8},"end":{"line":178,"column":8}},{"start":{"line":178,"column":8},"end":{"line":178,"column":8}}]},"9":{"line":192,"type":"if","locations":[{"start":{"line":192,"column":8},"end":{"line":192,"column":8}},{"start":{"line":192,"column":8},"end":{"line":192,"column":8}}]},"10":{"line":216,"type":"if","locations":[{"start":{"line":216,"column":8},"end":{"line":216,"column":8}},{"start":{"line":216,"column":8},"end":{"line":216,"column":8}}]},"11":{"line":232,"type":"if","locations":[{"start":{"line":232,"column":8},"end":{"line":232,"column":8}},{"start":{"line":232,"column":8},"end":{"line":232,"column":8}}]},"12":{"line":247,"type":"if","locations":[{"start":{"line":247,"column":12},"end":{"line":247,"column":12}},{"start":{"line":247,"column":12},"end":{"line":247,"column":12}}]},"13":{"line":262,"type":"if","locations":[{"start":{"line":262,"column":12},"end":{"line":262,"column":12}},{"start":{"line":262,"column":12},"end":{"line":262,"column":12}}]},"14":{"line":267,"type":"if","locations":[{"start":{"line":267,"column":12},"end":{"line":267,"column":12}},{"start":{"line":267,"column":12},"end":{"line":267,"column":12}}]},"15":{"line":279,"type":"if","locations":[{"start":{"line":279,"column":12},"end":{"line":279,"column":12}},{"start":{"line":279,"column":12},"end":{"line":279,"column":12}}]},"16":{"line":286,"type":"if","locations":[{"start":{"line":286,"column":12},"end":{"line":286,"column":12}},{"start":{"line":286,"column":12},"end":{"line":286,"column":12}}]},"17":{"line":301,"type":"if","locations":[{"start":{"line":301,"column":12},"end":{"line":301,"column":12}},{"start":{"line":301,"column":12},"end":{"line":301,"column":12}}]},"18":{"line":312,"type":"if","locations":[{"start":{"line":312,"column":12},"end":{"line":312,"column":12}},{"start":{"line":312,"column":12},"end":{"line":312,"column":12}}]},"19":{"line":327,"type":"if","locations":[{"start":{"line":327,"column":12},"end":{"line":327,"column":12}},{"start":{"line":327,"column":12},"end":{"line":327,"column":12}}]},"20":{"line":351,"type":"if","locations":[{"start":{"line":351,"column":8},"end":{"line":351,"column":8}},{"start":{"line":351,"column":8},"end":{"line":351,"column":8}}]},"21":{"line":358,"type":"if","locations":[{"start":{"line":358,"column":12},"end":{"line":358,"column":12}},{"start":{"line":358,"column":12},"end":{"line":358,"column":12}}]},"22":{"line":359,"type":"cond-expr","locations":[{"start":{"line":359,"column":16},"end":{"line":359,"column":41}},{"start":{"line":359,"column":46},"end":{"line":359,"column":72}}]},"23":{"line":364,"type":"if","locations":[{"start":{"line":364,"column":12},"end":{"line":364,"column":12}},{"start":{"line":364,"column":12},"end":{"line":364,"column":12}}]},"24":{"line":377,"type":"if","locations":[{"start":{"line":377,"column":8},"end":{"line":377,"column":8}},{"start":{"line":377,"column":8},"end":{"line":377,"column":8}}]},"25":{"line":384,"type":"if","locations":[{"start":{"line":384,"column":8},"end":{"line":384,"column":8}},{"start":{"line":384,"column":8},"end":{"line":384,"column":8}}]},"26":{"line":437,"type":"if","locations":[{"start":{"line":437,"column":12},"end":{"line":437,"column":12}},{"start":{"line":437,"column":12},"end":{"line":437,"column":12}}]},"27":{"line":458,"type":"if","locations":[{"start":{"line":458,"column":8},"end":{"line":458,"column":8}},{"start":{"line":458,"column":8},"end":{"line":458,"column":8}}]},"28":{"line":484,"type":"if","locations":[{"start":{"line":484,"column":8},"end":{"line":484,"column":8}},{"start":{"line":484,"column":8},"end":{"line":484,"column":8}}]},"29":{"line":485,"type":"if","locations":[{"start":{"line":485,"column":27},"end":{"line":485,"column":30}},{"start":{"line":485,"column":34},"end":{"line":485,"column":35}}]},"30":{"line":487,"type":"if","locations":[{"start":{"line":487,"column":14},"end":{"line":487,"column":35}},{"start":{"line":488,"column":14},"end":{"line":488,"column":23}}]}}},
"contracts/Vault.sol":{"l":{"59":0,"60":49,"64":49,"65":0,"69":0,"70":4,"82":4,"83":43,"84":43,"85":43,"86":43,"87":43,"88":43,"89":43,"90":43,"91":43,"93":43,"97":43,"98":15,"100":0,"105":15,"109":15,"110":15,"118":1,"121":12,"122":12,"124":11,"125":11,"128":10,"129":10,"132":10,"141":10,"142":9,"145":10,"146":2,"148":5,"150":5,"152":5,"161":5,"164":2,"166":2,"167":2,"169":2,"171":2,"172":2,"175":2,"184":2,"185":2,"188":2,"189":0,"191":2,"200":0,"201":0,"202":5,"203":5,"205":0,"210":0,"219":5,"220":36,"221":36,"222":36,"223":36,"224":36,"225":36,"226":36,"228":36,"232":36,"236":36,"237":36,"238":36,"239":36,"240":36,"245":36,"249":4,"250":4,"252":4,"256":32,"258":36,"260":29,"261":36,"265":30,"269":2,"270":1,"271":1,"272":1,"273":1,"277":1,"278":1,"282":30,"284":30,"286":30,"289":30,"291":30,"299":30,"300":5,"301":5,"303":0,"305":5,"308":5,"309":5,"310":5,"315":5,"316":0,"317":5,"319":5,"321":5,"322":5,"326":5,"329":12,"330":12,"331":12,"333":5,"335":2,"337":1,"339":0,"344":4,"348":8,"354":8,"358":4,"359":4,"361":4,"362":4,"364":4,"368":4,"372":1,"376":1,"380":4,"384":4,"388":4,"397":4,"401":5,"402":5,"409":5,"416":2,"417":6,"419":4,"432":5,"433":2,"434":1,"435":1,"437":1,"441":1,"443":1,"444":1,"458":2,"463":3,"464":2,"467":2,"468":0,"469":2,"471":2,"472":2,"474":2,"477":2,"478":0,"481":2,"482":0,"485":2,"486":0,"489":2,"490":0,"497":1,"498":1,"499":1,"514":1,"525":0,"529":43,"536":43,"556":43,"562":220,"581":0,"582":1,"586":1,"587":1,"598":40,"600":4,"604":4,"605":3,"606":3,"616":3,"617":3,"618":3,"620":3,"621":3,"626":3,"631":0},"path":"/workspaces/Spot/contracts/Vault.sol","s":{"1":0,"2":48,"3":0,"4":2,"5":43,"6":43,"7":15,"8":0,"9":15,"10":15,"11":1,"12":0,"13":12,"14":12,"15":11,"16":10,"17":10,"18":9,"19":10,"20":8,"21":10,"22":5,"23":5,"24":2,"25":2,"26":2,"27":2,"28":2,"29":2,"30":2,"31":2,"32":2,"33":1,"34":0,"35":5,"36":5,"37":0,"38":0,"39":36,"40":36,"41":36,"42":4,"43":36,"44":36,"45":36,"46":36,"47":36,"48":4,"49":29,"50":7,"51":36,"52":6,"53":0,"54":1,"55":1,"56":1,"57":30,"58":30,"59":30,"60":30,"61":30,"62":30,"63":5,"64":0,"65":0,"66":5,"67":5,"68":5,"69":5,"70":5,"71":12,"72":0,"73":12,"74":12,"75":7,"76":7,"77":5,"78":5,"79":4,"80":0,"81":4,"82":7,"83":4,"84":4,"85":4,"86":0,"87":4,"88":4,"89":5,"90":5,"91":2,"92":6,"93":0,"94":2,"95":1,"96":1,"97":1,"98":1,"99":1,"100":2,"101":2,"102":2,"103":2,"104":2,"105":2,"106":2,"107":2,"108":2,"109":2,"110":1,"111":1,"112":1,"113":0,"114":220,"115":0,"116":40,"117":4,"118":3,"119":3,"120":3,"121":3,"122":3,"123":3,"124":1},"b":{"1":[0,0],"2":[0,48],"3":[0,0],"4":[43,-41],"5":[43,0],"6":[0,15],"7":[0,0],"8":[0,0],"9":[12,0],"10":[0,12],"11":[11,1],"12":[10,10],"13":[1,9],"14":[1,10],"15":[8,10],"16":[2,5],"17":[0,2],"18":[2,2],"19":[0,2],"20":[0,2],"21":[2,2],"22":[2,2],"23":[5,0],"24":[0,0],"25":[0,0],"26":[36,0],"27":[36,36],"28":[36,-4],"29":[36,0],"30":[36,0],"31":[36,4],"32":[4,32],"33":[4,36],"34":[36,36],"35":[2,28],"36":[2,2],"37":[1,0],"38":[1,0],"39":[30,0],"40":[30,0],"41":[30,0],"42":[30,0],"43":[0,0],"44":[0,0],"45":[5,5],"46":[12,5],"47":[12,5],"48":[5,2],"49":[2,1],"50":[1,4],"51":[8,-4],"52":[4,3],"53":[1,3],"54":[0,0],"55":[4,0],"56":[5,-1],"57":[5,0],"58":[1,4],"59":[7,7],"60":[7,3],"61":[7,1],"62":[0,4],"63":[4,2],"64":[0,0],"65":[0,1],"66":[1,1],"67":[1,0],"68":[1,0],"69":[1,0],"70":[3,-1],"71":[3,3],"72":[0,2],"73":[2,2],"74":[2,2],"75":[2,2],"76":[2,2],"77":[2,1],"78":[1,1],"79":[1,0],"80":[0,0],"81":[0,0],"82":[4,36],"83":[0,0]},"f":{"1":0,"2":49,"3":0,"4":4,"5":43,"6":15,"7":1,"8":5,"9":1,"10":5,"11":36,"12":30,"13":1,"14":30,"15":5,"16":0,"17":8,"18":4,"19":1,"20":4,"21":4,"22":5,"23":2,"24":1,"25":1,"26":0,"27":43,"28":43,"29":0,"30":1,"31":1,"32":3,"33":0},"fnMap":{"1":{"name":"onlyOwner","line":58,"loc":{"start":{"line":58,"column":4},"end":{"line":61,"column":4}}},"2":{"name":"onlyWhitelisted","line":63,"loc":{"start":{"line":63,"column":4},"end":{"line":66,"column":4}}},"3":{"name":"onlyRecoveryAddress","line":68,"loc":{"start":{"line":68,"column":4},"end":{"line":71,"column":4}}},"4":{"name":"init","line":73,"loc":{"start":{"line":73,"column":4},"end":{"line":94,"column":4}}},"5":{"name":"depositToken","line":96,"loc":{"start":{"line":96,"column":4},"end":{"line":106,"column":4}}},"6":{"name":"depositNFT","line":108,"loc":{"start":{"line":108,"column":4},"end":{"line":111,"column":4}}},"7":{"name":"withdrawToken","line":117,"loc":{"start":{"line":113,"column":4},"end":{"line":154,"column":4}}},"8":{"name":"getLimit","line":156,"loc":{"start":{"line":156,"column":4},"end":{"line":193,"column":4}}},"9":{"name":"queueWithdrawal","line":195,"loc":{"start":{"line":195,"column":4},"end":{"line":212,"column":4}}},"10":{"name":"queueTransaction","line":218,"loc":{"start":{"line":214,"column":4},"end":{"line":229,"column":4}}},"11":{"name":"confirmTransaction","line":231,"loc":{"start":{"line":231,"column":4},"end":{"line":263,"column":4}}},"12":{"name":"cancelTransaction","line":264,"loc":{"start":{"line":264,"column":4},"end":{"line":274,"column":4}}},"13":{"name":"executeTransaction","line":276,"loc":{"start":{"line":276,"column":4},"end":{"line":292,"column":4}}},"14":{"name":"executeWithdrawal","line":294,"loc":{"start":{"line":294,"column":4},"end":{"line":323,"column":4}}},"15":{"name":"getLimitAmount","line":325,"loc":{"start":{"line":325,"column":4},"end":{"line":341,"column":4}}},"16":{"name":"updateRecoveryAddress","line":343,"loc":{"start":{"line":343,"column":4},"end":{"line":349,"column":4}}},"17":{"name":"updateWhitelistAddresses","line":351,"loc":{"start":{"line":351,"column":4},"end":{"line":365,"column":4}}},"18":{"name":"updateDailyLimit","line":367,"loc":{"start":{"line":367,"column":4},"end":{"line":373,"column":4}}},"19":{"name":"updateThreshold","line":375,"loc":{"start":{"line":375,"column":4},"end":{"line":381,"column":4}}},"20":{"name":"updateDelay","line":383,"loc":{"start":{"line":383,"column":4},"end":{"line":389,"column":4}}},"21":{"name":"setTokenLimit","line":391,"loc":{"start":{"line":391,"column":4},"end":{"line":407,"column":4}}},"22":{"name":"freezeLock","line":408,"loc":{"start":{"line":408,"column":4},"end":{"line":420,"column":4}}},"23":{"name":"recover","line":431,"loc":{"start":{"line":425,"column":4},"end":{"line":445,"column":4}}},"24":{"name":"updateSettings","line":447,"loc":{"start":{"line":447,"column":4},"end":{"line":506,"column":4}}},"25":{"name":"onERC721Received","line":508,"loc":{"start":{"line":508,"column":4},"end":{"line":515,"column":4}}},"26":{"name":"constructor","line":524,"loc":{"start":{"line":524,"column":4},"end":{"line":530,"column":4}}},"27":{"name":"_delegate","line":535,"loc":{"start":{"line":535,"column":4},"end":{"line":551,"column":4}}},"28":{"name":null,"line":555,"loc":{"start":{"line":555,"column":4},"end":{"line":557,"column":4}}},"29":{"name":"onlyOwner","line":580,"loc":{"start":{"line":580,"column":4},"end":{"line":583,"column":4}}},"30":{"name":"constructor","line":585,"loc":{"start":{"line":585,"column":4},"end":{"line":588,"column":4}}},"31":{"name":"createVault","line":590,"loc":{"start":{"line":590,"column":4},"end":{"line":622,"column":4}}},"32":{"name":"updateVaultImplementation","line":625,"loc":{"start":{"line":623,"column":4},"end":{"line":627,"column":4}}},"33":{"name":"getVaultsByOwner","line":628,"loc":{"start":{"line":628,"column":4},"end":{"line":632,"column":4}}}},"statementMap":{"1":{"start":{"line":59,"column":8},"end":{"line":59,"column":52}},"2":{"start":{"line":64,"column":8},"end":{"line":64,"column":70}},"3":{"start":{"line":69,"column":8},"end":{"line":69,"column":73}},"4":{"start":{"line":82,"column":8},"end":{"line":82,"column":58}},"5":{"start":{"line":90,"column":8},"end":{"line":90,"column":2947}},"6":{"start":{"line":97,"column":8},"end":{"line":97,"column":3221}},"7":{"start":{"line":98,"column":12},"end":{"line":98,"column":63}},"8":{"start":{"line":100,"column":12},"end":{"line":100,"column":3347}},"9":{"start":{"line":105,"column":8},"end":{"line":105,"column":54}},"10":{"start":{"line":109,"column":8},"end":{"line":109,"column":72}},"11":{"start":{"line":110,"column":8},"end":{"line":110,"column":51}},"12":{"start":{"line":118,"column":8},"end":{"line":118,"column":3922}},"13":{"start":{"line":121,"column":8},"end":{"line":121,"column":57}},"14":{"start":{"line":122,"column":8},"end":{"line":122,"column":47}},"15":{"start":{"line":124,"column":8},"end":{"line":124,"column":51}},"16":{"start":{"line":125,"column":8},"end":{"line":125,"column":4210}},"17":{"start":{"line":128,"column":8},"end":{"line":128,"column":4281}},"18":{"start":{"line":132,"column":8},"end":{"line":132,"column":4393}},"19":{"start":{"line":141,"column":8},"end":{"line":141,"column":4720}},"20":{"start":{"line":145,"column":8},"end":{"line":145,"column":4817}},"21":{"start":{"line":146,"column":12},"end":{"line":146,"column":45}},"22":{"start":{"line":152,"column":12},"end":{"line":152,"column":47}},"23":{"start":{"line":161,"column":8},"end":{"line":161,"column":5363}},"24":{"start":{"line":164,"column":8},"end":{"line":164,"column":57}},"25":{"start":{"line":166,"column":8},"end":{"line":166,"column":51}},"26":{"start":{"line":167,"column":8},"end":{"line":167,"column":5601}},"27":{"start":{"line":169,"column":8},"end":{"line":169,"column":57}},"28":{"start":{"line":171,"column":8},"end":{"line":171,"column":5731}},"29":{"start":{"line":175,"column":8},"end":{"line":175,"column":5830}},"30":{"start":{"line":184,"column":8},"end":{"line":184,"column":6157}},"31":{"start":{"line":188,"column":8},"end":{"line":188,"column":6254}},"32":{"start":{"line":189,"column":12},"end":{"line":189,"column":56}},"33":{"start":{"line":191,"column":12},"end":{"line":191,"column":20}},"34":{"start":{"line":200,"column":8},"end":{"line":200,"column":25}},"35":{"start":{"line":201,"column":8},"end":{"line":201,"column":6548}},"36":{"start":{"line":203,"column":12},"end":{"line":203,"column":45}},"37":{"start":{"line":210,"column":12},"end":{"line":210,"column":43}},"38":{"start":{"line":219,"column":8},"end":{"line":219,"column":47}},"39":{"start":{"line":220,"column":8},"end":{"line":220,"column":70}},"40":{"start":{"line":228,"column":8},"end":{"line":228,"column":79}},"41":{"start":{"line":232,"column":8},"end":{"line":232,"column":7501}},"42":{"start":{"line":236,"column":8},"end":{"line":236,"column":47}},"43":{"start":{"line":237,"column":8},"end":{"line":237,"column":69}},"44":{"start":{"line":238,"column":8},"end":{"line":238,"column":67}},"45":{"start":{"line":239,"column":8},"end":{"line":239,"column":69}},"46":{"start":{"line":240,"column":8},"end":{"line":240,"column":7883}},"47":{"start":{"line":245,"column":12},"end":{"line":245,"column":8060}},"48":{"start":{"line":252,"column":8},"end":{"line":252,"column":8306}},"49":{"start":{"line":258,"column":8},"end":{"line":258,"column":54}},"50":{"start":{"line":260,"column":8},"end":{"line":260,"column":8545}},"51":{"start":{"line":261,"column":12},"end":{"line":261,"column":38}},"52":{"start":{"line":265,"column":8},"end":{"line":265,"column":8713}},"53":{"start":{"line":269,"column":8},"end":{"line":269,"column":69}},"54":{"start":{"line":270,"column":8},"end":{"line":270,"column":67}},"55":{"start":{"line":271,"column":8},"end":{"line":271,"column":69}},"56":{"start":{"line":277,"column":8},"end":{"line":277,"column":69}},"57":{"start":{"line":278,"column":8},"end":{"line":278,"column":9265}},"58":{"start":{"line":282,"column":8},"end":{"line":282,"column":69}},"59":{"start":{"line":286,"column":8},"end":{"line":286,"column":9496}},"60":{"start":{"line":289,"column":8},"end":{"line":289,"column":55}},"61":{"start":{"line":291,"column":8},"end":{"line":291,"column":75}},"62":{"start":{"line":299,"column":8},"end":{"line":299,"column":9868}},"63":{"start":{"line":300,"column":12},"end":{"line":300,"column":57}},"64":{"start":{"line":301,"column":12},"end":{"line":301,"column":46}},"65":{"start":{"line":303,"column":12},"end":{"line":303,"column":73}},"66":{"start":{"line":305,"column":8},"end":{"line":305,"column":42}},"67":{"start":{"line":308,"column":8},"end":{"line":308,"column":70}},"68":{"start":{"line":321,"column":8},"end":{"line":321,"column":72}},"69":{"start":{"line":322,"column":8},"end":{"line":322,"column":71}},"70":{"start":{"line":326,"column":8},"end":{"line":326,"column":10921}},"71":{"start":{"line":329,"column":8},"end":{"line":329,"column":53}},"72":{"start":{"line":330,"column":8},"end":{"line":330,"column":11068}},"73":{"start":{"line":331,"column":12},"end":{"line":331,"column":35}},"74":{"start":{"line":332,"column":15},"end":{"line":332,"column":11148}},"75":{"start":{"line":333,"column":12},"end":{"line":333,"column":58}},"76":{"start":{"line":334,"column":15},"end":{"line":334,"column":11256}},"77":{"start":{"line":335,"column":12},"end":{"line":335,"column":20}},"78":{"start":{"line":336,"column":15},"end":{"line":336,"column":11348}},"79":{"start":{"line":337,"column":12},"end":{"line":337,"column":59}},"80":{"start":{"line":339,"column":12},"end":{"line":339,"column":47}},"81":{"start":{"line":344,"column":8},"end":{"line":344,"column":11605}},"82":{"start":{"line":354,"column":8},"end":{"line":354,"column":11884}},"83":{"start":{"line":358,"column":8},"end":{"line":358,"column":12005}},"84":{"start":{"line":361,"column":8},"end":{"line":361,"column":12143}},"85":{"start":{"line":368,"column":8},"end":{"line":368,"column":12413}},"86":{"start":{"line":376,"column":8},"end":{"line":376,"column":12639}},"87":{"start":{"line":384,"column":8},"end":{"line":384,"column":12855}},"88":{"start":{"line":397,"column":8},"end":{"line":397,"column":13167}},"89":{"start":{"line":401,"column":8},"end":{"line":401,"column":63}},"90":{"start":{"line":409,"column":8},"end":{"line":409,"column":13584}},"91":{"start":{"line":416,"column":8},"end":{"line":416,"column":13888}},"92":{"start":{"line":417,"column":12},"end":{"line":417,"column":56}},"93":{"start":{"line":432,"column":8},"end":{"line":432,"column":14279}},"94":{"start":{"line":433,"column":12},"end":{"line":433,"column":75}},"95":{"start":{"line":434,"column":12},"end":{"line":434,"column":59}},"96":{"start":{"line":435,"column":12},"end":{"line":435,"column":46}},"97":{"start":{"line":437,"column":12},"end":{"line":437,"column":14527}},"98":{"start":{"line":441,"column":12},"end":{"line":441,"column":73}},"99":{"start":{"line":443,"column":8},"end":{"line":443,"column":42}},"100":{"start":{"line":458,"column":8},"end":{"line":458,"column":15195}},"101":{"start":{"line":463,"column":8},"end":{"line":463,"column":15327}},"102":{"start":{"line":467,"column":8},"end":{"line":467,"column":15436}},"103":{"start":{"line":468,"column":12},"end":{"line":468,"column":15494}},"104":{"start":{"line":471,"column":12},"end":{"line":471,"column":15644}},"105":{"start":{"line":477,"column":8},"end":{"line":477,"column":15862}},"106":{"start":{"line":481,"column":8},"end":{"line":481,"column":15947}},"107":{"start":{"line":485,"column":8},"end":{"line":485,"column":16029}},"108":{"start":{"line":489,"column":8},"end":{"line":489,"column":16099}},"109":{"start":{"line":490,"column":12},"end":{"line":490,"column":16140}},"110":{"start":{"line":497,"column":12},"end":{"line":497,"column":16402}},"111":{"start":{"line":498,"column":16},"end":{"line":498,"column":75}},"112":{"start":{"line":514,"column":8},"end":{"line":514,"column":45}},"113":{"start":{"line":525,"column":8},"end":{"line":525,"column":17332}},"114":{"start":{"line":556,"column":8},"end":{"line":556,"column":32}},"115":{"start":{"line":581,"column":8},"end":{"line":581,"column":52}},"116":{"start":{"line":598,"column":8},"end":{"line":598,"column":76}},"117":{"start":{"line":600,"column":8},"end":{"line":600,"column":19626}},"118":{"start":{"line":604,"column":8},"end":{"line":604,"column":77}},"119":{"start":{"line":605,"column":8},"end":{"line":605,"column":39}},"120":{"start":{"line":606,"column":8},"end":{"line":606,"column":19866}},"121":{"start":{"line":617,"column":8},"end":{"line":617,"column":44}},"122":{"start":{"line":620,"column":8},"end":{"line":620,"column":69}},"123":{"start":{"line":621,"column":8},"end":{"line":621,"column":20}},"124":{"start":{"line":631,"column":8},"end":{"line":631,"column":36}}},"branchMap":{"1":{"line":59,"type":"if","locations":[{"start":{"line":59,"column":8},"end":{"line":59,"column":8}},{"start":{"line":59,"column":8},"end":{"line":59,"column":8}}]},"2":{"line":64,"type":"if","locations":[{"start":{"line":64,"column":8},"end":{"line":64,"column":8}},{"start":{"line":64,"column":8},"end":{"line":64,"column":8}}]},"3":{"line":69,"type":"if","locations":[{"start":{"line":69,"column":8},"end":{"line":69,"column":8}},{"start":{"line":69,"column":8},"end":{"line":69,"column":8}}]},"4":{"line":82,"type":"if","locations":[{"start":{"line":82,"column":8},"end":{"line":82,"column":8}},{"start":{"line":82,"column":8},"end":{"line":82,"column":8}}]},"5":{"line":97,"type":"if","locations":[{"start":{"line":97,"column":8},"end":{"line":97,"column":8}},{"start":{"line":97,"column":8},"end":{"line":97,"column":8}}]},"6":{"line":98,"type":"if","locations":[{"start":{"line":98,"column":12},"end":{"line":98,"column":12}},{"start":{"line":98,"column":12},"end":{"line":98,"column":12}}]},"7":{"line":100,"type":"if","locations":[{"start":{"line":100,"column":12},"end":{"line":100,"column":12}},{"start":{"line":100,"column":12},"end":{"line":100,"column":12}}]},"8":{"line":117,"type":"if","locations":[{"start":{"line":117,"column":13},"end":{"line":117,"column":13}},{"start":{"line":117,"column":13},"end":{"line":117,"column":13}}]},"9":{"line":119,"type":"if","locations":[{"start":{"line":119,"column":14},"end":{"line":119,"column":34}},{"start":{"line":120,"column":14},"end":{"line":120,"column":51}}]},"10":{"line":121,"type":"if","locations":[{"start":{"line":121,"column":8},"end":{"line":121,"column":8}},{"start":{"line":121,"column":8},"end":{"line":121,"column":8}}]},"11":{"line":122,"type":"if","locations":[{"start":{"line":122,"column":8},"end":{"line":122,"column":8}},{"start":{"line":122,"column":8},"end":{"line":122,"column":8}}]},"12":{"line":128,"type":"if","locations":[{"start":{"line":128,"column":8},"end":{"line":128,"column":8}},{"start":{"line":128,"column":8},"end":{"line":128,"column":8}}]},"13":{"line":136,"type":"if","locations":[{"start":{"line":136,"column":14},"end":{"line":139,"column":42}},{"start":{"line":140,"column":14},"end":{"line":140,"column":14}}]},"14":{"line":141,"type":"if","locations":[{"start":{"line":141,"column":8},"end":{"line":141,"column":8}},{"start":{"line":141,"column":8},"end":{"line":141,"column":8}}]},"15":{"line":145,"type":"if","locations":[{"start":{"line":145,"column":8},"end":{"line":145,"column":8}},{"start":{"line":145,"column":8},"end":{"line":145,"column":8}}]},"16":{"line":162,"type":"if","locations":[{"start":{"line":162,"column":14},"end":{"line":162,"column":34}},{"start":{"line":163,"column":14},"end":{"line":163,"column":51}}]},"17":{"line":164,"type":"if","locations":[{"start":{"line":164,"column":8},"end":{"line":164,"column":8}},{"start":{"line":164,"column":8},"end":{"line":164,"column":8}}]},"18":{"line":171,"type":"if","locations":[{"start":{"line":171,"column":8},"end":{"line":171,"column":8}},{"start":{"line":171,"column":8},"end":{"line":171,"column":8}}]},"19":{"line":179,"type":"if","locations":[{"start":{"line":179,"column":14},"end":{"line":182,"column":42}},{"start":{"line":183,"column":14},"end":{"line":183,"column":14}}]},"20":{"line":184,"type":"if","locations":[{"start":{"line":184,"column":8},"end":{"line":184,"column":8}},{"start":{"line":184,"column":8},"end":{"line":184,"column":8}}]},"21":{"line":188,"type":"if","locations":[{"start":{"line":188,"column":8},"end":{"line":188,"column":8}},{"start":{"line":188,"column":8},"end":{"line":188,"column":8}}]},"22":{"line":189,"type":"if","locations":[{"start":{"line":189,"column":33},"end":{"line":189,"column":38}},{"start":{"line":189,"column":42},"end":{"line":189,"column":55}}]},"23":{"line":201,"type":"if","locations":[{"start":{"line":201,"column":8},"end":{"line":201,"column":8}},{"start":{"line":201,"column":8},"end":{"line":201,"column":8}}]},"24":{"line":218,"type":"if","locations":[{"start":{"line":218,"column":13},"end":{"line":218,"column":13}},{"start":{"line":218,"column":13},"end":{"line":218,"column":13}}]},"25":{"line":219,"type":"if","locations":[{"start":{"line":219,"column":8},"end":{"line":219,"column":8}},{"start":{"line":219,"column":8},"end":{"line":219,"column":8}}]},"26":{"line":232,"type":"if","locations":[{"start":{"line":232,"column":8},"end":{"line":232,"column":8}},{"start":{"line":232,"column":8},"end":{"line":232,"column":8}}]},"27":{"line":233,"type":"cond-expr","locations":[{"start":{"line":233,"column":12},"end":{"line":233,"column":30}},{"start":{"line":233,"column":35},"end":{"line":233,"column":59}}]},"28":{"line":236,"type":"if","locations":[{"start":{"line":236,"column":8},"end":{"line":236,"column":8}},{"start":{"line":236,"column":8},"end":{"line":236,"column":8}}]},"29":{"line":238,"type":"if","locations":[{"start":{"line":238,"column":8},"end":{"line":238,"column":8}},{"start":{"line":238,"column":8},"end":{"line":238,"column":8}}]},"30":{"line":239,"type":"if","locations":[{"start":{"line":239,"column":8},"end":{"line":239,"column":8}},{"start":{"line":239,"column":8},"end":{"line":239,"column":8}}]},"31":{"line":240,"type":"if","locations":[{"start":{"line":240,"column":8},"end":{"line":240,"column":8}},{"start":{"line":240,"column":8},"end":{"line":240,"column":8}}]},"32":{"line":245,"type":"if","locations":[{"start":{"line":245,"column":12},"end":{"line":245,"column":12}},{"start":{"line":245,"column":12},"end":{"line":245,"column":12}}]},"33":{"line":252,"type":"if","locations":[{"start":{"line":252,"column":8},"end":{"line":252,"column":8}},{"start":{"line":252,"column":8},"end":{"line":252,"column":8}}]},"34":{"line":260,"type":"if","locations":[{"start":{"line":260,"column":8},"end":{"line":260,"column":8}},{"start":{"line":260,"column":8},"end":{"line":260,"column":8}}]},"35":{"line":265,"type":"if","locations":[{"start":{"line":265,"column":8},"end":{"line":265,"column":8}},{"start":{"line":265,"column":8},"end":{"line":265,"column":8}}]},"36":{"line":266,"type":"cond-expr","locations":[{"start":{"line":266,"column":12},"end":{"line":266,"column":30}},{"start":{"line":266,"column":35},"end":{"line":266,"column":63}}]},"37":{"line":270,"type":"if","locations":[{"start":{"line":270,"column":8},"end":{"line":270,"column":8}},{"start":{"line":270,"column":8},"end":{"line":270,"column":8}}]},"38":{"line":271,"type":"if","locations":[{"start":{"line":271,"column":8},"end":{"line":271,"column":8}},{"start":{"line":271,"column":8},"end":{"line":271,"column":8}}]},"39":{"line":278,"type":"if","locations":[{"start":{"line":278,"column":8},"end":{"line":278,"column":8}},{"start":{"line":278,"column":8},"end":{"line":278,"column":8}}]},"40":{"line":282,"type":"if","locations":[{"start":{"line":282,"column":8},"end":{"line":282,"column":8}},{"start":{"line":282,"column":8},"end":{"line":282,"column":8}}]},"41":{"line":289,"type":"if","locations":[{"start":{"line":289,"column":8},"end":{"line":289,"column":8}},{"start":{"line":289,"column":8},"end":{"line":289,"column":8}}]},"42":{"line":299,"type":"if","locations":[{"start":{"line":299,"column":8},"end":{"line":299,"column":8}},{"start":{"line":299,"column":8},"end":{"line":299,"column":8}}]},"43":{"line":301,"type":"if","locations":[{"start":{"line":301,"column":12},"end":{"line":301,"column":12}},{"start":{"line":301,"column":12},"end":{"line":301,"column":12}}]},"44":{"line":303,"type":"if","locations":[{"start":{"line":303,"column":12},"end":{"line":303,"column":12}},{"start":{"line":303,"column":12},"end":{"line":303,"column":12}}]},"45":{"line":309,"type":"if","locations":[{"start":{"line":309,"column":50},"end":{"line":309,"column":54}},{"start":{"line":309,"column":58},"end":{"line":309,"column":59}}]},"46":{"line":327,"type":"if","locations":[{"start":{"line":327,"column":14},"end":{"line":327,"column":34}},{"start":{"line":328,"column":14},"end":{"line":328,"column":51}}]},"47":{"line":330,"type":"if","locations":[{"start":{"line":330,"column":8},"end":{"line":330,"column":8}},{"start":{"line":330,"column":8},"end":{"line":330,"column":8}}]},"48":{"line":332,"type":"if","locations":[{"start":{"line":332,"column":15},"end":{"line":332,"column":15}},{"start":{"line":332,"column":15},"end":{"line":332,"column":15}}]},"49":{"line":334,"type":"if","locations":[{"start":{"line":334,"column":15},"end":{"line":334,"column":15}},{"start":{"line":334,"column":15},"end":{"line":334,"column":15}}]},"50":{"line":336,"type":"if","locations":[{"start":{"line":336,"column":15},"end":{"line":336,"column":15}},{"start":{"line":336,"column":15},"end":{"line":336,"column":15}}]},"51":{"line":344,"type":"if","locations":[{"start":{"line":344,"column":8},"end":{"line":344,"column":8}},{"start":{"line":344,"column":8},"end":{"line":344,"column":8}}]},"52":{"line":354,"type":"if","locations":[{"start":{"line":354,"column":8},"end":{"line":354,"column":8}},{"start":{"line":354,"column":8},"end":{"line":354,"column":8}}]},"53":{"line":368,"type":"if","locations":[{"start":{"line":368,"column":8},"end":{"line":368,"column":8}},{"start":{"line":368,"column":8},"end":{"line":368,"column":8}}]},"54":{"line":376,"type":"if","locations":[{"start":{"line":376,"column":8},"end":{"line":376,"column":8}},{"start":{"line":376,"column":8},"end":{"line":376,"column":8}}]},"55":{"line":384,"type":"if","locations":[{"start":{"line":384,"column":8},"end":{"line":384,"column":8}},{"start":{"line":384,"column":8},"end":{"line":384,"column":8}}]},"56":{"line":397,"type":"if","locations":[{"start":{"line":397,"column":8},"end":{"line":397,"column":8}},{"start":{"line":397,"column":8},"end":{"line":397,"column":8}}]},"57":{"line":401,"type":"if","locations":[{"start":{"line":401,"column":8},"end":{"line":401,"column":8}},{"start":{"line":401,"column":8},"end":{"line":401,"column":8}}]},"58":{"line":409,"type":"if","locations":[{"start":{"line":409,"column":8},"end":{"line":409,"column":8}},{"start":{"line":409,"column":8},"end":{"line":409,"column":8}}]},"59":{"line":410,"type":"cond-expr","locations":[{"start":{"line":410,"column":12},"end":{"line":410,"column":38}},{"start":{"line":411,"column":16},"end":{"line":411,"column":34}}]},"60":{"line":410,"type":"cond-expr","locations":[{"start":{"line":410,"column":12},"end":{"line":411,"column":34}},{"start":{"line":412,"column":16},"end":{"line":412,"column":44}}]},"61":{"line":410,"type":"cond-expr","locations":[{"start":{"line":410,"column":12},"end":{"line":412,"column":44}},{"start":{"line":413,"column":16},"end":{"line":413,"column":40}}]},"62":{"line":416,"type":"if","locations":[{"start":{"line":416,"column":8},"end":{"line":416,"column":8}},{"start":{"line":416,"column":8},"end":{"line":416,"column":8}}]},"63":{"line":417,"type":"if","locations":[{"start":{"line":417,"column":12},"end":{"line":417,"column":12}},{"start":{"line":417,"column":12},"end":{"line":417,"column":12}}]},"64":{"line":431,"type":"if","locations":[{"start":{"line":431,"column":15},"end":{"line":431,"column":15}},{"start":{"line":431,"column":15},"end":{"line":431,"column":15}}]},"65":{"line":432,"type":"if","locations":[{"start":{"line":432,"column":8},"end":{"line":432,"column":8}},{"start":{"line":432,"column":8},"end":{"line":432,"column":8}}]},"66":{"line":433,"type":"if","locations":[{"start":{"line":433,"column":12},"end":{"line":433,"column":12}},{"start":{"line":433,"column":12},"end":{"line":433,"column":12}}]},"67":{"line":435,"type":"if","locations":[{"start":{"line":435,"column":12},"end":{"line":435,"column":12}},{"start":{"line":435,"column":12},"end":{"line":435,"column":12}}]},"68":{"line":437,"type":"if","locations":[{"start":{"line":437,"column":12},"end":{"line":437,"column":12}},{"start":{"line":437,"column":12},"end":{"line":437,"column":12}}]},"69":{"line":441,"type":"if","locations":[{"start":{"line":441,"column":12},"end":{"line":441,"column":12}},{"start":{"line":441,"column":12},"end":{"line":441,"column":12}}]},"70":{"line":458,"type":"if","locations":[{"start":{"line":458,"column":8},"end":{"line":458,"column":8}},{"start":{"line":458,"column":8},"end":{"line":458,"column":8}}]},"71":{"line":459,"type":"cond-expr","locations":[{"start":{"line":459,"column":12},"end":{"line":459,"column":38}},{"start":{"line":459,"column":43},"end":{"line":459,"column":71}}]},"72":{"line":463,"type":"if","locations":[{"start":{"line":463,"column":8},"end":{"line":463,"column":8}},{"start":{"line":463,"column":8},"end":{"line":463,"column":8}}]},"73":{"line":467,"type":"if","locations":[{"start":{"line":467,"column":8},"end":{"line":467,"column":8}},{"start":{"line":467,"column":8},"end":{"line":467,"column":8}}]},"74":{"line":477,"type":"if","locations":[{"start":{"line":477,"column":8},"end":{"line":477,"column":8}},{"start":{"line":477,"column":8},"end":{"line":477,"column":8}}]},"75":{"line":481,"type":"if","locations":[{"start":{"line":481,"column":8},"end":{"line":481,"column":8}},{"start":{"line":481,"column":8},"end":{"line":481,"column":8}}]},"76":{"line":485,"type":"if","locations":[{"start":{"line":485,"column":8},"end":{"line":485,"column":8}},{"start":{"line":485,"column":8},"end":{"line":485,"column":8}}]},"77":{"line":489,"type":"if","locations":[{"start":{"line":489,"column":8},"end":{"line":489,"column":8}},{"start":{"line":489,"column":8},"end":{"line":489,"column":8}}]},"78":{"line":490,"type":"if","locations":[{"start":{"line":490,"column":12},"end":{"line":490,"column":12}},{"start":{"line":490,"column":12},"end":{"line":490,"column":12}}]},"79":{"line":498,"type":"if","locations":[{"start":{"line":498,"column":16},"end":{"line":498,"column":16}},{"start":{"line":498,"column":16},"end":{"line":498,"column":16}}]},"80":{"line":525,"type":"if","locations":[{"start":{"line":525,"column":8},"end":{"line":525,"column":8}},{"start":{"line":525,"column":8},"end":{"line":525,"column":8}}]},"81":{"line":581,"type":"if","locations":[{"start":{"line":581,"column":8},"end":{"line":581,"column":8}},{"start":{"line":581,"column":8},"end":{"line":581,"column":8}}]},"82":{"line":598,"type":"if","locations":[{"start":{"line":598,"column":8},"end":{"line":598,"column":8}},{"start":{"line":598,"column":8},"end":{"line":598,"column":8}}]},"83":{"line":625,"type":"if","locations":[{"start":{"line":625,"column":13},"end":{"line":625,"column":13}},{"start":{"line":625,"column":13},"end":{"line":625,"column":13}}]}}}}
