TN:
SF:/workspaces/Spot/contracts/mock/ERC20Mock.sol
FN:8,constructor
FNF:1
FNH:1
FNDA:24,constructor
DA:10,24
LF:1
LH:1
BRF:0
BRH:0
end_of_record
TN:
SF:/workspaces/Spot/contracts/mock/ERC721Mock.sol
FN:9,constructor
FN:11,mint
FNF:2
FNH:2
FNDA:24,constructor
FNDA:1,mint
DA:12,1
DA:13,1
LF:2
LH:2
BRF:0
BRH:0
end_of_record
TN:
SF:/workspaces/Spot/contracts/Spot.sol
FN:55,constructor
FN:59,computeHash
FN:67,allowBorrow
FN:99,borrow
FN:123,repay
FN:182,viewLenderAllowances
FN:188,viewFriendAllowances
FN:194,setFee
FN:205,setFeeAddress
FNF:9
FNH:0
FNDA:0,constructor
FNDA:0,computeHash
FNDA:0,allowBorrow
FNDA:0,borrow
FNDA:0,repay
FNDA:0,viewLenderAllowances
FNDA:0,viewFriendAllowances
FNDA:0,setFee
FNDA:0,setFeeAddress
DA:56,0
DA:64,0
DA:72,0
DA:73,0
DA:75,0
DA:76,0
DA:79,0
DA:81,0
DA:82,0
DA:91,0
DA:92,0
DA:94,0
DA:96,0
DA:100,0
DA:101,0
DA:103,0
DA:104,0
DA:107,0
DA:109,0
DA:110,0
DA:112,0
DA:113,0
DA:116,0
DA:117,0
DA:118,0
DA:120,0
DA:124,0
DA:125,0
DA:127,0
DA:128,0
DA:130,0
DA:131,0
DA:134,0
DA:135,0
DA:136,0
DA:137,0
DA:140,0
DA:141,0
DA:143,0
DA:149,0
DA:155,0
DA:160,0
DA:163,0
DA:168,0
DA:173,0
DA:179,0
DA:185,0
DA:191,0
DA:195,0
DA:196,0
DA:199,0
DA:200,0
DA:202,0
DA:206,0
DA:207,0
DA:209,0
DA:210,0
DA:213,0
DA:214,0
DA:216,0
LF:60
LH:0
BRDA:72,1,0,0
BRDA:72,1,1,0
BRDA:75,2,0,0
BRDA:75,2,1,0
BRDA:81,3,0,0
BRDA:81,3,1,0
BRDA:100,4,0,0
BRDA:100,4,1,0
BRDA:103,5,0,0
BRDA:103,5,1,0
BRDA:109,6,0,0
BRDA:109,6,1,0
BRDA:112,7,0,0
BRDA:112,7,1,0
BRDA:124,8,0,0
BRDA:124,8,1,0
BRDA:127,9,0,0
BRDA:127,9,1,0
BRDA:130,10,0,0
BRDA:130,10,1,0
BRDA:135,11,0,0
BRDA:135,11,1,0
BRDA:136,12,0,0
BRDA:136,12,1,0
BRDA:143,13,0,0
BRDA:143,13,1,0
BRDA:195,14,0,0
BRDA:195,14,1,0
BRDA:200,15,0,0
BRDA:200,15,1,0
BRDA:206,16,0,0
BRDA:206,16,1,0
BRDA:209,17,0,0
BRDA:209,17,1,0
BRF:34
BRH:0
end_of_record
TN:
SF:/workspaces/Spot/contracts/Stream.sol
FN:34,safeTransferFrom
FN:52,_callOptionalReturn
FN:110,constructor
FN:114,computeHash
FN:122,allowStream
FN:154,stream
FN:185,batchAllowStream
FN:211,batchStream
FN:227,batchStreamAvailable
FN:334,batchStreamAvailableAllowances
FN:346,cancelStreams
FN:370,getAvailable
FN:391,getStreamDetails
FN:428,getStreamable
FN:453,batchComputeHash
FN:471,viewStreamerAllowances
FN:477,viewRecipientAllowances
FN:483,setFee
FNF:18
FNH:0
FNDA:0,safeTransferFrom
FNDA:0,_callOptionalReturn
FNDA:0,constructor
FNDA:0,computeHash
FNDA:0,allowStream
FNDA:0,stream
FNDA:0,batchAllowStream
FNDA:0,batchStream
FNDA:0,batchStreamAvailable
FNDA:0,batchStreamAvailableAllowances
FNDA:0,cancelStreams
FNDA:0,getAvailable
FNDA:0,getStreamDetails
FNDA:0,getStreamable
FNDA:0,batchComputeHash
FNDA:0,viewStreamerAllowances
FNDA:0,viewRecipientAllowances
FNDA:0,setFee
DA:40,0
DA:57,0
DA:61,0
DA:63,0
DA:111,0
DA:119,0
DA:129,0
DA:130,0
DA:131,0
DA:142,0
DA:143,0
DA:145,0
DA:146,0
DA:147,0
DA:148,0
DA:149,0
DA:151,0
DA:155,0
DA:156,0
DA:157,0
DA:159,0
DA:160,0
DA:161,0
DA:164,0
DA:165,0
DA:168,0
DA:170,0
DA:171,0
DA:174,0
DA:175,0
DA:176,0
DA:178,0
DA:179,0
DA:180,0
DA:182,0
DA:192,0
DA:200,0
DA:201,0
DA:216,0
DA:222,0
DA:223,0
DA:232,0
DA:238,0
DA:239,0
DA:240,0
DA:241,0
DA:243,0
DA:244,0
DA:247,0
DA:248,0
DA:254,0
DA:257,0
DA:258,0
DA:259,0
DA:262,0
DA:263,0
DA:267,0
DA:268,0
DA:274,0
DA:278,0
DA:279,0
DA:280,0
DA:282,0
DA:285,0
DA:286,0
DA:287,0
DA:293,0
DA:297,0
DA:301,0
DA:302,0
DA:308,0
DA:312,0
DA:313,0
DA:316,0
DA:317,0
DA:320,0
DA:327,0
DA:328,0
DA:331,0
DA:335,0
DA:336,0
DA:337,0
DA:338,0
DA:339,0
DA:340,0
DA:341,0
DA:342,0
DA:344,0
DA:351,0
DA:357,0
DA:358,0
DA:362,0
DA:363,0
DA:364,0
DA:365,0
DA:366,0
DA:367,0
DA:375,0
DA:376,0
DA:377,0
DA:379,0
DA:380,0
DA:381,0
DA:384,0
DA:385,0
DA:388,0
DA:404,0
DA:405,0
DA:406,0
DA:407,0
DA:408,0
DA:409,0
DA:411,0
DA:412,0
DA:413,0
DA:420,0
DA:421,0
DA:422,0
DA:423,0
DA:426,0
DA:431,0
DA:432,0
DA:433,0
DA:434,0
DA:435,0
DA:436,0
DA:437,0
DA:438,0
DA:443,0
DA:444,0
DA:448,0
DA:451,0
DA:458,0
DA:463,0
DA:464,0
DA:465,0
DA:466,0
DA:468,0
DA:474,0
DA:480,0
DA:484,0
DA:485,0
DA:486,0
LF:143
LH:0
BRDA:61,1,0,0
BRDA:61,1,1,0
BRDA:63,2,0,0
BRDA:63,2,1,0
BRDA:130,3,0,0
BRDA:130,3,1,0
BRDA:157,4,0,0
BRDA:157,4,1,0
BRDA:164,5,0,0
BRDA:164,5,1,0
BRDA:168,6,0,0
BRDA:168,6,1,0
BRDA:170,7,0,0
BRDA:170,7,1,0
BRDA:178,8,0,0
BRDA:178,8,1,0
BRDA:192,9,0,0
BRDA:192,9,1,0
BRDA:216,10,0,0
BRDA:216,10,1,0
BRDA:232,11,0,0
BRDA:232,11,1,0
BRDA:247,12,0,0
BRDA:247,12,1,0
BRDA:262,13,0,0
BRDA:262,13,1,0
BRDA:267,14,0,0
BRDA:267,14,1,0
BRDA:279,15,0,0
BRDA:279,15,1,0
BRDA:286,16,0,0
BRDA:286,16,1,0
BRDA:301,17,0,0
BRDA:301,17,1,0
BRDA:312,18,0,0
BRDA:312,18,1,0
BRDA:327,19,0,0
BRDA:327,19,1,0
BRDA:351,20,0,0
BRDA:351,20,1,0
BRDA:358,21,0,0
BRDA:358,21,1,0
BRDA:359,22,0,0
BRDA:359,22,1,0
BRDA:364,23,0,0
BRDA:364,23,1,0
BRDA:377,24,0,0
BRDA:377,24,1,0
BRDA:384,25,0,0
BRDA:384,25,1,0
BRDA:437,26,0,0
BRDA:437,26,1,0
BRDA:458,27,0,0
BRDA:458,27,1,0
BRDA:484,28,0,0
BRDA:484,28,1,0
BRDA:485,29,0,0
BRDA:485,29,1,0
BRDA:487,30,0,0
BRDA:487,30,1,0
BRF:60
BRH:0
end_of_record
TN:
SF:/workspaces/Spot/contracts/Vault.sol
FN:58,onlyOwner
FN:63,onlyWhitelisted
FN:68,onlyRecoveryAddress
FN:73,init
FN:96,depositToken
FN:108,depositNFT
FN:117,withdrawToken
FN:156,getLimit
FN:195,queueWithdrawal
FN:218,queueTransaction
FN:231,confirmTransaction
FN:264,cancelTransaction
FN:276,executeTransaction
FN:294,executeWithdrawal
FN:325,getLimitAmount
FN:343,updateRecoveryAddress
FN:351,updateWhitelistAddresses
FN:367,updateDailyLimit
FN:375,updateThreshold
FN:383,updateDelay
FN:391,setTokenLimit
FN:408,freezeLock
FN:431,recover
FN:447,updateSettings
FN:508,onERC721Received
FN:524,constructor
FN:535,_delegate
FN:555,
FN:580,onlyOwner
FN:585,constructor
FN:590,createVault
FN:625,updateVaultImplementation
FN:628,getVaultsByOwner
FNF:33
FNH:21
FNDA:0,onlyOwner
FNDA:28,onlyWhitelisted
FNDA:0,onlyRecoveryAddress
FNDA:3,init
FNDA:24,depositToken
FNDA:13,depositNFT
FNDA:1,withdrawToken
FNDA:4,getLimit
FNDA:0,queueWithdrawal
FNDA:4,queueTransaction
FNDA:17,confirmTransaction
FNDA:13,cancelTransaction
FNDA:1,executeTransaction
FNDA:13,executeWithdrawal
FNDA:4,getLimitAmount
FNDA:0,updateRecoveryAddress
FNDA:3,updateWhitelistAddresses
FNDA:1,updateDailyLimit
FNDA:0,updateThreshold
FNDA:1,updateDelay
FNDA:1,setTokenLimit
FNDA:3,freezeLock
FNDA:1,recover
FNDA:1,updateSettings
FNDA:0,onERC721Received
FNDA:0,constructor
FNDA:24,_delegate
FNDA:24,
FNDA:0,onlyOwner
FNDA:0,constructor
FNDA:0,createVault
FNDA:0,updateVaultImplementation
FNDA:0,getVaultsByOwner
DA:59,0
DA:60,28
DA:64,28
DA:65,0
DA:69,0
DA:70,3
DA:82,3
DA:83,24
DA:84,24
DA:85,24
DA:86,24
DA:87,24
DA:88,24
DA:89,24
DA:90,24
DA:91,24
DA:93,24
DA:97,24
DA:98,13
DA:100,0
DA:105,13
DA:109,13
DA:110,13
DA:118,1
DA:121,10
DA:122,10
DA:124,9
DA:125,9
DA:128,8
DA:129,8
DA:132,8
DA:141,8
DA:142,7
DA:145,8
DA:146,1
DA:148,4
DA:150,4
DA:152,4
DA:161,4
DA:164,0
DA:166,0
DA:167,0
DA:169,0
DA:171,0
DA:172,0
DA:175,0
DA:184,0
DA:185,0
DA:188,0
DA:189,0
DA:191,0
DA:200,0
DA:201,0
DA:202,4
DA:203,4
DA:205,0
DA:210,0
DA:219,4
DA:220,17
DA:221,17
DA:222,17
DA:223,17
DA:224,17
DA:225,17
DA:226,17
DA:228,17
DA:232,17
DA:236,15
DA:237,15
DA:238,15
DA:239,15
DA:240,15
DA:245,15
DA:249,1
DA:250,1
DA:252,1
DA:256,14
DA:258,15
DA:260,13
DA:261,15
DA:265,13
DA:269,1
DA:270,1
DA:271,1
DA:272,1
DA:273,1
DA:277,1
DA:278,1
DA:282,13
DA:284,13
DA:286,13
DA:289,13
DA:291,13
DA:299,13
DA:300,4
DA:301,4
DA:303,0
DA:305,4
DA:308,4
DA:309,4
DA:310,4
DA:315,4
DA:316,0
DA:317,4
DA:319,4
DA:321,4
DA:322,4
DA:326,4
DA:329,8
DA:330,8
DA:331,8
DA:333,2
DA:335,2
DA:337,1
DA:339,0
DA:344,3
DA:348,3
DA:354,3
DA:358,1
DA:359,1
DA:361,1
DA:362,1
DA:364,1
DA:368,1
DA:372,0
DA:376,0
DA:380,1
DA:384,1
DA:388,1
DA:397,1
DA:401,3
DA:402,3
DA:409,3
DA:416,1
DA:417,3
DA:419,2
DA:432,3
DA:433,1
DA:434,0
DA:435,0
DA:437,0
DA:441,1
DA:443,1
DA:444,1
DA:458,1
DA:463,2
DA:464,1
DA:467,1
DA:468,0
DA:469,1
DA:471,1
DA:472,1
DA:474,1
DA:477,1
DA:478,0
DA:481,1
DA:482,0
DA:485,1
DA:486,0
DA:489,1
DA:490,0
DA:497,0
DA:498,0
DA:499,0
DA:514,0
DA:525,0
DA:529,24
DA:536,24
DA:556,24
DA:562,113
DA:581,0
DA:582,0
DA:586,0
DA:587,0
DA:598,24
DA:600,0
DA:604,0
DA:605,0
DA:606,0
DA:616,0
DA:617,0
DA:618,0
DA:620,0
DA:621,0
DA:626,0
DA:631,0
LF:186
LH:133
BRDA:59,1,0,0
BRDA:59,1,1,0
BRDA:64,2,0,0
BRDA:64,2,1,27
BRDA:69,3,0,0
BRDA:69,3,1,0
BRDA:82,4,0,24
BRDA:82,4,1,-23
BRDA:97,5,0,24
BRDA:97,5,1,0
BRDA:98,6,0,0
BRDA:98,6,1,13
BRDA:100,7,0,0
BRDA:100,7,1,0
BRDA:117,8,0,0
BRDA:117,8,1,0
BRDA:119,9,0,10
BRDA:119,9,1,0
BRDA:121,10,0,0
BRDA:121,10,1,10
BRDA:122,11,0,9
BRDA:122,11,1,1
BRDA:128,12,0,8
BRDA:128,12,1,8
BRDA:136,13,0,0
BRDA:136,13,1,8
BRDA:141,14,0,1
BRDA:141,14,1,8
BRDA:145,15,0,7
BRDA:145,15,1,8
BRDA:162,16,0,0
BRDA:162,16,1,4
BRDA:164,17,0,0
BRDA:164,17,1,0
BRDA:171,18,0,0
BRDA:171,18,1,0
BRDA:179,19,0,0
BRDA:179,19,1,0
BRDA:184,20,0,0
BRDA:184,20,1,0
BRDA:188,21,0,0
BRDA:188,21,1,0
BRDA:189,22,0,0
BRDA:189,22,1,0
BRDA:201,23,0,4
BRDA:201,23,1,0
BRDA:218,24,0,0
BRDA:218,24,1,0
BRDA:219,25,0,0
BRDA:219,25,1,0
BRDA:232,26,0,15
BRDA:232,26,1,2
BRDA:233,27,0,15
BRDA:233,27,1,15
BRDA:236,28,0,15
BRDA:236,28,1,-1
BRDA:238,29,0,15
BRDA:238,29,1,0
BRDA:239,30,0,15
BRDA:239,30,1,0
BRDA:240,31,0,15
BRDA:240,31,1,1
BRDA:245,32,0,1
BRDA:245,32,1,14
BRDA:252,33,0,1
BRDA:252,33,1,15
BRDA:260,34,0,15
BRDA:260,34,1,15
BRDA:265,35,0,1
BRDA:265,35,1,12
BRDA:266,36,0,1
BRDA:266,36,1,1
BRDA:270,37,0,1
BRDA:270,37,1,0
BRDA:271,38,0,1
BRDA:271,38,1,0
BRDA:278,39,0,13
BRDA:278,39,1,0
BRDA:282,40,0,13
BRDA:282,40,1,0
BRDA:289,41,0,13
BRDA:289,41,1,0
BRDA:299,42,0,13
BRDA:299,42,1,0
BRDA:301,43,0,0
BRDA:301,43,1,0
BRDA:303,44,0,0
BRDA:303,44,1,0
BRDA:309,45,0,4
BRDA:309,45,1,4
BRDA:327,46,0,8
BRDA:327,46,1,4
BRDA:330,47,0,8
BRDA:330,47,1,2
BRDA:332,48,0,2
BRDA:332,48,1,2
BRDA:334,49,0,2
BRDA:334,49,1,1
BRDA:336,50,0,1
BRDA:336,50,1,3
BRDA:344,51,0,3
BRDA:344,51,1,0
BRDA:354,52,0,1
BRDA:354,52,1,2
BRDA:368,53,0,0
BRDA:368,53,1,1
BRDA:376,54,0,0
BRDA:376,54,1,0
BRDA:384,55,0,1
BRDA:384,55,1,0
BRDA:397,56,0,3
BRDA:397,56,1,-2
BRDA:401,57,0,3
BRDA:401,57,1,0
BRDA:409,58,0,0
BRDA:409,58,1,3
BRDA:410,59,0,4
BRDA:410,59,1,4
BRDA:410,60,0,4
BRDA:410,60,1,2
BRDA:410,61,0,4
BRDA:410,61,1,0
BRDA:416,62,0,0
BRDA:416,62,1,2
BRDA:417,63,0,2
BRDA:417,63,1,1
BRDA:431,64,0,0
BRDA:431,64,1,0
BRDA:432,65,0,0
BRDA:432,65,1,0
BRDA:433,66,0,0
BRDA:433,66,1,1
BRDA:435,67,0,0
BRDA:435,67,1,0
BRDA:437,68,0,0
BRDA:437,68,1,0
BRDA:441,69,0,1
BRDA:441,69,1,0
BRDA:458,70,0,2
BRDA:458,70,1,-1
BRDA:459,71,0,2
BRDA:459,71,1,2
BRDA:463,72,0,0
BRDA:463,72,1,1
BRDA:467,73,0,1
BRDA:467,73,1,1
BRDA:477,74,0,1
BRDA:477,74,1,1
BRDA:481,75,0,1
BRDA:481,75,1,1
BRDA:485,76,0,1
BRDA:485,76,1,1
BRDA:489,77,0,1
BRDA:489,77,1,0
BRDA:490,78,0,0
BRDA:490,78,1,1
BRDA:498,79,0,0
BRDA:498,79,1,0
BRDA:525,80,0,0
BRDA:525,80,1,0
BRDA:581,81,0,0
BRDA:581,81,1,0
BRDA:598,82,0,0
BRDA:598,82,1,24
BRDA:625,83,0,0
BRDA:625,83,1,0
BRF:166
BRH:87
end_of_record
