TN:
SF:/workspaces/Spot/contracts/mock/ERC20Mock.sol
FN:8,constructor
FNF:1
FNH:1
FNDA:78,constructor
DA:10,78
LF:1
LH:1
BRF:0
BRH:0
end_of_record
TN:
SF:/workspaces/Spot/contracts/mock/ERC721Mock.sol
FN:9,constructor
FN:11,mint
FNF:2
FNH:2
FNDA:78,constructor
FNDA:4,mint
DA:12,4
DA:13,4
LF:2
LH:2
BRF:0
BRH:0
end_of_record
TN:
SF:/workspaces/Spot/contracts/Spot.sol
FN:55,constructor
FN:59,computeHash
FN:67,allowBorrow
FN:99,borrow
FN:123,repay
FN:182,viewLenderAllowances
FN:188,viewFriendAllowances
FN:194,setFee
FN:205,setFeeAddress
FNF:9
FNH:0
FNDA:0,constructor
FNDA:0,computeHash
FNDA:0,allowBorrow
FNDA:0,borrow
FNDA:0,repay
FNDA:0,viewLenderAllowances
FNDA:0,viewFriendAllowances
FNDA:0,setFee
FNDA:0,setFeeAddress
DA:56,0
DA:64,0
DA:72,0
DA:73,0
DA:75,0
DA:76,0
DA:79,0
DA:81,0
DA:82,0
DA:91,0
DA:92,0
DA:94,0
DA:96,0
DA:100,0
DA:101,0
DA:103,0
DA:104,0
DA:107,0
DA:109,0
DA:110,0
DA:112,0
DA:113,0
DA:116,0
DA:117,0
DA:118,0
DA:120,0
DA:124,0
DA:125,0
DA:127,0
DA:128,0
DA:130,0
DA:131,0
DA:134,0
DA:135,0
DA:136,0
DA:137,0
DA:140,0
DA:141,0
DA:143,0
DA:149,0
DA:155,0
DA:160,0
DA:163,0
DA:168,0
DA:173,0
DA:179,0
DA:185,0
DA:191,0
DA:195,0
DA:196,0
DA:199,0
DA:200,0
DA:202,0
DA:206,0
DA:207,0
DA:209,0
DA:210,0
DA:213,0
DA:214,0
DA:216,0
LF:60
LH:0
BRDA:72,1,0,0
BRDA:72,1,1,0
BRDA:75,2,0,0
BRDA:75,2,1,0
BRDA:81,3,0,0
BRDA:81,3,1,0
BRDA:100,4,0,0
BRDA:100,4,1,0
BRDA:103,5,0,0
BRDA:103,5,1,0
BRDA:109,6,0,0
BRDA:109,6,1,0
BRDA:112,7,0,0
BRDA:112,7,1,0
BRDA:124,8,0,0
BRDA:124,8,1,0
BRDA:127,9,0,0
BRDA:127,9,1,0
BRDA:130,10,0,0
BRDA:130,10,1,0
BRDA:135,11,0,0
BRDA:135,11,1,0
BRDA:136,12,0,0
BRDA:136,12,1,0
BRDA:143,13,0,0
BRDA:143,13,1,0
BRDA:195,14,0,0
BRDA:195,14,1,0
BRDA:200,15,0,0
BRDA:200,15,1,0
BRDA:206,16,0,0
BRDA:206,16,1,0
BRDA:209,17,0,0
BRDA:209,17,1,0
BRF:34
BRH:0
end_of_record
TN:
SF:/workspaces/Spot/contracts/Stream.sol
FN:34,safeTransferFrom
FN:52,_callOptionalReturn
FN:110,constructor
FN:114,computeHash
FN:122,allowStream
FN:154,stream
FN:185,batchAllowStream
FN:211,batchStream
FN:227,batchStreamAvailable
FN:334,batchStreamAvailableAllowances
FN:346,cancelStreams
FN:370,getAvailable
FN:391,getStreamDetails
FN:428,getStreamable
FN:453,batchComputeHash
FN:471,viewStreamerAllowances
FN:477,viewRecipientAllowances
FN:483,setFee
FNF:18
FNH:0
FNDA:0,safeTransferFrom
FNDA:0,_callOptionalReturn
FNDA:0,constructor
FNDA:0,computeHash
FNDA:0,allowStream
FNDA:0,stream
FNDA:0,batchAllowStream
FNDA:0,batchStream
FNDA:0,batchStreamAvailable
FNDA:0,batchStreamAvailableAllowances
FNDA:0,cancelStreams
FNDA:0,getAvailable
FNDA:0,getStreamDetails
FNDA:0,getStreamable
FNDA:0,batchComputeHash
FNDA:0,viewStreamerAllowances
FNDA:0,viewRecipientAllowances
FNDA:0,setFee
DA:40,0
DA:57,0
DA:61,0
DA:63,0
DA:111,0
DA:119,0
DA:129,0
DA:130,0
DA:131,0
DA:142,0
DA:143,0
DA:145,0
DA:146,0
DA:147,0
DA:148,0
DA:149,0
DA:151,0
DA:155,0
DA:156,0
DA:157,0
DA:159,0
DA:160,0
DA:161,0
DA:164,0
DA:165,0
DA:168,0
DA:170,0
DA:171,0
DA:174,0
DA:175,0
DA:176,0
DA:178,0
DA:179,0
DA:180,0
DA:182,0
DA:192,0
DA:200,0
DA:201,0
DA:216,0
DA:222,0
DA:223,0
DA:232,0
DA:238,0
DA:239,0
DA:240,0
DA:241,0
DA:243,0
DA:244,0
DA:247,0
DA:248,0
DA:254,0
DA:257,0
DA:258,0
DA:259,0
DA:262,0
DA:263,0
DA:267,0
DA:268,0
DA:274,0
DA:278,0
DA:279,0
DA:280,0
DA:282,0
DA:285,0
DA:286,0
DA:287,0
DA:293,0
DA:297,0
DA:301,0
DA:302,0
DA:308,0
DA:312,0
DA:313,0
DA:316,0
DA:317,0
DA:320,0
DA:327,0
DA:328,0
DA:331,0
DA:335,0
DA:336,0
DA:337,0
DA:338,0
DA:339,0
DA:340,0
DA:341,0
DA:342,0
DA:344,0
DA:351,0
DA:357,0
DA:358,0
DA:362,0
DA:363,0
DA:364,0
DA:365,0
DA:366,0
DA:367,0
DA:375,0
DA:376,0
DA:377,0
DA:379,0
DA:380,0
DA:381,0
DA:384,0
DA:385,0
DA:388,0
DA:404,0
DA:405,0
DA:406,0
DA:407,0
DA:408,0
DA:409,0
DA:411,0
DA:412,0
DA:413,0
DA:420,0
DA:421,0
DA:422,0
DA:423,0
DA:426,0
DA:431,0
DA:432,0
DA:433,0
DA:434,0
DA:435,0
DA:436,0
DA:437,0
DA:438,0
DA:443,0
DA:444,0
DA:448,0
DA:451,0
DA:458,0
DA:463,0
DA:464,0
DA:465,0
DA:466,0
DA:468,0
DA:474,0
DA:480,0
DA:484,0
DA:485,0
DA:486,0
LF:143
LH:0
BRDA:61,1,0,0
BRDA:61,1,1,0
BRDA:63,2,0,0
BRDA:63,2,1,0
BRDA:130,3,0,0
BRDA:130,3,1,0
BRDA:157,4,0,0
BRDA:157,4,1,0
BRDA:164,5,0,0
BRDA:164,5,1,0
BRDA:168,6,0,0
BRDA:168,6,1,0
BRDA:170,7,0,0
BRDA:170,7,1,0
BRDA:178,8,0,0
BRDA:178,8,1,0
BRDA:192,9,0,0
BRDA:192,9,1,0
BRDA:216,10,0,0
BRDA:216,10,1,0
BRDA:232,11,0,0
BRDA:232,11,1,0
BRDA:247,12,0,0
BRDA:247,12,1,0
BRDA:262,13,0,0
BRDA:262,13,1,0
BRDA:267,14,0,0
BRDA:267,14,1,0
BRDA:279,15,0,0
BRDA:279,15,1,0
BRDA:286,16,0,0
BRDA:286,16,1,0
BRDA:301,17,0,0
BRDA:301,17,1,0
BRDA:312,18,0,0
BRDA:312,18,1,0
BRDA:327,19,0,0
BRDA:327,19,1,0
BRDA:351,20,0,0
BRDA:351,20,1,0
BRDA:358,21,0,0
BRDA:358,21,1,0
BRDA:359,22,0,0
BRDA:359,22,1,0
BRDA:364,23,0,0
BRDA:364,23,1,0
BRDA:377,24,0,0
BRDA:377,24,1,0
BRDA:384,25,0,0
BRDA:384,25,1,0
BRDA:437,26,0,0
BRDA:437,26,1,0
BRDA:458,27,0,0
BRDA:458,27,1,0
BRDA:484,28,0,0
BRDA:484,28,1,0
BRDA:485,29,0,0
BRDA:485,29,1,0
BRDA:487,30,0,0
BRDA:487,30,1,0
BRF:60
BRH:0
end_of_record
TN:
SF:/workspaces/Spot/contracts/Vault.sol
FN:58,onlyOwner
FN:63,onlyWhitelisted
FN:68,onlyRecoveryAddress
FN:73,init
FN:96,depositToken
FN:108,depositNFT
FN:117,withdrawToken
FN:156,getLimit
FN:195,queueWithdrawal
FN:218,queueTransaction
FN:231,confirmTransaction
FN:264,cancelTransaction
FN:276,executeTransaction
FN:294,executeWithdrawal
FN:325,getLimitAmount
FN:343,updateRecoveryAddress
FN:351,updateWhitelistAddresses
FN:367,updateDailyLimit
FN:375,updateThreshold
FN:383,updateDelay
FN:391,setTokenLimit
FN:408,freezeLock
FN:431,recover
FN:447,updateSettings
FN:508,onERC721Received
FN:524,constructor
FN:535,_delegate
FN:555,
FN:580,onlyOwner
FN:585,constructor
FN:590,createVault
FN:625,updateVaultImplementation
FN:628,getVaultsByOwner
FNF:33
FNH:5
FNDA:0,onlyOwner
FNDA:0,onlyWhitelisted
FNDA:0,onlyRecoveryAddress
FNDA:0,init
FNDA:0,depositToken
FNDA:0,depositNFT
FNDA:0,withdrawToken
FNDA:0,getLimit
FNDA:0,queueWithdrawal
FNDA:0,queueTransaction
FNDA:0,confirmTransaction
FNDA:0,cancelTransaction
FNDA:0,executeTransaction
FNDA:0,executeWithdrawal
FNDA:0,getLimitAmount
FNDA:0,updateRecoveryAddress
FNDA:0,updateWhitelistAddresses
FNDA:0,updateDailyLimit
FNDA:0,updateThreshold
FNDA:0,updateDelay
FNDA:0,setTokenLimit
FNDA:0,freezeLock
FNDA:0,recover
FNDA:0,updateSettings
FNDA:0,onERC721Received
FNDA:0,constructor
FNDA:5,_delegate
FNDA:5,
FNDA:0,onlyOwner
FNDA:1,constructor
FNDA:1,createVault
FNDA:5,updateVaultImplementation
FNDA:0,getVaultsByOwner
DA:59,0
DA:60,0
DA:64,0
DA:65,0
DA:69,0
DA:70,0
DA:82,0
DA:83,0
DA:84,0
DA:85,0
DA:86,0
DA:87,0
DA:88,0
DA:89,0
DA:90,0
DA:91,0
DA:93,0
DA:97,0
DA:98,0
DA:100,0
DA:105,0
DA:109,0
DA:110,0
DA:118,0
DA:121,0
DA:122,0
DA:124,0
DA:125,0
DA:128,0
DA:129,0
DA:132,0
DA:141,0
DA:142,0
DA:145,0
DA:146,0
DA:148,0
DA:150,0
DA:152,0
DA:161,0
DA:164,0
DA:166,0
DA:167,0
DA:169,0
DA:171,0
DA:172,0
DA:175,0
DA:184,0
DA:185,0
DA:188,0
DA:189,0
DA:191,0
DA:200,0
DA:201,0
DA:202,0
DA:203,0
DA:205,0
DA:210,0
DA:219,0
DA:220,0
DA:221,0
DA:222,0
DA:223,0
DA:224,0
DA:225,0
DA:226,0
DA:228,0
DA:232,0
DA:236,0
DA:237,0
DA:238,0
DA:239,0
DA:240,0
DA:245,0
DA:249,0
DA:250,0
DA:252,0
DA:256,0
DA:258,0
DA:260,0
DA:261,0
DA:265,0
DA:269,0
DA:270,0
DA:271,0
DA:272,0
DA:273,0
DA:277,0
DA:278,0
DA:282,0
DA:284,0
DA:286,0
DA:289,0
DA:291,0
DA:299,0
DA:300,0
DA:301,0
DA:303,0
DA:305,0
DA:308,0
DA:309,0
DA:310,0
DA:315,0
DA:316,0
DA:317,0
DA:319,0
DA:321,0
DA:322,0
DA:326,0
DA:329,0
DA:330,0
DA:331,0
DA:333,0
DA:335,0
DA:337,0
DA:339,0
DA:344,0
DA:348,0
DA:354,0
DA:358,0
DA:359,0
DA:361,0
DA:362,0
DA:364,0
DA:368,0
DA:372,0
DA:376,0
DA:380,0
DA:384,0
DA:388,0
DA:397,0
DA:401,0
DA:402,0
DA:409,0
DA:416,0
DA:417,0
DA:419,0
DA:432,0
DA:433,0
DA:434,0
DA:435,0
DA:437,0
DA:441,0
DA:443,0
DA:444,0
DA:458,0
DA:463,0
DA:464,0
DA:467,0
DA:468,0
DA:469,0
DA:471,0
DA:472,0
DA:474,0
DA:477,0
DA:478,0
DA:481,0
DA:482,0
DA:485,0
DA:486,0
DA:489,0
DA:490,0
DA:497,0
DA:498,0
DA:499,0
DA:514,0
DA:525,0
DA:529,5
DA:536,5
DA:556,5
DA:562,5
DA:581,0
DA:582,1
DA:586,1
DA:587,1
DA:598,78
DA:600,6
DA:604,6
DA:605,5
DA:606,5
DA:616,5
DA:617,5
DA:618,5
DA:620,5
DA:621,5
DA:626,5
DA:631,0
LF:186
LH:18
BRDA:59,1,0,0
BRDA:59,1,1,0
BRDA:64,2,0,0
BRDA:64,2,1,0
BRDA:69,3,0,0
BRDA:69,3,1,0
BRDA:82,4,0,0
BRDA:82,4,1,0
BRDA:97,5,0,0
BRDA:97,5,1,0
BRDA:98,6,0,0
BRDA:98,6,1,0
BRDA:100,7,0,0
BRDA:100,7,1,0
BRDA:117,8,0,0
BRDA:117,8,1,0
BRDA:119,9,0,0
BRDA:119,9,1,0
BRDA:121,10,0,0
BRDA:121,10,1,0
BRDA:122,11,0,0
BRDA:122,11,1,0
BRDA:128,12,0,0
BRDA:128,12,1,0
BRDA:136,13,0,0
BRDA:136,13,1,0
BRDA:141,14,0,0
BRDA:141,14,1,0
BRDA:145,15,0,0
BRDA:145,15,1,0
BRDA:162,16,0,0
BRDA:162,16,1,0
BRDA:164,17,0,0
BRDA:164,17,1,0
BRDA:171,18,0,0
BRDA:171,18,1,0
BRDA:179,19,0,0
BRDA:179,19,1,0
BRDA:184,20,0,0
BRDA:184,20,1,0
BRDA:188,21,0,0
BRDA:188,21,1,0
BRDA:189,22,0,0
BRDA:189,22,1,0
BRDA:201,23,0,0
BRDA:201,23,1,0
BRDA:218,24,0,0
BRDA:218,24,1,0
BRDA:219,25,0,0
BRDA:219,25,1,0
BRDA:232,26,0,0
BRDA:232,26,1,0
BRDA:233,27,0,0
BRDA:233,27,1,0
BRDA:236,28,0,0
BRDA:236,28,1,0
BRDA:238,29,0,0
BRDA:238,29,1,0
BRDA:239,30,0,0
BRDA:239,30,1,0
BRDA:240,31,0,0
BRDA:240,31,1,0
BRDA:245,32,0,0
BRDA:245,32,1,0
BRDA:252,33,0,0
BRDA:252,33,1,0
BRDA:260,34,0,0
BRDA:260,34,1,0
BRDA:265,35,0,0
BRDA:265,35,1,0
BRDA:266,36,0,0
BRDA:266,36,1,0
BRDA:270,37,0,0
BRDA:270,37,1,0
BRDA:271,38,0,0
BRDA:271,38,1,0
BRDA:278,39,0,0
BRDA:278,39,1,0
BRDA:282,40,0,0
BRDA:282,40,1,0
BRDA:289,41,0,0
BRDA:289,41,1,0
BRDA:299,42,0,0
BRDA:299,42,1,0
BRDA:301,43,0,0
BRDA:301,43,1,0
BRDA:303,44,0,0
BRDA:303,44,1,0
BRDA:309,45,0,0
BRDA:309,45,1,0
BRDA:327,46,0,0
BRDA:327,46,1,0
BRDA:330,47,0,0
BRDA:330,47,1,0
BRDA:332,48,0,0
BRDA:332,48,1,0
BRDA:334,49,0,0
BRDA:334,49,1,0
BRDA:336,50,0,0
BRDA:336,50,1,0
BRDA:344,51,0,0
BRDA:344,51,1,0
BRDA:354,52,0,0
BRDA:354,52,1,0
BRDA:368,53,0,0
BRDA:368,53,1,0
BRDA:376,54,0,0
BRDA:376,54,1,0
BRDA:384,55,0,0
BRDA:384,55,1,0
BRDA:397,56,0,0
BRDA:397,56,1,0
BRDA:401,57,0,0
BRDA:401,57,1,0
BRDA:409,58,0,0
BRDA:409,58,1,0
BRDA:410,59,0,0
BRDA:410,59,1,0
BRDA:410,60,0,0
BRDA:410,60,1,0
BRDA:410,61,0,0
BRDA:410,61,1,0
BRDA:416,62,0,0
BRDA:416,62,1,0
BRDA:417,63,0,0
BRDA:417,63,1,0
BRDA:431,64,0,0
BRDA:431,64,1,0
BRDA:432,65,0,0
BRDA:432,65,1,0
BRDA:433,66,0,0
BRDA:433,66,1,0
BRDA:435,67,0,0
BRDA:435,67,1,0
BRDA:437,68,0,0
BRDA:437,68,1,0
BRDA:441,69,0,0
BRDA:441,69,1,0
BRDA:458,70,0,0
BRDA:458,70,1,0
BRDA:459,71,0,0
BRDA:459,71,1,0
BRDA:463,72,0,0
BRDA:463,72,1,0
BRDA:467,73,0,0
BRDA:467,73,1,0
BRDA:477,74,0,0
BRDA:477,74,1,0
BRDA:481,75,0,0
BRDA:481,75,1,0
BRDA:485,76,0,0
BRDA:485,76,1,0
BRDA:489,77,0,0
BRDA:489,77,1,0
BRDA:490,78,0,0
BRDA:490,78,1,0
BRDA:498,79,0,0
BRDA:498,79,1,0
BRDA:525,80,0,0
BRDA:525,80,1,0
BRDA:581,81,0,0
BRDA:581,81,1,0
BRDA:598,82,0,6
BRDA:598,82,1,72
BRDA:625,83,0,0
BRDA:625,83,1,0
BRF:166
BRH:2
end_of_record
TN:
SF:/workspaces/Spot/contracts/Vault2.sol
FN:58,onlyOwner
FN:63,onlyRecoveryAddress
FN:68,init
FN:91,depositToken
FN:103,depositNFT
FN:112,withdrawToken
FN:151,getLimit
FN:190,queueWithdrawal
FN:213,queueTransaction
FN:226,confirmTransaction
FN:259,cancelTransaction
FN:271,executeTransaction
FN:289,executeWithdrawal
FN:320,getLimitAmount
FN:338,updateRecoveryAddress
FN:346,updateWhitelistAddresses
FN:362,updateDailyLimit
FN:370,updateThreshold
FN:378,updateDelay
FN:386,setTokenLimit
FN:403,freezeLock
FN:426,recover
FN:442,updateSettings
FN:503,onERC721Received
FNF:24
FNH:24
FNDA:78,onlyOwner
FNDA:6,onlyRecoveryAddress
FNDA:84,init
FNDA:30,depositToken
FNDA:2,depositNFT
FNDA:20,withdrawToken
FNDA:3,getLimit
FNDA:8,queueWithdrawal
FNDA:56,queueTransaction
FNDA:53,confirmTransaction
FNDA:3,cancelTransaction
FNDA:43,executeTransaction
FNDA:9,executeWithdrawal
FNDA:24,getLimitAmount
FNDA:8,updateRecoveryAddress
FNDA:4,updateWhitelistAddresses
FNDA:4,updateDailyLimit
FNDA:4,updateThreshold
FNDA:5,updateDelay
FNDA:10,setTokenLimit
FNDA:14,freezeLock
FNDA:3,recover
FNDA:6,updateSettings
FNDA:4,onERC721Received
DA:59,78
DA:60,76
DA:64,6
DA:65,3
DA:77,84
DA:78,83
DA:79,83
DA:80,83
DA:81,83
DA:82,83
DA:83,83
DA:84,83
DA:85,83
DA:86,83
DA:88,83
DA:92,30
DA:93,6
DA:95,24
DA:100,27
DA:104,2
DA:105,2
DA:113,20
DA:116,20
DA:117,18
DA:119,17
DA:120,17
DA:123,17
DA:124,16
DA:127,17
DA:136,17
DA:137,15
DA:140,17
DA:141,8
DA:143,9
DA:145,9
DA:147,9
DA:156,3
DA:159,3
DA:161,3
DA:162,3
DA:164,3
DA:166,3
DA:167,2
DA:170,3
DA:179,3
DA:180,2
DA:183,3
DA:184,2
DA:186,1
DA:195,8
DA:196,8
DA:197,1
DA:198,1
DA:200,7
DA:205,7
DA:214,56
DA:215,54
DA:216,54
DA:217,54
DA:218,54
DA:219,54
DA:220,54
DA:221,54
DA:223,54
DA:227,53
DA:231,52
DA:232,52
DA:233,51
DA:234,51
DA:235,49
DA:240,5
DA:244,5
DA:245,5
DA:247,49
DA:251,41
DA:253,49
DA:255,49
DA:256,43
DA:260,3
DA:264,2
DA:265,2
DA:266,2
DA:267,2
DA:268,2
DA:272,43
DA:273,43
DA:277,43
DA:279,43
DA:281,43
DA:284,43
DA:286,43
DA:294,9
DA:295,1
DA:296,1
DA:298,8
DA:300,9
DA:303,9
DA:304,9
DA:305,9
DA:310,9
DA:311,9
DA:312,9
DA:314,9
DA:316,9
DA:317,9
DA:321,24
DA:324,24
DA:325,24
DA:326,6
DA:328,3
DA:330,2
DA:332,1
DA:334,12
DA:339,8
DA:343,7
DA:349,4
DA:353,4
DA:354,4
DA:356,4
DA:357,4
DA:359,4
DA:363,4
DA:367,3
DA:371,4
DA:375,4
DA:379,5
DA:383,5
DA:392,10
DA:396,10
DA:397,10
DA:404,14
DA:411,13
DA:412,10
DA:414,11
DA:427,3
DA:428,1
DA:429,1
DA:430,1
DA:432,2
DA:436,2
DA:438,3
DA:439,3
DA:453,6
DA:458,5
DA:459,3
DA:462,5
DA:463,3
DA:464,3
DA:466,3
DA:467,3
DA:469,3
DA:472,5
DA:473,3
DA:476,5
DA:477,3
DA:480,5
DA:481,3
DA:484,5
DA:485,1
DA:492,1
DA:493,1
DA:494,1
DA:509,4
LF:163
LH:163
BRDA:59,1,0,76
BRDA:59,1,1,2
BRDA:64,2,0,3
BRDA:64,2,1,3
BRDA:77,3,0,83
BRDA:77,3,1,1
BRDA:92,4,0,6
BRDA:92,4,1,24
BRDA:93,5,0,4
BRDA:93,5,1,2
BRDA:95,6,0,23
BRDA:95,6,1,1
BRDA:112,7,0,20
BRDA:112,7,1,2
BRDA:114,8,0,3
BRDA:114,8,1,17
BRDA:116,9,0,18
BRDA:116,9,1,2
BRDA:117,10,0,17
BRDA:117,10,1,1
BRDA:123,11,0,16
BRDA:123,11,1,1
BRDA:131,12,0,16
BRDA:131,12,1,1
BRDA:136,13,0,15
BRDA:136,13,1,2
BRDA:140,14,0,8
BRDA:140,14,1,9
BRDA:157,15,0,0
BRDA:157,15,1,3
BRDA:159,16,0,3
BRDA:159,16,1,0
BRDA:166,17,0,2
BRDA:166,17,1,1
BRDA:174,18,0,2
BRDA:174,18,1,1
BRDA:179,19,0,2
BRDA:179,19,1,1
BRDA:183,20,0,2
BRDA:183,20,1,1
BRDA:184,21,0,1
BRDA:184,21,1,1
BRDA:196,22,0,1
BRDA:196,22,1,7
BRDA:213,23,0,56
BRDA:213,23,1,0
BRDA:214,24,0,54
BRDA:214,24,1,2
BRDA:227,25,0,52
BRDA:227,25,1,1
BRDA:228,26,0,47
BRDA:228,26,1,5
BRDA:231,27,0,52
BRDA:231,27,1,0
BRDA:233,28,0,51
BRDA:233,28,1,0
BRDA:234,29,0,49
BRDA:234,29,1,2
BRDA:235,30,0,5
BRDA:235,30,1,44
BRDA:240,31,0,5
BRDA:240,31,1,0
BRDA:247,32,0,41
BRDA:247,32,1,8
BRDA:255,33,0,43
BRDA:255,33,1,6
BRDA:260,34,0,2
BRDA:260,34,1,1
BRDA:261,35,0,1
BRDA:261,35,1,1
BRDA:265,36,0,2
BRDA:265,36,1,0
BRDA:266,37,0,2
BRDA:266,37,1,0
BRDA:273,38,0,43
BRDA:273,38,1,0
BRDA:277,39,0,43
BRDA:277,39,1,0
BRDA:284,40,0,43
BRDA:284,40,1,0
BRDA:294,41,0,1
BRDA:294,41,1,8
BRDA:296,42,0,1
BRDA:296,42,1,0
BRDA:298,43,0,8
BRDA:298,43,1,0
BRDA:304,44,0,8
BRDA:304,44,1,1
BRDA:322,45,0,2
BRDA:322,45,1,22
BRDA:325,46,0,6
BRDA:325,46,1,18
BRDA:327,47,0,3
BRDA:327,47,1,15
BRDA:329,48,0,2
BRDA:329,48,1,13
BRDA:331,49,0,1
BRDA:331,49,1,12
BRDA:339,50,0,7
BRDA:339,50,1,1
BRDA:349,51,0,4
BRDA:349,51,1,0
BRDA:363,52,0,3
BRDA:363,52,1,1
BRDA:371,53,0,4
BRDA:371,53,1,0
BRDA:379,54,0,5
BRDA:379,54,1,0
BRDA:392,55,0,10
BRDA:392,55,1,0
BRDA:396,56,0,10
BRDA:396,56,1,0
BRDA:404,57,0,13
BRDA:404,57,1,1
BRDA:405,58,0,3
BRDA:405,58,1,7
BRDA:405,59,0,7
BRDA:405,59,1,3
BRDA:405,60,0,3
BRDA:405,60,1,0
BRDA:411,61,0,10
BRDA:411,61,1,3
BRDA:412,62,0,8
BRDA:412,62,1,2
BRDA:426,63,0,3
BRDA:426,63,1,3
BRDA:427,64,0,1
BRDA:427,64,1,2
BRDA:428,65,0,1
BRDA:428,65,1,0
BRDA:430,66,0,1
BRDA:430,66,1,0
BRDA:432,67,0,2
BRDA:432,67,1,0
BRDA:436,68,0,2
BRDA:436,68,1,0
BRDA:453,69,0,5
BRDA:453,69,1,1
BRDA:454,70,0,5
BRDA:454,70,1,0
BRDA:458,71,0,3
BRDA:458,71,1,2
BRDA:462,72,0,3
BRDA:462,72,1,2
BRDA:472,73,0,3
BRDA:472,73,1,2
BRDA:476,74,0,3
BRDA:476,74,1,2
BRDA:480,75,0,3
BRDA:480,75,1,2
BRDA:484,76,0,1
BRDA:484,76,1,4
BRDA:485,77,0,1
BRDA:485,77,1,0
BRDA:493,78,0,1
BRDA:493,78,1,0
BRF:156
BRH:130
end_of_record
